#
# There is insufficient memory for the Java Runtime Environment to continue.
# Native memory allocation (malloc) failed to allocate 33640 bytes for Chunk::new
# Possible reasons:
#   The system is out of physical RAM or swap space
#   The process is running with CompressedOops enabled, and the Java Heap may be blocking the growth of the native heap
# Possible solutions:
#   Reduce memory load on the system
#   Increase physical memory or swap space
#   Check if swap backing store is full
#   Decrease Java heap size (-Xmx/-Xms)
#   Decrease number of Java threads
#   Decrease Java thread stack sizes (-Xss)
#   Set larger code cache with -XX:ReservedCodeCacheSize=
#   JVM is running with Zero Based Compressed Oops mode in which the Java heap is
#     placed in the first 32GB address space. The Java Heap base address is the
#     maximum limit for the native heap growth. Please use -XX:HeapBaseMinAddress
#     to set the Java Heap base and to place the Java Heap above 32GB virtual address.
# This output file may be truncated or incomplete.
#
#  Out of Memory Error (arena.cpp:184), pid=2588, tid=14320
#
# JRE version: Java(TM) SE Runtime Environment (19.0.2+7) (build 19.0.2+7-44)
# Java VM: Java HotSpot(TM) 64-Bit Server VM (19.0.2+7-44, mixed mode, emulated-client, sharing, tiered, compressed oops, compressed class ptrs, g1 gc, windows-amd64)
# No core dump will be written. Minidumps are not enabled by default on client versions of Windows
#

---------------  S U M M A R Y ------------

Command Line: -XX:TieredStopAtLevel=1 -Dspring.output.ansi.enabled=always -Dcom.sun.management.jmxremote -Dspring.jmx.enabled=true -Dspring.liveBeansView.mbeanDomain -Dspring.application.admin.enabled=true -Dmanagement.endpoints.jmx.exposure.include=* -javaagent:C:\Program Files\JetBrains\IntelliJ IDEA 2022.3.2\lib\idea_rt.jar=59316:C:\Program Files\JetBrains\IntelliJ IDEA 2022.3.2\bin -Dfile.encoding=UTF-8 -Dsun.stdout.encoding=UTF-8 -Dsun.stderr.encoding=UTF-8 com.proyecto.pcstore.pcstore.PcstoreApplication

Host: Intel(R) Core(TM) i5-9400F CPU @ 2.90GHz, 6 cores, 15G,  Windows 10 , 64 bit Build 19041 (10.0.19041.2788)
Time: Wed May  3 11:58:39 2023 Hora de verano romance elapsed time: 1.190031 seconds (0d 0h 0m 1s)

---------------  T H R E A D  ---------------

Current thread (0x00000241feaeac80):  JavaThread "C1 CompilerThread2" daemon [_thread_in_native, id=14320, stack(0x0000008ca4600000,0x0000008ca4700000)]


Current CompileTask:
C1:   1190 2739       1       org.springframework.asm.ClassReader::accept (1401 bytes)

Stack: [0x0000008ca4600000,0x0000008ca4700000]
Native frames: (J=compiled Java code, j=interpreted, Vv=VM code, C=native code)
V  [jvm.dll+0x6ee21a]
V  [jvm.dll+0x85765e]
V  [jvm.dll+0x85904e]
V  [jvm.dll+0x859703]
V  [jvm.dll+0x28298f]
V  [jvm.dll+0xc9adf]
V  [jvm.dll+0xc9e65]
V  [jvm.dll+0x164c81]
V  [jvm.dll+0x1650d5]
V  [jvm.dll+0x174ff6]
V  [jvm.dll+0x160bb0]
V  [jvm.dll+0x160f23]
V  [jvm.dll+0x161208]
V  [jvm.dll+0x160666]
V  [jvm.dll+0x16235d]
V  [jvm.dll+0x25b25a]
V  [jvm.dll+0x2596e8]
V  [jvm.dll+0x807588]
V  [jvm.dll+0x80125a]
V  [jvm.dll+0x6ecf0b]
C  [ucrtbase.dll+0x21bb2]
C  [KERNEL32.DLL+0x17604]
C  [ntdll.dll+0x526a1]


---------------  P R O C E S S  ---------------

Threads class SMR info:
_java_thread_list=0x0000024186217b70, length=15, elements={
0x00000241e99bab80, 0x00000241fe8cb780, 0x00000241fe8cc710, 0x00000241fe8cde20,
0x00000241fe8d0f20, 0x00000241fe8d2a00, 0x00000241fe8d3470, 0x00000241fe8d45b0,
0x00000241fe8d9a50, 0x00000241fe89f690, 0x00000241feaea700, 0x00000241feaeac80,
0x00000241fee72fb0, 0x00000241fee734f0, 0x00000241ff029700
}

Java Threads: ( => current thread )
  0x00000241e99bab80 JavaThread "main" [_thread_in_native, id=13912, stack(0x0000008ca3500000,0x0000008ca3600000)]
  0x00000241fe8cb780 JavaThread "Reference Handler" daemon [_thread_blocked, id=16560, stack(0x0000008ca3c00000,0x0000008ca3d00000)]
  0x00000241fe8cc710 JavaThread "Finalizer" daemon [_thread_blocked, id=11180, stack(0x0000008ca3d00000,0x0000008ca3e00000)]
  0x00000241fe8cde20 JavaThread "Signal Dispatcher" daemon [_thread_blocked, id=18108, stack(0x0000008ca3e00000,0x0000008ca3f00000)]
  0x00000241fe8d0f20 JavaThread "Attach Listener" daemon [_thread_blocked, id=8376, stack(0x0000008ca3f00000,0x0000008ca4000000)]
  0x00000241fe8d2a00 JavaThread "Service Thread" daemon [_thread_blocked, id=4992, stack(0x0000008ca4000000,0x0000008ca4100000)]
  0x00000241fe8d3470 JavaThread "Monitor Deflation Thread" daemon [_thread_blocked, id=13812, stack(0x0000008ca4100000,0x0000008ca4200000)]
  0x00000241fe8d45b0 JavaThread "C1 CompilerThread0" daemon [_thread_blocked, id=15692, stack(0x0000008ca4200000,0x0000008ca4300000)]
  0x00000241fe8d9a50 JavaThread "Sweeper thread" daemon [_thread_blocked, id=6992, stack(0x0000008ca4300000,0x0000008ca4400000)]
  0x00000241fe89f690 JavaThread "Common-Cleaner" daemon [_thread_blocked, id=7220, stack(0x0000008ca4400000,0x0000008ca4500000)]
  0x00000241feaea700 JavaThread "C1 CompilerThread1" daemon [_thread_blocked, id=1216, stack(0x0000008ca4500000,0x0000008ca4600000)]
=>0x00000241feaeac80 JavaThread "C1 CompilerThread2" daemon [_thread_in_native, id=14320, stack(0x0000008ca4600000,0x0000008ca4700000)]
  0x00000241fee72fb0 JavaThread "Monitor Ctrl-Break" daemon [_thread_in_native, id=2728, stack(0x0000008ca4700000,0x0000008ca4800000)]
  0x00000241fee734f0 JavaThread "Notification Thread" daemon [_thread_blocked, id=4728, stack(0x0000008ca4800000,0x0000008ca4900000)]
  0x00000241ff029700 JavaThread "RMI TCP Accept-0" daemon [_thread_in_native, id=13752, stack(0x0000008ca4900000,0x0000008ca4a00000)]

Other Threads:
  0x00000241fe8ad820 VMThread "VM Thread" [stack: 0x0000008ca3b00000,0x0000008ca3c00000] [id=892]
  0x00000241e99bbcc0 WatcherThread "VM Periodic Task Thread" [stack: 0x0000008ca4a00000,0x0000008ca4b00000] [id=4588]
  0x00000241e9a2b010 WorkerThread "GC Thread#0" [stack: 0x0000008ca3600000,0x0000008ca3700000] [id=4448]
  0x00000241ff3d3bb0 WorkerThread "GC Thread#1" [stack: 0x0000008ca4b00000,0x0000008ca4c00000] [id=10728]
  0x00000241ff3ad340 WorkerThread "GC Thread#2" [stack: 0x0000008ca4c00000,0x0000008ca4d00000] [id=15120]
  0x00000241ff3aa290 WorkerThread "GC Thread#3" [stack: 0x0000008ca4d00000,0x0000008ca4e00000] [id=4224]
  0x00000241ff3aa560 WorkerThread "GC Thread#4" [stack: 0x0000008ca4e00000,0x0000008ca4f00000] [id=13340]
  0x00000241ff3aa830 WorkerThread "GC Thread#5" [stack: 0x0000008ca4f00000,0x0000008ca5000000] [id=6928]
  0x00000241e9a3bf60 ConcurrentGCThread "G1 Main Marker" [stack: 0x0000008ca3700000,0x0000008ca3800000] [id=272]
  0x00000241e9a3d040 WorkerThread "G1 Conc#0" [stack: 0x0000008ca3800000,0x0000008ca3900000] [id=9348]
  0x00000241fe769110 ConcurrentGCThread "G1 Refine#0" [stack: 0x0000008ca3900000,0x0000008ca3a00000] [id=12028]
  0x00000241fe769900 ConcurrentGCThread "G1 Service" [stack: 0x0000008ca3a00000,0x0000008ca3b00000] [id=18008]

Threads with active compile tasks:
C1 CompilerThread1     1215 2784       1       java.lang.invoke.MethodHandle::asFixedArity (23 bytes)
C1 CompilerThread2     1215 2739       1       org.springframework.asm.ClassReader::accept (1401 bytes)

VM state: not at safepoint (normal execution)

VM Mutex/Monitor currently owned by a thread: None

Heap address: 0x0000000700c00000, size: 4084 MB, Compressed Oops mode: Zero based, Oop shift amount: 3

CDS archive(s) mapped at: [0x0000000800000000-0x0000000800c40000-0x0000000800c40000), size 12845056, SharedBaseAddress: 0x0000000800000000, ArchiveRelocationMode: 0.
Compressed class space mapped at: 0x0000000801000000-0x0000000841000000, reserved size: 1073741824
Narrow klass base: 0x0000000800000000, Narrow klass shift: 0, Narrow klass range: 0x100000000

GC Precious Log:
 CardTable entry size: 512
 Card Set container configuration: InlinePtr #cards 4 size 8 Array Of Cards #cards 16 size 48 Howl #buckets 8 coarsen threshold 3686 Howl Bitmap #cards 512 size 80 coarsen threshold 460 Card regions per heap region 1 cards per card region 4096
 CPUs: 6 total, 6 available
 Memory: 16328M
 Large Page Support: Disabled
 NUMA Support: Disabled
 Compressed Oops: Enabled (Zero based)
 Heap Region Size: 2M
 Heap Min Capacity: 8M
 Heap Initial Capacity: 256M
 Heap Max Capacity: 4084M
 Pre-touch: Disabled
 Parallel Workers: 6
 Concurrent Workers: 2
 Concurrent Refinement Workers: 6
 Periodic GC: Disabled

Heap:
 garbage-first heap   total 262144K, used 47823K [0x0000000700c00000, 0x0000000800000000)
  region size 2048K, 22 young (45056K), 1 survivors (2048K)
 Metaspace       used 19057K, committed 19328K, reserved 1114112K
  class space    used 2427K, committed 2560K, reserved 1048576K

Heap Regions: E=young(eden), S=young(survivor), O=old, HS=humongous(starts), HC=humongous(continues), CS=collection set, F=free, OA=open archive, CA=closed archive, TAMS=top-at-mark-start (previous, next)
|   0|0x0000000700c00000, 0x0000000700e00000, 0x0000000700e00000|100%| O|  |TAMS 0x0000000700c00000, 0x0000000700c00000| Untracked 
|   1|0x0000000700e00000, 0x0000000701000000, 0x0000000701000000|100%| O|  |TAMS 0x0000000700e00000, 0x0000000700e00000| Untracked 
|   2|0x0000000701000000, 0x0000000701200000, 0x0000000701200000|100%| O|  |TAMS 0x0000000701000000, 0x0000000701000000| Untracked 
|   3|0x0000000701200000, 0x0000000701301c00, 0x0000000701400000| 50%| O|  |TAMS 0x0000000701200000, 0x0000000701200000| Untracked 
|   4|0x0000000701400000, 0x0000000701400000, 0x0000000701600000|  0%| F|  |TAMS 0x0000000701400000, 0x0000000701400000| Untracked 
|   5|0x0000000701600000, 0x0000000701600000, 0x0000000701800000|  0%| F|  |TAMS 0x0000000701600000, 0x0000000701600000| Untracked 
|   6|0x0000000701800000, 0x0000000701800000, 0x0000000701a00000|  0%| F|  |TAMS 0x0000000701800000, 0x0000000701800000| Untracked 
|   7|0x0000000701a00000, 0x0000000701a00000, 0x0000000701c00000|  0%| F|  |TAMS 0x0000000701a00000, 0x0000000701a00000| Untracked 
|   8|0x0000000701c00000, 0x0000000701c00000, 0x0000000701e00000|  0%| F|  |TAMS 0x0000000701c00000, 0x0000000701c00000| Untracked 
|   9|0x0000000701e00000, 0x0000000701e00000, 0x0000000702000000|  0%| F|  |TAMS 0x0000000701e00000, 0x0000000701e00000| Untracked 
|  10|0x0000000702000000, 0x0000000702000000, 0x0000000702200000|  0%| F|  |TAMS 0x0000000702000000, 0x0000000702000000| Untracked 
|  11|0x0000000702200000, 0x0000000702200000, 0x0000000702400000|  0%| F|  |TAMS 0x0000000702200000, 0x0000000702200000| Untracked 
|  12|0x0000000702400000, 0x0000000702400000, 0x0000000702600000|  0%| F|  |TAMS 0x0000000702400000, 0x0000000702400000| Untracked 
|  13|0x0000000702600000, 0x0000000702600000, 0x0000000702800000|  0%| F|  |TAMS 0x0000000702600000, 0x0000000702600000| Untracked 
|  14|0x0000000702800000, 0x0000000702800000, 0x0000000702a00000|  0%| F|  |TAMS 0x0000000702800000, 0x0000000702800000| Untracked 
|  15|0x0000000702a00000, 0x0000000702a00000, 0x0000000702c00000|  0%| F|  |TAMS 0x0000000702a00000, 0x0000000702a00000| Untracked 
|  16|0x0000000702c00000, 0x0000000702c00000, 0x0000000702e00000|  0%| F|  |TAMS 0x0000000702c00000, 0x0000000702c00000| Untracked 
|  17|0x0000000702e00000, 0x0000000702e00000, 0x0000000703000000|  0%| F|  |TAMS 0x0000000702e00000, 0x0000000702e00000| Untracked 
|  18|0x0000000703000000, 0x0000000703000000, 0x0000000703200000|  0%| F|  |TAMS 0x0000000703000000, 0x0000000703000000| Untracked 
|  19|0x0000000703200000, 0x0000000703200000, 0x0000000703400000|  0%| F|  |TAMS 0x0000000703200000, 0x0000000703200000| Untracked 
|  20|0x0000000703400000, 0x0000000703400000, 0x0000000703600000|  0%| F|  |TAMS 0x0000000703400000, 0x0000000703400000| Untracked 
|  21|0x0000000703600000, 0x0000000703600000, 0x0000000703800000|  0%| F|  |TAMS 0x0000000703600000, 0x0000000703600000| Untracked 
|  22|0x0000000703800000, 0x0000000703800000, 0x0000000703a00000|  0%| F|  |TAMS 0x0000000703800000, 0x0000000703800000| Untracked 
|  23|0x0000000703a00000, 0x0000000703a00000, 0x0000000703c00000|  0%| F|  |TAMS 0x0000000703a00000, 0x0000000703a00000| Untracked 
|  24|0x0000000703c00000, 0x0000000703c00000, 0x0000000703e00000|  0%| F|  |TAMS 0x0000000703c00000, 0x0000000703c00000| Untracked 
|  25|0x0000000703e00000, 0x0000000703e00000, 0x0000000704000000|  0%| F|  |TAMS 0x0000000703e00000, 0x0000000703e00000| Untracked 
|  26|0x0000000704000000, 0x0000000704000000, 0x0000000704200000|  0%| F|  |TAMS 0x0000000704000000, 0x0000000704000000| Untracked 
|  27|0x0000000704200000, 0x0000000704200000, 0x0000000704400000|  0%| F|  |TAMS 0x0000000704200000, 0x0000000704200000| Untracked 
|  28|0x0000000704400000, 0x0000000704400000, 0x0000000704600000|  0%| F|  |TAMS 0x0000000704400000, 0x0000000704400000| Untracked 
|  29|0x0000000704600000, 0x0000000704600000, 0x0000000704800000|  0%| F|  |TAMS 0x0000000704600000, 0x0000000704600000| Untracked 
|  30|0x0000000704800000, 0x0000000704800000, 0x0000000704a00000|  0%| F|  |TAMS 0x0000000704800000, 0x0000000704800000| Untracked 
|  31|0x0000000704a00000, 0x0000000704a00000, 0x0000000704c00000|  0%| F|  |TAMS 0x0000000704a00000, 0x0000000704a00000| Untracked 
|  32|0x0000000704c00000, 0x0000000704c00000, 0x0000000704e00000|  0%| F|  |TAMS 0x0000000704c00000, 0x0000000704c00000| Untracked 
|  33|0x0000000704e00000, 0x0000000704e00000, 0x0000000705000000|  0%| F|  |TAMS 0x0000000704e00000, 0x0000000704e00000| Untracked 
|  34|0x0000000705000000, 0x0000000705000000, 0x0000000705200000|  0%| F|  |TAMS 0x0000000705000000, 0x0000000705000000| Untracked 
|  35|0x0000000705200000, 0x0000000705200000, 0x0000000705400000|  0%| F|  |TAMS 0x0000000705200000, 0x0000000705200000| Untracked 
|  36|0x0000000705400000, 0x0000000705400000, 0x0000000705600000|  0%| F|  |TAMS 0x0000000705400000, 0x0000000705400000| Untracked 
|  37|0x0000000705600000, 0x0000000705600000, 0x0000000705800000|  0%| F|  |TAMS 0x0000000705600000, 0x0000000705600000| Untracked 
|  38|0x0000000705800000, 0x0000000705800000, 0x0000000705a00000|  0%| F|  |TAMS 0x0000000705800000, 0x0000000705800000| Untracked 
|  39|0x0000000705a00000, 0x0000000705a00000, 0x0000000705c00000|  0%| F|  |TAMS 0x0000000705a00000, 0x0000000705a00000| Untracked 
|  40|0x0000000705c00000, 0x0000000705c00000, 0x0000000705e00000|  0%| F|  |TAMS 0x0000000705c00000, 0x0000000705c00000| Untracked 
|  41|0x0000000705e00000, 0x0000000705e00000, 0x0000000706000000|  0%| F|  |TAMS 0x0000000705e00000, 0x0000000705e00000| Untracked 
|  42|0x0000000706000000, 0x0000000706000000, 0x0000000706200000|  0%| F|  |TAMS 0x0000000706000000, 0x0000000706000000| Untracked 
|  43|0x0000000706200000, 0x0000000706200000, 0x0000000706400000|  0%| F|  |TAMS 0x0000000706200000, 0x0000000706200000| Untracked 
|  44|0x0000000706400000, 0x0000000706400000, 0x0000000706600000|  0%| F|  |TAMS 0x0000000706400000, 0x0000000706400000| Untracked 
|  45|0x0000000706600000, 0x0000000706600000, 0x0000000706800000|  0%| F|  |TAMS 0x0000000706600000, 0x0000000706600000| Untracked 
|  46|0x0000000706800000, 0x0000000706800000, 0x0000000706a00000|  0%| F|  |TAMS 0x0000000706800000, 0x0000000706800000| Untracked 
|  47|0x0000000706a00000, 0x0000000706a00000, 0x0000000706c00000|  0%| F|  |TAMS 0x0000000706a00000, 0x0000000706a00000| Untracked 
|  48|0x0000000706c00000, 0x0000000706c00000, 0x0000000706e00000|  0%| F|  |TAMS 0x0000000706c00000, 0x0000000706c00000| Untracked 
|  49|0x0000000706e00000, 0x0000000706e00000, 0x0000000707000000|  0%| F|  |TAMS 0x0000000706e00000, 0x0000000706e00000| Untracked 
|  50|0x0000000707000000, 0x0000000707000000, 0x0000000707200000|  0%| F|  |TAMS 0x0000000707000000, 0x0000000707000000| Untracked 
|  51|0x0000000707200000, 0x0000000707200000, 0x0000000707400000|  0%| F|  |TAMS 0x0000000707200000, 0x0000000707200000| Untracked 
|  52|0x0000000707400000, 0x0000000707400000, 0x0000000707600000|  0%| F|  |TAMS 0x0000000707400000, 0x0000000707400000| Untracked 
|  53|0x0000000707600000, 0x0000000707600000, 0x0000000707800000|  0%| F|  |TAMS 0x0000000707600000, 0x0000000707600000| Untracked 
|  54|0x0000000707800000, 0x0000000707800000, 0x0000000707a00000|  0%| F|  |TAMS 0x0000000707800000, 0x0000000707800000| Untracked 
|  55|0x0000000707a00000, 0x0000000707a00000, 0x0000000707c00000|  0%| F|  |TAMS 0x0000000707a00000, 0x0000000707a00000| Untracked 
|  56|0x0000000707c00000, 0x0000000707c00000, 0x0000000707e00000|  0%| F|  |TAMS 0x0000000707c00000, 0x0000000707c00000| Untracked 
|  57|0x0000000707e00000, 0x0000000707e00000, 0x0000000708000000|  0%| F|  |TAMS 0x0000000707e00000, 0x0000000707e00000| Untracked 
|  58|0x0000000708000000, 0x0000000708000000, 0x0000000708200000|  0%| F|  |TAMS 0x0000000708000000, 0x0000000708000000| Untracked 
|  59|0x0000000708200000, 0x0000000708200000, 0x0000000708400000|  0%| F|  |TAMS 0x0000000708200000, 0x0000000708200000| Untracked 
|  60|0x0000000708400000, 0x0000000708400000, 0x0000000708600000|  0%| F|  |TAMS 0x0000000708400000, 0x0000000708400000| Untracked 
|  61|0x0000000708600000, 0x0000000708600000, 0x0000000708800000|  0%| F|  |TAMS 0x0000000708600000, 0x0000000708600000| Untracked 
|  62|0x0000000708800000, 0x0000000708800000, 0x0000000708a00000|  0%| F|  |TAMS 0x0000000708800000, 0x0000000708800000| Untracked 
|  63|0x0000000708a00000, 0x0000000708a00000, 0x0000000708c00000|  0%| F|  |TAMS 0x0000000708a00000, 0x0000000708a00000| Untracked 
|  64|0x0000000708c00000, 0x0000000708c00000, 0x0000000708e00000|  0%| F|  |TAMS 0x0000000708c00000, 0x0000000708c00000| Untracked 
|  65|0x0000000708e00000, 0x0000000708e00000, 0x0000000709000000|  0%| F|  |TAMS 0x0000000708e00000, 0x0000000708e00000| Untracked 
|  66|0x0000000709000000, 0x0000000709000000, 0x0000000709200000|  0%| F|  |TAMS 0x0000000709000000, 0x0000000709000000| Untracked 
|  67|0x0000000709200000, 0x0000000709200000, 0x0000000709400000|  0%| F|  |TAMS 0x0000000709200000, 0x0000000709200000| Untracked 
|  68|0x0000000709400000, 0x0000000709400000, 0x0000000709600000|  0%| F|  |TAMS 0x0000000709400000, 0x0000000709400000| Untracked 
|  69|0x0000000709600000, 0x0000000709600000, 0x0000000709800000|  0%| F|  |TAMS 0x0000000709600000, 0x0000000709600000| Untracked 
|  70|0x0000000709800000, 0x0000000709800000, 0x0000000709a00000|  0%| F|  |TAMS 0x0000000709800000, 0x0000000709800000| Untracked 
|  71|0x0000000709a00000, 0x0000000709a00000, 0x0000000709c00000|  0%| F|  |TAMS 0x0000000709a00000, 0x0000000709a00000| Untracked 
|  72|0x0000000709c00000, 0x0000000709c00000, 0x0000000709e00000|  0%| F|  |TAMS 0x0000000709c00000, 0x0000000709c00000| Untracked 
|  73|0x0000000709e00000, 0x0000000709e00000, 0x000000070a000000|  0%| F|  |TAMS 0x0000000709e00000, 0x0000000709e00000| Untracked 
|  74|0x000000070a000000, 0x000000070a000000, 0x000000070a200000|  0%| F|  |TAMS 0x000000070a000000, 0x000000070a000000| Untracked 
|  75|0x000000070a200000, 0x000000070a200000, 0x000000070a400000|  0%| F|  |TAMS 0x000000070a200000, 0x000000070a200000| Untracked 
|  76|0x000000070a400000, 0x000000070a400000, 0x000000070a600000|  0%| F|  |TAMS 0x000000070a400000, 0x000000070a400000| Untracked 
|  77|0x000000070a600000, 0x000000070a600000, 0x000000070a800000|  0%| F|  |TAMS 0x000000070a600000, 0x000000070a600000| Untracked 
|  78|0x000000070a800000, 0x000000070a800000, 0x000000070aa00000|  0%| F|  |TAMS 0x000000070a800000, 0x000000070a800000| Untracked 
|  79|0x000000070aa00000, 0x000000070aa00000, 0x000000070ac00000|  0%| F|  |TAMS 0x000000070aa00000, 0x000000070aa00000| Untracked 
|  80|0x000000070ac00000, 0x000000070ac00000, 0x000000070ae00000|  0%| F|  |TAMS 0x000000070ac00000, 0x000000070ac00000| Untracked 
|  81|0x000000070ae00000, 0x000000070ae00000, 0x000000070b000000|  0%| F|  |TAMS 0x000000070ae00000, 0x000000070ae00000| Untracked 
|  82|0x000000070b000000, 0x000000070b000000, 0x000000070b200000|  0%| F|  |TAMS 0x000000070b000000, 0x000000070b000000| Untracked 
|  83|0x000000070b200000, 0x000000070b200000, 0x000000070b400000|  0%| F|  |TAMS 0x000000070b200000, 0x000000070b200000| Untracked 
|  84|0x000000070b400000, 0x000000070b400000, 0x000000070b600000|  0%| F|  |TAMS 0x000000070b400000, 0x000000070b400000| Untracked 
|  85|0x000000070b600000, 0x000000070b600000, 0x000000070b800000|  0%| F|  |TAMS 0x000000070b600000, 0x000000070b600000| Untracked 
|  86|0x000000070b800000, 0x000000070b800000, 0x000000070ba00000|  0%| F|  |TAMS 0x000000070b800000, 0x000000070b800000| Untracked 
|  87|0x000000070ba00000, 0x000000070ba00000, 0x000000070bc00000|  0%| F|  |TAMS 0x000000070ba00000, 0x000000070ba00000| Untracked 
|  88|0x000000070bc00000, 0x000000070bc00000, 0x000000070be00000|  0%| F|  |TAMS 0x000000070bc00000, 0x000000070bc00000| Untracked 
|  89|0x000000070be00000, 0x000000070be00000, 0x000000070c000000|  0%| F|  |TAMS 0x000000070be00000, 0x000000070be00000| Untracked 
|  90|0x000000070c000000, 0x000000070c000000, 0x000000070c200000|  0%| F|  |TAMS 0x000000070c000000, 0x000000070c000000| Untracked 
|  91|0x000000070c200000, 0x000000070c200000, 0x000000070c400000|  0%| F|  |TAMS 0x000000070c200000, 0x000000070c200000| Untracked 
|  92|0x000000070c400000, 0x000000070c400000, 0x000000070c600000|  0%| F|  |TAMS 0x000000070c400000, 0x000000070c400000| Untracked 
|  93|0x000000070c600000, 0x000000070c600000, 0x000000070c800000|  0%| F|  |TAMS 0x000000070c600000, 0x000000070c600000| Untracked 
|  94|0x000000070c800000, 0x000000070c800000, 0x000000070ca00000|  0%| F|  |TAMS 0x000000070c800000, 0x000000070c800000| Untracked 
|  95|0x000000070ca00000, 0x000000070ca00000, 0x000000070cc00000|  0%| F|  |TAMS 0x000000070ca00000, 0x000000070ca00000| Untracked 
|  96|0x000000070cc00000, 0x000000070cc00000, 0x000000070ce00000|  0%| F|  |TAMS 0x000000070cc00000, 0x000000070cc00000| Untracked 
|  97|0x000000070ce00000, 0x000000070ce00000, 0x000000070d000000|  0%| F|  |TAMS 0x000000070ce00000, 0x000000070ce00000| Untracked 
|  98|0x000000070d000000, 0x000000070d000000, 0x000000070d200000|  0%| F|  |TAMS 0x000000070d000000, 0x000000070d000000| Untracked 
|  99|0x000000070d200000, 0x000000070d200000, 0x000000070d400000|  0%| F|  |TAMS 0x000000070d200000, 0x000000070d200000| Untracked 
| 100|0x000000070d400000, 0x000000070d400000, 0x000000070d600000|  0%| F|  |TAMS 0x000000070d400000, 0x000000070d400000| Untracked 
| 101|0x000000070d600000, 0x000000070d600000, 0x000000070d800000|  0%| F|  |TAMS 0x000000070d600000, 0x000000070d600000| Untracked 
| 102|0x000000070d800000, 0x000000070d800000, 0x000000070da00000|  0%| F|  |TAMS 0x000000070d800000, 0x000000070d800000| Untracked 
| 103|0x000000070da00000, 0x000000070da00000, 0x000000070dc00000|  0%| F|  |TAMS 0x000000070da00000, 0x000000070da00000| Untracked 
| 104|0x000000070dc00000, 0x000000070dc00000, 0x000000070de00000|  0%| F|  |TAMS 0x000000070dc00000, 0x000000070dc00000| Untracked 
| 105|0x000000070de00000, 0x000000070de00000, 0x000000070e000000|  0%| F|  |TAMS 0x000000070de00000, 0x000000070de00000| Untracked 
| 106|0x000000070e000000, 0x000000070e132b88, 0x000000070e200000| 59%| E|  |TAMS 0x000000070e000000, 0x000000070e000000| Complete 
| 107|0x000000070e200000, 0x000000070e400000, 0x000000070e400000|100%| E|CS|TAMS 0x000000070e200000, 0x000000070e200000| Complete 
| 108|0x000000070e400000, 0x000000070e600000, 0x000000070e600000|100%| E|  |TAMS 0x000000070e400000, 0x000000070e400000| Complete 
| 109|0x000000070e600000, 0x000000070e800000, 0x000000070e800000|100%| E|CS|TAMS 0x000000070e600000, 0x000000070e600000| Complete 
| 110|0x000000070e800000, 0x000000070ea00000, 0x000000070ea00000|100%| E|CS|TAMS 0x000000070e800000, 0x000000070e800000| Complete 
| 111|0x000000070ea00000, 0x000000070ec00000, 0x000000070ec00000|100%| E|CS|TAMS 0x000000070ea00000, 0x000000070ea00000| Complete 
| 112|0x000000070ec00000, 0x000000070ee00000, 0x000000070ee00000|100%| E|CS|TAMS 0x000000070ec00000, 0x000000070ec00000| Complete 
| 113|0x000000070ee00000, 0x000000070f000000, 0x000000070f000000|100%| E|CS|TAMS 0x000000070ee00000, 0x000000070ee00000| Complete 
| 114|0x000000070f000000, 0x000000070f200000, 0x000000070f200000|100%| E|CS|TAMS 0x000000070f000000, 0x000000070f000000| Complete 
| 115|0x000000070f200000, 0x000000070f3b2028, 0x000000070f400000| 84%| S|CS|TAMS 0x000000070f200000, 0x000000070f200000| Complete 
| 116|0x000000070f400000, 0x000000070f600000, 0x000000070f600000|100%| E|CS|TAMS 0x000000070f400000, 0x000000070f400000| Complete 
| 117|0x000000070f600000, 0x000000070f800000, 0x000000070f800000|100%| E|CS|TAMS 0x000000070f600000, 0x000000070f600000| Complete 
| 118|0x000000070f800000, 0x000000070fa00000, 0x000000070fa00000|100%| E|CS|TAMS 0x000000070f800000, 0x000000070f800000| Complete 
| 119|0x000000070fa00000, 0x000000070fc00000, 0x000000070fc00000|100%| E|CS|TAMS 0x000000070fa00000, 0x000000070fa00000| Complete 
| 120|0x000000070fc00000, 0x000000070fe00000, 0x000000070fe00000|100%| E|CS|TAMS 0x000000070fc00000, 0x000000070fc00000| Complete 
| 121|0x000000070fe00000, 0x0000000710000000, 0x0000000710000000|100%| E|CS|TAMS 0x000000070fe00000, 0x000000070fe00000| Complete 
| 122|0x0000000710000000, 0x0000000710200000, 0x0000000710200000|100%| E|CS|TAMS 0x0000000710000000, 0x0000000710000000| Complete 
| 123|0x0000000710200000, 0x0000000710400000, 0x0000000710400000|100%| E|CS|TAMS 0x0000000710200000, 0x0000000710200000| Complete 
| 124|0x0000000710400000, 0x0000000710600000, 0x0000000710600000|100%| E|CS|TAMS 0x0000000710400000, 0x0000000710400000| Complete 
| 125|0x0000000710600000, 0x0000000710800000, 0x0000000710800000|100%| E|CS|TAMS 0x0000000710600000, 0x0000000710600000| Complete 
| 126|0x0000000710800000, 0x0000000710a00000, 0x0000000710a00000|100%| E|CS|TAMS 0x0000000710800000, 0x0000000710800000| Complete 
| 127|0x0000000710a00000, 0x0000000710c00000, 0x0000000710c00000|100%| E|CS|TAMS 0x0000000710a00000, 0x0000000710a00000| Complete 

Card table byte_map: [0x00000241f5120000,0x00000241f5920000] _byte_map_base: 0x00000241f191a000

Marking Bits (Prev, Next): (CMBitMap*) 0x00000241e9a2b550, (CMBitMap*) 0x00000241e9a2b590
 Prev Bits: [0x00000241f6120000, 0x00000241fa0f0000)
 Next Bits: [0x00000241fa0f0000, 0x00000241fe0c0000)

Polling page: 0x00000241e79b0000

Metaspace:

Usage:
  Non-class:     16.25 MB used.
      Class:      2.37 MB used.
       Both:     18.62 MB used.

Virtual space:
  Non-class space:       64.00 MB reserved,      16.38 MB ( 26%) committed,  1 nodes.
      Class space:        1.00 GB reserved,       2.50 MB ( <1%) committed,  1 nodes.
             Both:        1.06 GB reserved,      18.88 MB (  2%) committed. 

Chunk freelists:
   Non-Class:  3.12 MB
       Class:  1.34 MB
        Both:  4.47 MB

MaxMetaspaceSize: unlimited
CompressedClassSpaceSize: 1.00 GB
Initial GC threshold: 21.00 MB
Current GC threshold: 21.00 MB
CDS: on
MetaspaceReclaimPolicy: balanced
 - commit_granule_bytes: 65536.
 - commit_granule_words: 8192.
 - virtual_space_node_default_size: 8388608.
 - enlarge_chunks_in_place: 1.
 - new_chunks_are_fully_committed: 0.
 - uncommit_free_chunks: 1.
 - use_allocation_guard: 0.


Internal statistics:

num_allocs_failed_limit: 0.
num_arena_births: 304.
num_arena_deaths: 0.
num_vsnodes_births: 2.
num_vsnodes_deaths: 0.
num_space_committed: 302.
num_space_uncommitted: 0.
num_chunks_returned_to_freelist: 0.
num_chunks_taken_from_freelist: 835.
num_chunk_merges: 0.
num_chunk_splits: 601.
num_chunks_enlarged: 486.
num_inconsistent_stats: 0.

CodeCache: size=49152Kb used=6595Kb max_used=6595Kb free=42556Kb
 bounds [0x00000241f1920000, 0x00000241f1fa0000, 0x00000241f4920000]
 total_blobs=3289 nmethods=2789 adapters=422
 compilation: enabled
              stopped_count=0, restarted_count=0
 full_count=0

Compilation events (20 events):
Event: 1.186 Thread 0x00000241fe8d45b0 2727       1       java.util.stream.ReduceOps$ReduceOp::<init> (10 bytes)
Event: 1.186 Thread 0x00000241feaeac80 2731       1       org.springframework.util.ClassUtils::getShortName (8 bytes)
Event: 1.186 Thread 0x00000241feaea700 nmethod 2730 0x00000241f1f79010 code [0x00000241f1f791c0, 0x00000241f1f79438]
Event: 1.186 Thread 0x00000241fe8d45b0 nmethod 2727 0x00000241f1f79510 code [0x00000241f1f796a0, 0x00000241f1f797b8]
Event: 1.186 Thread 0x00000241feaeac80 nmethod 2731 0x00000241f1f79810 code [0x00000241f1f799c0, 0x00000241f1f79b48]
Event: 1.187 Thread 0x00000241feaeac80 2732       1       org.springframework.core.annotation.MergedAnnotations::from (41 bytes)
Event: 1.187 Thread 0x00000241feaea700 2733       1       org.springframework.core.annotation.TypeMappedAnnotations::from (27 bytes)
Event: 1.187 Thread 0x00000241fe8d45b0 2734       1       org.springframework.core.annotation.AnnotationsScanner::isKnownEmpty (63 bytes)
Event: 1.187 Thread 0x00000241feaea700 nmethod 2733 0x00000241f1f79c90 code [0x00000241f1f79e40, 0x00000241f1f7a018]
Event: 1.187 Thread 0x00000241feaea700 2735       1       org.springframework.core.annotation.AnnotationsScanner::hasPlainJavaAnnotationsOnly (41 bytes)
Event: 1.187 Thread 0x00000241fe8d45b0 nmethod 2734 0x00000241f1f7a110 code [0x00000241f1f7a2e0, 0x00000241f1f7a588]
Event: 1.187 Thread 0x00000241feaeac80 nmethod 2732 0x00000241f1f7a690 code [0x00000241f1f7a8a0, 0x00000241f1f7ada8]
Event: 1.187 Thread 0x00000241feaea700 nmethod 2735 0x00000241f1f7b010 code [0x00000241f1f7b200, 0x00000241f1f7b5c8]
Event: 1.188 Thread 0x00000241feaea700 2736       1       org.springframework.core.type.classreading.SimpleAnnotationMetadataReadingVisitor$$Lambda$357/0x0000000801258a20::accept (14 bytes)
Event: 1.188 Thread 0x00000241feaeac80 2737       1       org.springframework.core.type.classreading.SimpleAnnotationMetadataReadingVisitor::visitInnerClass (81 bytes)
Event: 1.188 Thread 0x00000241feaea700 nmethod 2736 0x00000241f1f7b790 code [0x00000241f1f7b940, 0x00000241f1f7ba88]
Event: 1.188 Thread 0x00000241feaeac80 nmethod 2737 0x00000241f1f7bb10 code [0x00000241f1f7bd20, 0x00000241f1f7c168]
Event: 1.188 Thread 0x00000241feaeac80 2738       1       org.springframework.core.type.classreading.SimpleMethodMetadataReadingVisitor$$Lambda$372/0x000000080125eaa0::accept (14 bytes)
Event: 1.188 Thread 0x00000241feaeac80 nmethod 2738 0x00000241f1f7c410 code [0x00000241f1f7c5c0, 0x00000241f1f7c708]
Event: 1.188 Thread 0x00000241feaeac80 2739       1       org.springframework.asm.ClassReader::accept (1401 bytes)

GC Heap History (4 events):
Event: 0.563 GC heap before
{Heap before GC invocations=0 (full 0):
 garbage-first heap   total 262144K, used 18432K [0x0000000700c00000, 0x0000000800000000)
  region size 2048K, 10 young (20480K), 0 survivors (0K)
 Metaspace       used 6933K, committed 7104K, reserved 1114112K
  class space    used 817K, committed 896K, reserved 1048576K
}
Event: 0.567 GC heap after
{Heap after GC invocations=1 (full 0):
 garbage-first heap   total 262144K, used 6770K [0x0000000700c00000, 0x0000000800000000)
  region size 2048K, 2 young (4096K), 2 survivors (4096K)
 Metaspace       used 6933K, committed 7104K, reserved 1114112K
  class space    used 817K, committed 896K, reserved 1048576K
}
Event: 0.833 GC heap before
{Heap before GC invocations=1 (full 0):
 garbage-first heap   total 262144K, used 25202K [0x0000000700c00000, 0x0000000800000000)
  region size 2048K, 12 young (24576K), 2 survivors (4096K)
 Metaspace       used 11950K, committed 12224K, reserved 1114112K
  class space    used 1532K, committed 1664K, reserved 1048576K
}
Event: 0.836 GC heap after
{Heap after GC invocations=2 (full 0):
 garbage-first heap   total 262144K, used 8911K [0x0000000700c00000, 0x0000000800000000)
  region size 2048K, 1 young (2048K), 1 survivors (2048K)
 Metaspace       used 11950K, committed 12224K, reserved 1114112K
  class space    used 1532K, committed 1664K, reserved 1048576K
}

Dll operation events (13 events):
Event: 0.007 Loaded shared library C:\Program Files\Java\jdk-19\bin\java.dll
Event: 0.015 Loaded shared library C:\Program Files\Java\jdk-19\bin\jsvml.dll
Event: 0.092 Loaded shared library C:\Program Files\Java\jdk-19\bin\zip.dll
Event: 0.094 Loaded shared library C:\Program Files\Java\jdk-19\bin\instrument.dll
Event: 0.099 Loaded shared library C:\Program Files\Java\jdk-19\bin\net.dll
Event: 0.100 Loaded shared library C:\Program Files\Java\jdk-19\bin\nio.dll
Event: 0.102 Loaded shared library C:\Program Files\Java\jdk-19\bin\zip.dll
Event: 0.170 Loaded shared library C:\Program Files\JetBrains\IntelliJ IDEA 2022.3.2\bin\breakgen64.dll
Event: 0.175 Loaded shared library C:\Program Files\Java\jdk-19\bin\jimage.dll
Event: 0.178 Loaded shared library C:\Program Files\Java\jdk-19\bin\extnet.dll
Event: 0.195 Loaded shared library C:\Program Files\Java\jdk-19\bin\management.dll
Event: 0.203 Loaded shared library C:\Program Files\Java\jdk-19\bin\management_ext.dll
Event: 0.849 Loaded shared library C:\Program Files\Java\jdk-19\bin\verify.dll

Deoptimization events (6 events):
Event: 0.324 Thread 0x00000241e99bab80 DEOPT PACKING pc=0x00000241f1c55bd5 sp=0x0000008ca35fd570
Event: 0.324 Thread 0x00000241e99bab80 DEOPT UNPACKING pc=0x00000241f1987543 sp=0x0000008ca35fca20 mode 3
Event: 0.335 Thread 0x00000241e99bab80 DEOPT PACKING pc=0x00000241f1c6f750 sp=0x0000008ca35fd540
Event: 0.335 Thread 0x00000241e99bab80 DEOPT UNPACKING pc=0x00000241f1987543 sp=0x0000008ca35fc9f8 mode 3
Event: 0.891 Thread 0x00000241e99bab80 DEOPT PACKING pc=0x00000241f1e6eb99 sp=0x0000008ca35fd890
Event: 0.891 Thread 0x00000241e99bab80 DEOPT UNPACKING pc=0x00000241f1987543 sp=0x0000008ca35fcd70 mode 3

Classes loaded (20 events):
Event: 0.953 Loading class java/util/regex/Pattern$Prolog
Event: 0.953 Loading class java/util/regex/Pattern$Prolog done
Event: 0.958 Loading class java/lang/AssertionError
Event: 0.958 Loading class java/lang/AssertionError done
Event: 0.961 Loading class java/util/regex/Pattern$BnM
Event: 0.961 Loading class java/util/regex/Pattern$BnM done
Event: 0.961 Loading class java/util/regex/Pattern$Pos
Event: 0.961 Loading class java/util/regex/Pattern$Pos done
Event: 1.028 Loading class java/lang/Thread$ThreadNumbering
Event: 1.028 Loading class java/lang/Thread$ThreadNumbering done
Event: 1.035 Loading class javax/naming/ldap/LdapContext
Event: 1.035 Loading class javax/naming/directory/DirContext
Event: 1.035 Loading class javax/naming/directory/DirContext done
Event: 1.035 Loading class javax/naming/ldap/LdapContext done
Event: 1.043 Loading class javax/naming/Referenceable
Event: 1.043 Loading class javax/naming/Referenceable done
Event: 1.153 Loading class java/beans/PropertyVetoException
Event: 1.153 Loading class java/beans/PropertyVetoException done
Event: 1.160 Loading class java/nio/charset/CharacterCodingException
Event: 1.160 Loading class java/nio/charset/CharacterCodingException done

Classes unloaded (0 events):
No events

Classes redefined (0 events):
No events

Internal exceptions (20 events):
Event: 0.764 Thread 0x00000241e99bab80 Exception <a 'java/lang/NoSuchMethodError'{0x000000070ff27880}: 'void java.lang.invoke.DirectMethodHandle$Holder.invokeStaticInit(java.lang.Object, java.lang.Object, java.lang.Object)'> (0x000000070ff27880) 
thrown [s\open\src\hotspot\share\interpreter\linkResolver.cpp, line 774]
Event: 0.767 Thread 0x00000241e99bab80 Exception <a 'java/lang/NoSuchMethodError'{0x000000070ff62cb8}: 'java.lang.Object java.lang.invoke.DirectMethodHandle$Holder.invokeStatic(java.lang.Object, long, java.lang.Object)'> (0x000000070ff62cb8) 
thrown [s\open\src\hotspot\share\interpreter\linkResolver.cpp, line 774]
Event: 0.767 Thread 0x00000241e99bab80 Exception <a 'java/lang/NoSuchMethodError'{0x000000070ff665b8}: 'java.lang.Object java.lang.invoke.DirectMethodHandle$Holder.invokeStaticInit(java.lang.Object, long, java.lang.Object)'> (0x000000070ff665b8) 
thrown [s\open\src\hotspot\share\interpreter\linkResolver.cpp, line 774]
Event: 0.767 Thread 0x00000241e99bab80 Exception <a 'java/lang/NoSuchMethodError'{0x000000070ff6c5b0}: 'java.lang.Object java.lang.invoke.DirectMethodHandle$Holder.newInvokeSpecial(java.lang.Object, long)'> (0x000000070ff6c5b0) 
thrown [s\open\src\hotspot\share\interpreter\linkResolver.cpp, line 774]
Event: 0.773 Thread 0x00000241e99bab80 Exception <a 'java/lang/NoSuchMethodError'{0x000000070ffae0b8}: 'void java.lang.invoke.DirectMethodHandle$Holder.invokeVirtual(java.lang.Object, java.lang.Object, java.lang.Object, java.lang.Object)'> (0x000000070ffae0b8) 
thrown [s\open\src\hotspot\share\interpreter\linkResolver.cpp, line 774]
Event: 0.794 Thread 0x00000241e99bab80 Exception <a 'java/lang/NoSuchMethodError'{0x000000070fce8b10}: 'void java.lang.invoke.DirectMethodHandle$Holder.invokeSpecial(java.lang.Object, java.lang.Object, java.lang.Object, java.lang.Object, java.lang.Object)'> (0x000000070fce8b10) 
thrown [s\open\src\hotspot\share\interpreter\linkResolver.cpp, line 774]
Event: 0.800 Thread 0x00000241ff542850 Exception <a 'java/lang/NoClassDefFoundError'{0x000000070fd4ec48}: jakarta/validation/Validation> (0x000000070fd4ec48) 
thrown [s\open\src\hotspot\share\classfile\systemDictionary.cpp, line 244]
Event: 0.801 Thread 0x00000241e99bab80 Exception <a 'java/lang/IncompatibleClassChangeError'{0x000000070fd2b848}: Found class java.lang.Object, but interface was expected> (0x000000070fd2b848) 
thrown [s\open\src\hotspot\share\interpreter\linkResolver.cpp, line 841]
Event: 0.865 Thread 0x00000241e99bab80 Exception <a 'java/lang/NoSuchMethodError'{0x00000007106d40d0}: 'java.lang.Object java.lang.invoke.DirectMethodHandle$Holder.invokeStatic(java.lang.Object, int, java.lang.Object)'> (0x00000007106d40d0) 
thrown [s\open\src\hotspot\share\interpreter\linkResolver.cpp, line 774]
Event: 0.872 Thread 0x00000241e99bab80 Exception <a 'java/lang/NoSuchMethodError'{0x000000071079c0b0}: 'int java.lang.invoke.Invokers$Holder.invokeExact_MT(java.lang.Object, java.lang.Object)'> (0x000000071079c0b0) 
thrown [s\open\src\hotspot\share\interpreter\linkResolver.cpp, line 774]
Event: 0.950 Thread 0x00000241e99bab80 Exception <a 'java/lang/NoSuchMethodError'{0x000000070fb8f1c0}: 'int java.lang.invoke.DirectMethodHandle$Holder.invokeSpecial(java.lang.Object, java.lang.Object, java.lang.Object, java.lang.Object, java.lang.Object)'> (0x000000070fb8f1c0) 
thrown [s\open\src\hotspot\share\interpreter\linkResolver.cpp, line 774]
Event: 0.951 Thread 0x00000241e99bab80 Exception <a 'java/lang/NoSuchMethodError'{0x000000070fb97e10}: 'void java.lang.invoke.DirectMethodHandle$Holder.invokeVirtual(java.lang.Object, java.lang.Object)'> (0x000000070fb97e10) 
thrown [s\open\src\hotspot\share\interpreter\linkResolver.cpp, line 774]
Event: 0.967 Thread 0x00000241ff542850 Exception <a 'java/lang/NoSuchMethodError'{0x000000070f6da520}: 'long java.lang.invoke.DirectMethodHandle$Holder.invokeStatic(java.lang.Object, java.lang.Object)'> (0x000000070f6da520) 
thrown [s\open\src\hotspot\share\interpreter\linkResolver.cpp, line 774]
Event: 0.967 Thread 0x00000241ff542850 Exception <a 'java/lang/NoSuchMethodError'{0x000000070f6ddb28}: 'long java.lang.invoke.DirectMethodHandle$Holder.invokeStaticInit(java.lang.Object, java.lang.Object)'> (0x000000070f6ddb28) 
thrown [s\open\src\hotspot\share\interpreter\linkResolver.cpp, line 774]
Event: 0.968 Thread 0x00000241ff542850 Exception <a 'java/lang/NoSuchMethodError'{0x000000070f6ebb48}: 'long java.lang.invoke.DirectMethodHandle$Holder.invokeInterface(java.lang.Object, java.lang.Object)'> (0x000000070f6ebb48) 
thrown [s\open\src\hotspot\share\interpreter\linkResolver.cpp, line 774]
Event: 0.968 Thread 0x00000241ff542850 Exception <a 'java/lang/IncompatibleClassChangeError'{0x000000070f6ef0e0}: Found class java.lang.Object, but interface was expected> (0x000000070f6ef0e0) 
thrown [s\open\src\hotspot\share\interpreter\linkResolver.cpp, line 841]
Event: 0.974 Thread 0x00000241ff542850 Exception <a 'java/lang/NoSuchMethodError'{0x000000070f759360}: 'java.lang.Object java.lang.invoke.DirectMethodHandle$Holder.invokeVirtual(java.lang.Object, java.lang.Object, java.lang.Object, java.lang.Object)'> (0x000000070f759360) 
thrown [s\open\src\hotspot\share\interpreter\linkResolver.cpp, line 774]
Event: 1.042 Thread 0x00000241e99bab80 Exception <a 'java/lang/NoClassDefFoundError'{0x000000070ef20b30}: org/glassfish/jersey/server/monitoring/ApplicationEventListener> (0x000000070ef20b30) 
thrown [s\open\src\hotspot\share\classfile\systemDictionary.cpp, line 244]
Event: 1.061 Thread 0x00000241e99bab80 Exception <a 'java/lang/IncompatibleClassChangeError'{0x000000070ed44610}: Found class java.lang.Object, but interface was expected> (0x000000070ed44610) 
thrown [s\open\src\hotspot\share\interpreter\linkResolver.cpp, line 841]
Event: 1.078 Thread 0x00000241e99bab80 Exception <a 'java/lang/NoSuchMethodError'{0x000000070eabb800}: 'void java.lang.invoke.DirectMethodHandle$Holder.invokeInterface(java.lang.Object, java.lang.Object, java.lang.Object, java.lang.Object)'> (0x000000070eabb800) 
thrown [s\open\src\hotspot\share\interpreter\linkResolver.cpp, line 774]

VM Operations (20 events):
Event: 0.719 Executing VM operation: HandshakeAllThreads
Event: 0.719 Executing VM operation: HandshakeAllThreads done
Event: 0.789 Executing VM operation: HandshakeAllThreads
Event: 0.789 Executing VM operation: HandshakeAllThreads done
Event: 0.792 Executing VM operation: HandshakeAllThreads
Event: 0.792 Executing VM operation: HandshakeAllThreads done
Event: 0.797 Executing VM operation: ICBufferFull
Event: 0.797 Executing VM operation: ICBufferFull done
Event: 0.833 Executing VM operation: G1CollectForAllocation
Event: 0.833 Executing VM operation: G1CollectForAllocation done
Event: 0.833 Executing VM operation: G1CollectForAllocation
Event: 0.836 Executing VM operation: G1CollectForAllocation done
Event: 0.918 Executing VM operation: HandshakeAllThreads
Event: 0.918 Executing VM operation: HandshakeAllThreads done
Event: 0.936 Executing VM operation: HandshakeAllThreads
Event: 0.936 Executing VM operation: HandshakeAllThreads done
Event: 0.943 Executing VM operation: HandshakeAllThreads
Event: 0.943 Executing VM operation: HandshakeAllThreads done
Event: 1.128 Executing VM operation: ICBufferFull
Event: 1.128 Executing VM operation: ICBufferFull done

Events (19 events):
Event: 0.015 Thread 0x00000241e99bab80 Thread added: 0x00000241e99bab80
Event: 0.028 Thread 0x00000241fe8cb780 Thread added: 0x00000241fe8cb780
Event: 0.028 Thread 0x00000241fe8cc710 Thread added: 0x00000241fe8cc710
Event: 0.028 Thread 0x00000241fe8cde20 Thread added: 0x00000241fe8cde20
Event: 0.028 Thread 0x00000241fe8d0f20 Thread added: 0x00000241fe8d0f20
Event: 0.028 Thread 0x00000241fe8d2a00 Thread added: 0x00000241fe8d2a00
Event: 0.028 Thread 0x00000241fe8d3470 Thread added: 0x00000241fe8d3470
Event: 0.028 Thread 0x00000241fe8d45b0 Thread added: 0x00000241fe8d45b0
Event: 0.028 Thread 0x00000241fe8d9a50 Thread added: 0x00000241fe8d9a50
Event: 0.081 Thread 0x00000241fe89f690 Thread added: 0x00000241fe89f690
Event: 0.086 Thread 0x00000241feaea700 Thread added: 0x00000241feaea700
Event: 0.087 Thread 0x00000241feaeac80 Thread added: 0x00000241feaeac80
Event: 0.171 Thread 0x00000241fee72fb0 Thread added: 0x00000241fee72fb0
Event: 0.171 Thread 0x00000241fee734f0 Thread added: 0x00000241fee734f0
Event: 0.432 Thread 0x00000241ff029700 Thread added: 0x00000241ff029700
Event: 0.798 Thread 0x00000241ff542850 Thread added: 0x00000241ff542850
Event: 0.976 Thread 0x00000241ff542850 Thread exited: 0x00000241ff542850
Event: 1.028 Thread 0x000002418619e080 Thread added: 0x000002418619e080
Event: 1.056 Thread 0x000002418619e080 Thread exited: 0x000002418619e080


Dynamic libraries:
0x00007ff7b9990000 - 0x00007ff7b99a0000 	C:\Program Files\Java\jdk-19\bin\java.exe
0x00007ffc7d790000 - 0x00007ffc7d988000 	C:\WINDOWS\SYSTEM32\ntdll.dll
0x00007ffc7bb70000 - 0x00007ffc7bc2f000 	C:\WINDOWS\System32\KERNEL32.DLL
0x00007ffc7b4c0000 - 0x00007ffc7b79a000 	C:\WINDOWS\System32\KERNELBASE.dll
0x00007ffc7b2e0000 - 0x00007ffc7b3e0000 	C:\WINDOWS\System32\ucrtbase.dll
0x00007ffc62240000 - 0x00007ffc62258000 	C:\Program Files\Java\jdk-19\bin\jli.dll
0x00007ffc61520000 - 0x00007ffc6153b000 	C:\Program Files\Java\jdk-19\bin\VCRUNTIME140.dll
0x00007ffc7d340000 - 0x00007ffc7d3ee000 	C:\WINDOWS\System32\ADVAPI32.dll
0x00007ffc7bc30000 - 0x00007ffc7bcce000 	C:\WINDOWS\System32\msvcrt.dll
0x00007ffc7be00000 - 0x00007ffc7be9c000 	C:\WINDOWS\System32\sechost.dll
0x00007ffc7bcd0000 - 0x00007ffc7bdf6000 	C:\WINDOWS\System32\RPCRT4.dll
0x00007ffc7b800000 - 0x00007ffc7b99d000 	C:\WINDOWS\System32\USER32.dll
0x00007ffc7b490000 - 0x00007ffc7b4b2000 	C:\WINDOWS\System32\win32u.dll
0x00007ffc7cb30000 - 0x00007ffc7cb5b000 	C:\WINDOWS\System32\GDI32.dll
0x00007ffc7aea0000 - 0x00007ffc7afb0000 	C:\WINDOWS\System32\gdi32full.dll
0x00007ffc66680000 - 0x00007ffc6691a000 	C:\WINDOWS\WinSxS\amd64_microsoft.windows.common-controls_6595b64144ccf1df_6.0.19041.1110_none_60b5254171f9507e\COMCTL32.dll
0x00007ffc7afb0000 - 0x00007ffc7b04d000 	C:\WINDOWS\System32\msvcp_win.dll
0x00007ffc74fe0000 - 0x00007ffc74fea000 	C:\WINDOWS\SYSTEM32\VERSION.dll
0x00007ffc7bea0000 - 0x00007ffc7bed0000 	C:\WINDOWS\System32\IMM32.DLL
0x00007ffc6d040000 - 0x00007ffc6d04c000 	C:\Program Files\Java\jdk-19\bin\vcruntime140_1.dll
0x00007ffc5eca0000 - 0x00007ffc5ed2e000 	C:\Program Files\Java\jdk-19\bin\msvcp140.dll
0x00007ffc2f690000 - 0x00007ffc30350000 	C:\Program Files\Java\jdk-19\bin\server\jvm.dll
0x00007ffc2eb10000 - 0x00007ffc2eb19000 	C:\WINDOWS\SYSTEM32\WSOCK32.dll
0x00007ffc73ad0000 - 0x00007ffc73af7000 	C:\WINDOWS\SYSTEM32\WINMM.dll
0x00007ffc7cb60000 - 0x00007ffc7cbcb000 	C:\WINDOWS\System32\WS2_32.dll
0x00007ffc78d80000 - 0x00007ffc78d92000 	C:\WINDOWS\SYSTEM32\kernel.appcore.dll
0x00007ffc63670000 - 0x00007ffc6367a000 	C:\Program Files\Java\jdk-19\bin\jimage.dll
0x00007ffc6fff0000 - 0x00007ffc701d4000 	C:\WINDOWS\SYSTEM32\DBGHELP.DLL
0x00007ffc67a30000 - 0x00007ffc67a64000 	C:\WINDOWS\SYSTEM32\dbgcore.DLL
0x00007ffc7b0f0000 - 0x00007ffc7b172000 	C:\WINDOWS\System32\bcryptPrimitives.dll
0x00007ffc786d0000 - 0x00007ffc786de000 	C:\Program Files\Java\jdk-19\bin\instrument.dll
0x00007ffc5fa10000 - 0x00007ffc5fa36000 	C:\Program Files\Java\jdk-19\bin\java.dll
0x00007ffc5d410000 - 0x00007ffc5d4e7000 	C:\Program Files\Java\jdk-19\bin\jsvml.dll
0x00007ffc7cbd0000 - 0x00007ffc7d314000 	C:\WINDOWS\System32\SHELL32.dll
0x00007ffc78f80000 - 0x00007ffc79713000 	C:\WINDOWS\SYSTEM32\windows.storage.dll
0x00007ffc7d3f0000 - 0x00007ffc7d744000 	C:\WINDOWS\System32\combase.dll
0x00007ffc7a900000 - 0x00007ffc7a92e000 	C:\WINDOWS\SYSTEM32\Wldp.dll
0x00007ffc7c950000 - 0x00007ffc7c9fd000 	C:\WINDOWS\System32\SHCORE.dll
0x00007ffc7bfd0000 - 0x00007ffc7c025000 	C:\WINDOWS\System32\shlwapi.dll
0x00007ffc7ade0000 - 0x00007ffc7adff000 	C:\WINDOWS\SYSTEM32\profapi.dll
0x00007ffc5d3d0000 - 0x00007ffc5d3e8000 	C:\Program Files\Java\jdk-19\bin\zip.dll
0x00007ffc5eb50000 - 0x00007ffc5eb63000 	C:\Program Files\Java\jdk-19\bin\net.dll
0x00007ffc74a60000 - 0x00007ffc74b6a000 	C:\WINDOWS\SYSTEM32\WINHTTP.dll
0x00007ffc7a660000 - 0x00007ffc7a6ca000 	C:\WINDOWS\system32\mswsock.dll
0x00007ffc5d3f0000 - 0x00007ffc5d406000 	C:\Program Files\Java\jdk-19\bin\nio.dll
0x00007ffc78630000 - 0x00007ffc7864a000 	C:\Program Files\JetBrains\IntelliJ IDEA 2022.3.2\bin\breakgen64.dll
0x00007ffc62230000 - 0x00007ffc62238000 	C:\Program Files\Java\jdk-19\bin\extnet.dll
0x00007ffc7a340000 - 0x00007ffc7a40b000 	C:\WINDOWS\SYSTEM32\DNSAPI.dll
0x00007ffc7a300000 - 0x00007ffc7a33c000 	C:\WINDOWS\SYSTEM32\IPHLPAPI.DLL
0x00007ffc7b7f0000 - 0x00007ffc7b7f8000 	C:\WINDOWS\System32\NSI.dll
0x00007ffc73c10000 - 0x00007ffc73c1a000 	C:\Windows\System32\rasadhlp.dll
0x00007ffc73670000 - 0x00007ffc736f0000 	C:\WINDOWS\System32\fwpuclnt.dll
0x00007ffc7b050000 - 0x00007ffc7b077000 	C:\WINDOWS\System32\bcrypt.dll
0x00007ffc785d0000 - 0x00007ffc785da000 	C:\Program Files\Java\jdk-19\bin\management.dll
0x00007ffc785c0000 - 0x00007ffc785cb000 	C:\Program Files\Java\jdk-19\bin\management_ext.dll
0x00007ffc7bfb0000 - 0x00007ffc7bfb8000 	C:\WINDOWS\System32\PSAPI.DLL
0x00007ffc7a850000 - 0x00007ffc7a868000 	C:\WINDOWS\SYSTEM32\CRYPTSP.dll
0x00007ffc79f10000 - 0x00007ffc79f44000 	C:\WINDOWS\system32\rsaenh.dll
0x00007ffc7ada0000 - 0x00007ffc7adce000 	C:\WINDOWS\SYSTEM32\USERENV.dll
0x00007ffc7a870000 - 0x00007ffc7a87c000 	C:\WINDOWS\SYSTEM32\CRYPTBASE.dll
0x00007ffc75940000 - 0x00007ffc75957000 	C:\WINDOWS\SYSTEM32\dhcpcsvc6.DLL
0x00007ffc75920000 - 0x00007ffc7593d000 	C:\WINDOWS\SYSTEM32\dhcpcsvc.DLL
0x00007ffc52b80000 - 0x00007ffc52b97000 	C:\WINDOWS\system32\napinsp.dll
0x00007ffc52b60000 - 0x00007ffc52b7b000 	C:\WINDOWS\system32\pnrpnsp.dll
0x00007ffc57c70000 - 0x00007ffc57c85000 	C:\WINDOWS\system32\wshbth.dll
0x00007ffc76890000 - 0x00007ffc768ad000 	C:\WINDOWS\system32\NLAapi.dll
0x00007ffc523a0000 - 0x00007ffc523b2000 	C:\WINDOWS\System32\winrnr.dll
0x00007ffc5ec90000 - 0x00007ffc5eca0000 	C:\Program Files\Java\jdk-19\bin\verify.dll

dbghelp: loaded successfully - version: 4.0.5 - missing functions: none
symbol engine: initialized successfully - sym options: 0x614 - pdb path: .;C:\Program Files\Java\jdk-19\bin;C:\WINDOWS\SYSTEM32;C:\WINDOWS\WinSxS\amd64_microsoft.windows.common-controls_6595b64144ccf1df_6.0.19041.1110_none_60b5254171f9507e;C:\Program Files\Java\jdk-19\bin\server;C:\Program Files\JetBrains\IntelliJ IDEA 2022.3.2\bin

VM Arguments:
jvm_args: -XX:TieredStopAtLevel=1 -Dspring.output.ansi.enabled=always -Dcom.sun.management.jmxremote -Dspring.jmx.enabled=true -Dspring.liveBeansView.mbeanDomain -Dspring.application.admin.enabled=true -Dmanagement.endpoints.jmx.exposure.include=* -javaagent:C:\Program Files\JetBrains\IntelliJ IDEA 2022.3.2\lib\idea_rt.jar=59316:C:\Program Files\JetBrains\IntelliJ IDEA 2022.3.2\bin -Dfile.encoding=UTF-8 -Dsun.stdout.encoding=UTF-8 -Dsun.stderr.encoding=UTF-8 
java_command: com.proyecto.pcstore.pcstore.PcstoreApplication
java_class_path (initial): D:\pc\CEV\Ejercicos\14-PROYECTO\API\pcstore\target\classes;C:\Users\pc\.m2\repository\org\springframework\boot\spring-boot-starter-data-jpa\3.0.5\spring-boot-starter-data-jpa-3.0.5.jar;C:\Users\pc\.m2\repository\org\springframework\boot\spring-boot-starter-aop\3.0.5\spring-boot-starter-aop-3.0.5.jar;C:\Users\pc\.m2\repository\org\aspectj\aspectjweaver\1.9.19\aspectjweaver-1.9.19.jar;C:\Users\pc\.m2\repository\org\springframework\boot\spring-boot-starter-jdbc\3.0.5\spring-boot-starter-jdbc-3.0.5.jar;C:\Users\pc\.m2\repository\com\zaxxer\HikariCP\5.0.1\HikariCP-5.0.1.jar;C:\Users\pc\.m2\repository\org\springframework\spring-jdbc\6.0.7\spring-jdbc-6.0.7.jar;C:\Users\pc\.m2\repository\org\hibernate\orm\hibernate-core\6.1.7.Final\hibernate-core-6.1.7.Final.jar;C:\Users\pc\.m2\repository\jakarta\persistence\jakarta.persistence-api\3.1.0\jakarta.persistence-api-3.1.0.jar;C:\Users\pc\.m2\repository\jakarta\transaction\jakarta.transaction-api\2.0.1\jakarta.transaction-api-2.0.1.jar;C:\Users\pc\.m2\repository\org\jboss\logging\jboss-logging\3.5.0.Final\jboss-logging-3.5.0.Final.jar;C:\Users\pc\.m2\repository\org\hibernate\common\hibernate-commons-annotations\6.0.6.Final\hibernate-commons-annotations-6.0.6.Final.jar;C:\Users\pc\.m2\repository\org\jboss\jandex\2.4.2.Final\jandex-2.4.2.Final.jar;C:\Users\pc\.m2\repository\com\fasterxml\classmate\1.5.1\classmate-1.5.1.jar;C:\Users\pc\.m2\repository\net\bytebuddy\byte-buddy\1.12.23\byte-buddy-1.12.23.jar;C:\Users\pc\.m2\repository\org\glassfish\jaxb\jaxb-runtime\4.0.2\jaxb-runtime-4.0.2.jar;C:\Users\pc\.m2\repository\org\glassfish\jaxb\jaxb-core\4.0.2\jaxb-core-4.0.2.jar;C:\Users\pc\.m2\repository\org\eclipse\angus\angus-activation\2.0.0\angus-activation-2.0.0.jar;C:\Users\pc\.m2\repository\org\glassfish\jaxb\txw2\4.0.2\txw2-4.0.2.jar;C:\Users\pc\.m2\repository\com\sun\istack\istack-commons-runtime\4.1.1\istack-commons-runtime-4.1.1.jar;C:\Users\pc\.m2\repository\jakarta\inject\jakarta.inject-api\2.0.0\jakarta.inject-api-2.0.0.jar;C:\Users\pc\.m2\repository\org\antlr\antlr4-runtime\4.10.1\antlr4-runtime-4.10.1.jar;C:\Users\pc\.m2\repository\org\springframework\data\spring-data-jpa\3.0.4\spring-data-jpa-3.0.4.jar;C:\Users\pc\.m2\repository\org\springframework\data\spring-data-commons\3.0.4\spring-data-commons-3.0.4.jar;C:\Users\pc\.m2\repository\org\springframework\spring-orm\6.0.7\spring-orm-6.0.7.jar;C:\Users\pc\.m2\repository\org\springframework\spring-context\6.0.7\spring-context-6.0.7.jar;C:\Users\pc\.m2\repository\org\springframework\spring-tx\6.0.7\spring-tx-6.0.7.jar;C:\Users\pc\.m2\repository\org\springframework\spring-beans\6.0.7\spring-beans-6.0.7.jar;C:\Users\pc\.m2\repository\jakarta\annotation\jakarta.annotation-api\2.1.1\jakarta.annotation-api-2.1.1.jar;C:\Users\pc\.m2\repository\org\slf4j\slf4j-api\2.0.7\slf4j-api-2.0.7.jar;C:\Users\pc\.m2\repository\org\springframework\spring-aspects\6.0.7\spring-aspects-6.0.7.jar;C:\Users\pc\.m2\repository\org\springframework\boot\spring-boot-starter-web\3.0.5\spring-boot-starter-web-3.0.5.jar;C:\Users\pc\.m2\repository\org\springframework\boot\spring-boot-starter\3.0.5\spring-boot-starter-3.0.5.jar;C:\Users\pc\.m2\repository\org\springframework\boot\spring-boot\3.0.5\spring-boot-3.0.5.jar;C:\Users\pc\.m2\repository\org\springframework\boot\spring-boot-autoconfigure\3.0.5\spring-boot-autoconfigure-3.0.5.jar;C:\Users\pc\.m2\repository\org\springframework\boot\spring-boot-starter-logging\3.0.5\spring-boot-starter-logging-3.0.5.jar;C:\Users\pc\.m2\repository\ch\qos\logback\logback-classic\1.4.6\logback-classic-1.4.6.jar;C:\Users\pc\.m2\repository\ch\qos\logback\logback-core\1.4.6\logback-core-1.4.6.jar;C:\Users\pc\.m2\repository\org\apache\logging\log4j\log4j-to-slf4j\2.19.0\log4j-to-slf4j-2.19.0.jar;C:\Users\pc\.m2\repository\org\apache\logging\log4j\log4j-api\2.19.0\log4j-api-2.19.0.jar;C:\Users\pc\.m2\repository\org\slf4j\jul-to-slf4j\2.0.7\jul-to-slf4j-2.0.7.jar;C:\Users\pc\.m2\repository\org\yaml\snakeyaml\1.33\snakeyaml-1.33.jar;C:\Users\pc\.m2\repository\org\springframework\boot\spring-boot-starter-json\3.0.5\spring-boot-starter-json-3.0.5.jar;C:\Users\pc\.m2\repository\com\fasterxml\jackson\core\jackson-databind\2.14.2\jackson-databind-2.14.2.jar;C:\Users\pc\.m2\repository\com\fasterxml\jackson\core\jackson-annotations\2.14.2\jackson-annotations-2.14.2.jar;C:\Users\pc\.m2\repository\com\fasterxml\jackson\core\jackson-core\2.14.2\jackson-core-2.14.2.jar;C:\Users\pc\.m2\repository\com\fasterxml\jackson\datatype\jackson-datatype-jdk8\2.14.2\jackson-datatype-jdk8-2.14.2.jar;C:\Users\pc\.m2\repository\com\fasterxml\jackson\datatype\jackson-datatype-jsr310\2.14.2\jackson-datatype-jsr310-2.14.2.jar;C:\Users\pc\.m2\repository\com\fasterxml\jackson\module\jackson-module-parameter-names\2.14.2\jackson-module-parameter-names-2.14.2.jar;C:\Users\pc\.m2\repository\org\springframework\boot\spring-boot-starter-tomcat\3.0.5\spring-boot-starter-tomcat-3.0.5.jar;C:\Users\pc\.m2\repository\org\apache\tomcat\embed\tomcat-embed-core\10.1.7\tomcat-embed-core-10.1.7.jar;C:\Users\pc\.m2\repository\org\apache\tomcat\embed\tomcat-embed-el\10.1.7\tomcat-embed-el-10.1.7.jar;C:\Users\pc\.m2\repository\org\apache\tomcat\embed\tomcat-embed-websocket\10.1.7\tomcat-embed-websocket-10.1.7.jar;C:\Users\pc\.m2\repository\org\springframework\spring-web\6.0.7\spring-web-6.0.7.jar;C:\Users\pc\.m2\repository\org\springframework\spring-webmvc\6.0.7\spring-webmvc-6.0.7.jar;C:\Users\pc\.m2\repository\org\springframework\spring-expression\6.0.7\spring-expression-6.0.7.jar;C:\Users\pc\.m2\repository\jakarta\xml\bind\jakarta.xml.bind-api\4.0.0\jakarta.xml.bind-api-4.0.0.jar;C:\Users\pc\.m2\repository\jakarta\activation\jakarta.activation-api\2.1.1\jakarta.activation-api-2.1.1.jar;C:\Users\pc\.m2\repository\org\springframework\spring-core\6.0.7\spring-core-6.0.7.jar;C:\Users\pc\.m2\repository\org\springframework\spring-jcl\6.0.7\spring-jcl-6.0.7.jar;C:\Users\pc\.m2\repository\com\h2database\h2\2.1.214\h2-2.1.214.jar;C:\Users\pc\.m2\repository\org\springframework\boot\spring-boot-starter-security\3.0.5\spring-boot-starter-security-3.0.5.jar;C:\Users\pc\.m2\repository\org\springframework\spring-aop\6.0.7\spring-aop-6.0.7.jar;C:\Users\pc\.m2\repository\org\springframework\security\spring-security-config\6.0.2\spring-security-config-6.0.2.jar;C:\Users\pc\.m2\repository\org\springframework\security\spring-security-core\6.0.2\spring-security-core-6.0.2.jar;C:\Users\pc\.m2\repository\org\springframework\security\spring-security-crypto\6.0.2\spring-security-crypto-6.0.2.jar;C:\Users\pc\.m2\repository\org\springframework\security\spring-security-web\6.0.2\spring-security-web-6.0.2.jar;C:\Users\pc\.m2\repository\org\springframework\boot\spring-boot-starter-actuator\3.0.5\spring-boot-starter-actuator-3.0.5.jar;C:\Users\pc\.m2\repository\org\springframework\boot\spring-boot-actuator-autoconfigure\3.0.5\spring-boot-actuator-autoconfigure-3.0.5.jar;C:\Users\pc\.m2\repository\org\springframework\boot\spring-boot-actuator\3.0.5\spring-boot-actuator-3.0.5.jar;C:\Users\pc\.m2\repository\io\micrometer\micrometer-observation\1.10.5\micrometer-observation-1.10.5.jar;C:\Users\pc\.m2\repository\io\micrometer\micrometer-commons\1.10.5\micrometer-commons-1.10.5.jar;C:\Users\pc\.m2\repository\io\micrometer\micrometer-core\1.10.5\micrometer-core-1.10.5.jar;C:\Users\pc\.m2\repository\org\hdrhistogram\HdrHistogram\2.1.12\HdrHistogram-2.1.12.jar;C:\Users\pc\.m2\repository\org\latencyutils\LatencyUtils\2.0.3\LatencyUtils-2.0.3.jar
Launcher Type: SUN_STANDARD

[Global flags]
     intx CICompilerCount                          = 3                                         {product} {ergonomic}
     uint ConcGCThreads                            = 2                                         {product} {ergonomic}
     uint G1ConcRefinementThreads                  = 6                                         {product} {ergonomic}
   size_t G1HeapRegionSize                         = 2097152                                   {product} {ergonomic}
    uintx GCDrainStackTargetSize                   = 64                                        {product} {ergonomic}
   size_t InitialHeapSize                          = 268435456                                 {product} {ergonomic}
     bool ManagementServer                         = true                                      {product} {command line}
   size_t MarkStackSize                            = 4194304                                   {product} {ergonomic}
   size_t MaxHeapSize                              = 4282384384                                {product} {ergonomic}
   size_t MaxNewSize                               = 2569011200                                {product} {ergonomic}
   size_t MinHeapDeltaBytes                        = 2097152                                   {product} {ergonomic}
   size_t MinHeapSize                              = 8388608                                   {product} {ergonomic}
    uintx NonProfiledCodeHeapSize                  = 0                                      {pd product} {ergonomic}
     bool ProfileInterpreter                       = false                                  {pd product} {command line}
    uintx ProfiledCodeHeapSize                     = 0                                      {pd product} {ergonomic}
   size_t SoftMaxHeapSize                          = 4282384384                             {manageable} {ergonomic}
     intx TieredStopAtLevel                        = 1                                         {product} {command line}
     bool UseCompressedClassPointers               = true                           {product lp64_product} {ergonomic}
     bool UseCompressedOops                        = true                           {product lp64_product} {ergonomic}
     bool UseG1GC                                  = true                                      {product} {ergonomic}
     bool UseLargePagesIndividualAllocation        = false                                  {pd product} {ergonomic}

Logging:
Log output configuration:
 #0: stdout all=warning uptime,level,tags foldmultilines=false
 #1: stderr all=off uptime,level,tags foldmultilines=false

Environment Variables:
JAVA_HOME=C:\Program Files\Java\jdk-19
PATH=C:\Program Files\Java\jdk-19\bin;C:\Program Files\Common Files\Oracle\Java\javapath;C:\WINDOWS\system32;C:\WINDOWS;C:\WINDOWS\System32\Wbem;C:\WINDOWS\System32\WindowsPowerShell\v1.0\;C:\WINDOWS\System32\OpenSSH\;C:\Program Files\AutoFirma\AutoFirma;C:\Program Files\jdk-16.0.2\bin;C:\Program Files (x86)\dotnet\;C:\Program Files\Common Files\Autodesk Shared\;C:\Program Files\Microsoft SQL Server\120\Tools\Binn\;C:\Program Files (x86)\NVIDIA Corporation\PhysX\Common;C:\Program Files\NVIDIA Corporation\NVIDIA NvDLISR;C:\Program Files (x86)\GtkSharp\2.12\bin;C:\apache-maven-3.8.7\bin;C:\Program Files\nodejs\;C:\Program Files\PowerShell\7\;C:\Program Files\PowerShell\7-preview\preview;C:\Users\pc\AppData\Local\Microsoft\WindowsApps;C:\Program Files (x86)\Brackets\;C:\Users\pc\AppData\Local\Programs\Microsoft VS Code\bin;C:\Users\pc\AppData\Roaming\npm
USERNAME=pc
OS=Windows_NT
PROCESSOR_IDENTIFIER=Intel64 Family 6 Model 158 Stepping 10, GenuineIntel
TMP=C:\Users\pc\AppData\Local\Temp
TEMP=C:\Users\pc\AppData\Local\Temp



---------------  S Y S T E M  ---------------

OS:
 Windows 10 , 64 bit Build 19041 (10.0.19041.2788)
OS uptime: 0 days 2:31 hours

CPU: total 6 (initial active 6) (6 cores per cpu, 1 threads per core) family 6 model 158 stepping 10 microcode 0xb4, cx8, cmov, fxsr, mmx, 3dnowpref, sse, sse2, sse3, ssse3, sse4.1, sse4.2, popcnt, lzcnt, tsc, tscinvbit, avx, avx2, aes, erms, clmul, bmi1, bmi2, adx, fma, vzeroupper, clflush, clflushopt, rdtscp

Memory: 4k page, system-wide physical 16328M (2650M free)
TotalPageFile size 16328M (AvailPageFile size 3M)
current process WorkingSet (physical memory assigned to process): 121M, peak: 121M
current process commit charge ("private bytes"): 372M, peak: 372M

vm_info: Java HotSpot(TM) 64-Bit Server VM (19.0.2+7-44) for windows-amd64 JRE (19.0.2+7-44), built on 2022-11-30T18:02:09Z by "mach5one" with MS VC++ 17.1 (VS2022)

END.
