#
# There is insufficient memory for the Java Runtime Environment to continue.
# Native memory allocation (malloc) failed to allocate 644656 bytes for Chunk::new
# Possible reasons:
#   The system is out of physical RAM or swap space
#   The process is running with CompressedOops enabled, and the Java Heap may be blocking the growth of the native heap
# Possible solutions:
#   Reduce memory load on the system
#   Increase physical memory or swap space
#   Check if swap backing store is full
#   Decrease Java heap size (-Xmx/-Xms)
#   Decrease number of Java threads
#   Decrease Java thread stack sizes (-Xss)
#   Set larger code cache with -XX:ReservedCodeCacheSize=
#   JVM is running with Zero Based Compressed Oops mode in which the Java heap is
#     placed in the first 32GB address space. The Java Heap base address is the
#     maximum limit for the native heap growth. Please use -XX:HeapBaseMinAddress
#     to set the Java Heap base and to place the Java Heap above 32GB virtual address.
# This output file may be truncated or incomplete.
#
#  Out of Memory Error (arena.cpp:184), pid=13760, tid=3568
#
# JRE version: Java(TM) SE Runtime Environment (19.0.2+7) (build 19.0.2+7-44)
# Java VM: Java HotSpot(TM) 64-Bit Server VM (19.0.2+7-44, mixed mode, sharing, tiered, compressed oops, compressed class ptrs, g1 gc, windows-amd64)
# No core dump will be written. Minidumps are not enabled by default on client versions of Windows
#

---------------  S U M M A R Y ------------

Command Line: -Dfile.encoding=UTF-8 -XX:+ShowCodeDetailsInExceptionMessages com.proyecto.pcstore.pcstore.PcstoreApplication

Host: Intel(R) Core(TM) i5-9400F CPU @ 2.90GHz, 6 cores, 15G,  Windows 10 , 64 bit Build 19041 (10.0.19041.2788)
Time: Thu Apr 20 10:42:59 2023 Hora de verano romance elapsed time: 1.160825 seconds (0d 0h 0m 1s)

---------------  T H R E A D  ---------------

Current thread (0x0000023cb5520740):  JavaThread "C2 CompilerThread0" daemon [_thread_in_native, id=3568, stack(0x000000d531100000,0x000000d531200000)]


Current CompileTask:
C2:   1160 2626       4       org.springframework.beans.factory.support.AbstractBeanFactory::isTypeMatch (619 bytes)

Stack: [0x000000d531100000,0x000000d531200000]
Native frames: (J=compiled Java code, j=interpreted, Vv=VM code, C=native code)
V  [jvm.dll+0x6ee21a]
V  [jvm.dll+0x85765e]
V  [jvm.dll+0x85904e]
V  [jvm.dll+0x859703]
V  [jvm.dll+0x28298f]
V  [jvm.dll+0xc9adf]
V  [jvm.dll+0xc9e65]
V  [jvm.dll+0x3bca12]
V  [jvm.dll+0x3860e1]
V  [jvm.dll+0x38555a]
V  [jvm.dll+0x24c3d9]
V  [jvm.dll+0x24b781]
V  [jvm.dll+0x1d6ce1]
V  [jvm.dll+0x25b25a]
V  [jvm.dll+0x2596e8]
V  [jvm.dll+0x807588]
V  [jvm.dll+0x80125a]
V  [jvm.dll+0x6ecf0b]
C  [ucrtbase.dll+0x21bb2]
C  [KERNEL32.DLL+0x17604]
C  [ntdll.dll+0x526a1]


---------------  P R O C E S S  ---------------

Threads class SMR info:
_java_thread_list=0x0000023cba7862d0, length=13, elements={
0x0000023c90546990, 0x0000023cb5506e20, 0x0000023cb550a3c0, 0x0000023cb550c3a0,
0x0000023cb550d8e0, 0x0000023cb550de30, 0x0000023cb550c8f0, 0x0000023cb5520740,
0x0000023cb5544ee0, 0x0000023cb550d390, 0x0000023cb550ce40, 0x0000023cb550e380,
0x0000023cb55427f0
}

Java Threads: ( => current thread )
  0x0000023c90546990 JavaThread "main" [_thread_in_Java, id=18104, stack(0x000000d530400000,0x000000d530500000)]
  0x0000023cb5506e20 JavaThread "Reference Handler" daemon [_thread_blocked, id=1856, stack(0x000000d530b00000,0x000000d530c00000)]
  0x0000023cb550a3c0 JavaThread "Finalizer" daemon [_thread_blocked, id=4392, stack(0x000000d530c00000,0x000000d530d00000)]
  0x0000023cb550c3a0 JavaThread "Signal Dispatcher" daemon [_thread_blocked, id=9480, stack(0x000000d530d00000,0x000000d530e00000)]
  0x0000023cb550d8e0 JavaThread "Attach Listener" daemon [_thread_blocked, id=16208, stack(0x000000d530e00000,0x000000d530f00000)]
  0x0000023cb550de30 JavaThread "Service Thread" daemon [_thread_blocked, id=6344, stack(0x000000d530f00000,0x000000d531000000)]
  0x0000023cb550c8f0 JavaThread "Monitor Deflation Thread" daemon [_thread_blocked, id=11796, stack(0x000000d531000000,0x000000d531100000)]
=>0x0000023cb5520740 JavaThread "C2 CompilerThread0" daemon [_thread_in_native, id=3568, stack(0x000000d531100000,0x000000d531200000)]
  0x0000023cb5544ee0 JavaThread "C1 CompilerThread0" daemon [_thread_blocked, id=17816, stack(0x000000d531200000,0x000000d531300000)]
  0x0000023cb550d390 JavaThread "Sweeper thread" daemon [_thread_blocked, id=4604, stack(0x000000d531300000,0x000000d531400000)]
  0x0000023cb550ce40 JavaThread "Notification Thread" daemon [_thread_blocked, id=4572, stack(0x000000d531400000,0x000000d531500000)]
  0x0000023cb550e380 JavaThread "Common-Cleaner" daemon [_thread_blocked, id=6336, stack(0x000000d531600000,0x000000d531700000)]
  0x0000023cb55427f0 JavaThread "C2 CompilerThread1" daemon [_thread_in_native, id=6932, stack(0x000000d531700000,0x000000d531800000)]

Other Threads:
  0x0000023cb54e9c10 VMThread "VM Thread" [stack: 0x000000d530a00000,0x000000d530b00000] [id=7608]
  0x0000023cb9913220 WatcherThread "VM Periodic Task Thread" [stack: 0x000000d531500000,0x000000d531600000] [id=19360]
  0x0000023c905b6b60 WorkerThread "GC Thread#0" [stack: 0x000000d530500000,0x000000d530600000] [id=11360]
  0x0000023cba34f860 WorkerThread "GC Thread#1" [stack: 0x000000d531800000,0x000000d531900000] [id=18744]
  0x0000023cba34fb30 WorkerThread "GC Thread#2" [stack: 0x000000d531900000,0x000000d531a00000] [id=840]
  0x0000023cba34fe00 WorkerThread "GC Thread#3" [stack: 0x000000d531a00000,0x000000d531b00000] [id=17644]
  0x0000023cba3612c0 WorkerThread "GC Thread#4" [stack: 0x000000d531b00000,0x000000d531c00000] [id=12264]
  0x0000023cba360780 WorkerThread "GC Thread#5" [stack: 0x000000d531c00000,0x000000d531d00000] [id=8064]
  0x0000023c905c8920 ConcurrentGCThread "G1 Main Marker" [stack: 0x000000d530600000,0x000000d530700000] [id=19080]
  0x0000023c905c9ba0 WorkerThread "G1 Conc#0" [stack: 0x000000d530700000,0x000000d530800000] [id=824]
  0x0000023c9060e730 ConcurrentGCThread "G1 Refine#0" [stack: 0x000000d530800000,0x000000d530900000] [id=12072]
  0x0000023cb53a8370 ConcurrentGCThread "G1 Service" [stack: 0x000000d530900000,0x000000d530a00000] [id=12956]

Threads with active compile tasks:
C2 CompilerThread0     1180 2626       4       org.springframework.beans.factory.support.AbstractBeanFactory::isTypeMatch (619 bytes)
C2 CompilerThread1     1180 2705       4       java.net.URLStreamHandler::setURL (73 bytes)

VM state: not at safepoint (normal execution)

VM Mutex/Monitor currently owned by a thread: None

Heap address: 0x0000000700c00000, size: 4084 MB, Compressed Oops mode: Zero based, Oop shift amount: 3

CDS archive(s) mapped at: [0x0000000800000000-0x0000000800c40000-0x0000000800c40000), size 12845056, SharedBaseAddress: 0x0000000800000000, ArchiveRelocationMode: 0.
Compressed class space mapped at: 0x0000000801000000-0x0000000841000000, reserved size: 1073741824
Narrow klass base: 0x0000000800000000, Narrow klass shift: 0, Narrow klass range: 0x100000000

GC Precious Log:
 CardTable entry size: 512
 Card Set container configuration: InlinePtr #cards 4 size 8 Array Of Cards #cards 16 size 48 Howl #buckets 8 coarsen threshold 3686 Howl Bitmap #cards 512 size 80 coarsen threshold 460 Card regions per heap region 1 cards per card region 4096
 CPUs: 6 total, 6 available
 Memory: 16328M
 Large Page Support: Disabled
 NUMA Support: Disabled
 Compressed Oops: Enabled (Zero based)
 Heap Region Size: 2M
 Heap Min Capacity: 8M
 Heap Initial Capacity: 256M
 Heap Max Capacity: 4084M
 Pre-touch: Disabled
 Parallel Workers: 6
 Concurrent Workers: 2
 Concurrent Refinement Workers: 6
 Periodic GC: Disabled

Heap:
 garbage-first heap   total 262144K, used 44895K [0x0000000700c00000, 0x0000000800000000)
  region size 2048K, 21 young (43008K), 2 survivors (4096K)
 Metaspace       used 18840K, committed 19072K, reserved 1114112K
  class space    used 2217K, committed 2304K, reserved 1048576K

Heap Regions: E=young(eden), S=young(survivor), O=old, HS=humongous(starts), HC=humongous(continues), CS=collection set, F=free, OA=open archive, CA=closed archive, TAMS=top-at-mark-start (previous, next)
|   0|0x0000000700c00000, 0x0000000700e00000, 0x0000000700e00000|100%| O|  |TAMS 0x0000000700c00000, 0x0000000700c00000| Untracked 
|   1|0x0000000700e00000, 0x0000000701000000, 0x0000000701000000|100%| O|  |TAMS 0x0000000700e00000, 0x0000000700e00000| Untracked 
|   2|0x0000000701000000, 0x00000007011be000, 0x0000000701200000| 87%| O|  |TAMS 0x0000000701000000, 0x0000000701000000| Untracked 
|   3|0x0000000701200000, 0x0000000701200000, 0x0000000701400000|  0%| F|  |TAMS 0x0000000701200000, 0x0000000701200000| Untracked 
|   4|0x0000000701400000, 0x0000000701400000, 0x0000000701600000|  0%| F|  |TAMS 0x0000000701400000, 0x0000000701400000| Untracked 
|   5|0x0000000701600000, 0x0000000701600000, 0x0000000701800000|  0%| F|  |TAMS 0x0000000701600000, 0x0000000701600000| Untracked 
|   6|0x0000000701800000, 0x0000000701800000, 0x0000000701a00000|  0%| F|  |TAMS 0x0000000701800000, 0x0000000701800000| Untracked 
|   7|0x0000000701a00000, 0x0000000701a00000, 0x0000000701c00000|  0%| F|  |TAMS 0x0000000701a00000, 0x0000000701a00000| Untracked 
|   8|0x0000000701c00000, 0x0000000701c00000, 0x0000000701e00000|  0%| F|  |TAMS 0x0000000701c00000, 0x0000000701c00000| Untracked 
|   9|0x0000000701e00000, 0x0000000701e00000, 0x0000000702000000|  0%| F|  |TAMS 0x0000000701e00000, 0x0000000701e00000| Untracked 
|  10|0x0000000702000000, 0x0000000702000000, 0x0000000702200000|  0%| F|  |TAMS 0x0000000702000000, 0x0000000702000000| Untracked 
|  11|0x0000000702200000, 0x0000000702200000, 0x0000000702400000|  0%| F|  |TAMS 0x0000000702200000, 0x0000000702200000| Untracked 
|  12|0x0000000702400000, 0x0000000702400000, 0x0000000702600000|  0%| F|  |TAMS 0x0000000702400000, 0x0000000702400000| Untracked 
|  13|0x0000000702600000, 0x0000000702600000, 0x0000000702800000|  0%| F|  |TAMS 0x0000000702600000, 0x0000000702600000| Untracked 
|  14|0x0000000702800000, 0x0000000702800000, 0x0000000702a00000|  0%| F|  |TAMS 0x0000000702800000, 0x0000000702800000| Untracked 
|  15|0x0000000702a00000, 0x0000000702a00000, 0x0000000702c00000|  0%| F|  |TAMS 0x0000000702a00000, 0x0000000702a00000| Untracked 
|  16|0x0000000702c00000, 0x0000000702c00000, 0x0000000702e00000|  0%| F|  |TAMS 0x0000000702c00000, 0x0000000702c00000| Untracked 
|  17|0x0000000702e00000, 0x0000000702e00000, 0x0000000703000000|  0%| F|  |TAMS 0x0000000702e00000, 0x0000000702e00000| Untracked 
|  18|0x0000000703000000, 0x0000000703000000, 0x0000000703200000|  0%| F|  |TAMS 0x0000000703000000, 0x0000000703000000| Untracked 
|  19|0x0000000703200000, 0x0000000703200000, 0x0000000703400000|  0%| F|  |TAMS 0x0000000703200000, 0x0000000703200000| Untracked 
|  20|0x0000000703400000, 0x0000000703400000, 0x0000000703600000|  0%| F|  |TAMS 0x0000000703400000, 0x0000000703400000| Untracked 
|  21|0x0000000703600000, 0x0000000703600000, 0x0000000703800000|  0%| F|  |TAMS 0x0000000703600000, 0x0000000703600000| Untracked 
|  22|0x0000000703800000, 0x0000000703800000, 0x0000000703a00000|  0%| F|  |TAMS 0x0000000703800000, 0x0000000703800000| Untracked 
|  23|0x0000000703a00000, 0x0000000703a00000, 0x0000000703c00000|  0%| F|  |TAMS 0x0000000703a00000, 0x0000000703a00000| Untracked 
|  24|0x0000000703c00000, 0x0000000703c00000, 0x0000000703e00000|  0%| F|  |TAMS 0x0000000703c00000, 0x0000000703c00000| Untracked 
|  25|0x0000000703e00000, 0x0000000703e00000, 0x0000000704000000|  0%| F|  |TAMS 0x0000000703e00000, 0x0000000703e00000| Untracked 
|  26|0x0000000704000000, 0x0000000704000000, 0x0000000704200000|  0%| F|  |TAMS 0x0000000704000000, 0x0000000704000000| Untracked 
|  27|0x0000000704200000, 0x0000000704200000, 0x0000000704400000|  0%| F|  |TAMS 0x0000000704200000, 0x0000000704200000| Untracked 
|  28|0x0000000704400000, 0x0000000704400000, 0x0000000704600000|  0%| F|  |TAMS 0x0000000704400000, 0x0000000704400000| Untracked 
|  29|0x0000000704600000, 0x0000000704600000, 0x0000000704800000|  0%| F|  |TAMS 0x0000000704600000, 0x0000000704600000| Untracked 
|  30|0x0000000704800000, 0x0000000704800000, 0x0000000704a00000|  0%| F|  |TAMS 0x0000000704800000, 0x0000000704800000| Untracked 
|  31|0x0000000704a00000, 0x0000000704a00000, 0x0000000704c00000|  0%| F|  |TAMS 0x0000000704a00000, 0x0000000704a00000| Untracked 
|  32|0x0000000704c00000, 0x0000000704c00000, 0x0000000704e00000|  0%| F|  |TAMS 0x0000000704c00000, 0x0000000704c00000| Untracked 
|  33|0x0000000704e00000, 0x0000000704e00000, 0x0000000705000000|  0%| F|  |TAMS 0x0000000704e00000, 0x0000000704e00000| Untracked 
|  34|0x0000000705000000, 0x0000000705000000, 0x0000000705200000|  0%| F|  |TAMS 0x0000000705000000, 0x0000000705000000| Untracked 
|  35|0x0000000705200000, 0x0000000705200000, 0x0000000705400000|  0%| F|  |TAMS 0x0000000705200000, 0x0000000705200000| Untracked 
|  36|0x0000000705400000, 0x0000000705400000, 0x0000000705600000|  0%| F|  |TAMS 0x0000000705400000, 0x0000000705400000| Untracked 
|  37|0x0000000705600000, 0x0000000705600000, 0x0000000705800000|  0%| F|  |TAMS 0x0000000705600000, 0x0000000705600000| Untracked 
|  38|0x0000000705800000, 0x0000000705800000, 0x0000000705a00000|  0%| F|  |TAMS 0x0000000705800000, 0x0000000705800000| Untracked 
|  39|0x0000000705a00000, 0x0000000705a00000, 0x0000000705c00000|  0%| F|  |TAMS 0x0000000705a00000, 0x0000000705a00000| Untracked 
|  40|0x0000000705c00000, 0x0000000705c00000, 0x0000000705e00000|  0%| F|  |TAMS 0x0000000705c00000, 0x0000000705c00000| Untracked 
|  41|0x0000000705e00000, 0x0000000705e00000, 0x0000000706000000|  0%| F|  |TAMS 0x0000000705e00000, 0x0000000705e00000| Untracked 
|  42|0x0000000706000000, 0x0000000706000000, 0x0000000706200000|  0%| F|  |TAMS 0x0000000706000000, 0x0000000706000000| Untracked 
|  43|0x0000000706200000, 0x0000000706200000, 0x0000000706400000|  0%| F|  |TAMS 0x0000000706200000, 0x0000000706200000| Untracked 
|  44|0x0000000706400000, 0x0000000706400000, 0x0000000706600000|  0%| F|  |TAMS 0x0000000706400000, 0x0000000706400000| Untracked 
|  45|0x0000000706600000, 0x0000000706600000, 0x0000000706800000|  0%| F|  |TAMS 0x0000000706600000, 0x0000000706600000| Untracked 
|  46|0x0000000706800000, 0x0000000706800000, 0x0000000706a00000|  0%| F|  |TAMS 0x0000000706800000, 0x0000000706800000| Untracked 
|  47|0x0000000706a00000, 0x0000000706a00000, 0x0000000706c00000|  0%| F|  |TAMS 0x0000000706a00000, 0x0000000706a00000| Untracked 
|  48|0x0000000706c00000, 0x0000000706c00000, 0x0000000706e00000|  0%| F|  |TAMS 0x0000000706c00000, 0x0000000706c00000| Untracked 
|  49|0x0000000706e00000, 0x0000000706e00000, 0x0000000707000000|  0%| F|  |TAMS 0x0000000706e00000, 0x0000000706e00000| Untracked 
|  50|0x0000000707000000, 0x0000000707000000, 0x0000000707200000|  0%| F|  |TAMS 0x0000000707000000, 0x0000000707000000| Untracked 
|  51|0x0000000707200000, 0x0000000707200000, 0x0000000707400000|  0%| F|  |TAMS 0x0000000707200000, 0x0000000707200000| Untracked 
|  52|0x0000000707400000, 0x0000000707400000, 0x0000000707600000|  0%| F|  |TAMS 0x0000000707400000, 0x0000000707400000| Untracked 
|  53|0x0000000707600000, 0x0000000707600000, 0x0000000707800000|  0%| F|  |TAMS 0x0000000707600000, 0x0000000707600000| Untracked 
|  54|0x0000000707800000, 0x0000000707800000, 0x0000000707a00000|  0%| F|  |TAMS 0x0000000707800000, 0x0000000707800000| Untracked 
|  55|0x0000000707a00000, 0x0000000707a00000, 0x0000000707c00000|  0%| F|  |TAMS 0x0000000707a00000, 0x0000000707a00000| Untracked 
|  56|0x0000000707c00000, 0x0000000707c00000, 0x0000000707e00000|  0%| F|  |TAMS 0x0000000707c00000, 0x0000000707c00000| Untracked 
|  57|0x0000000707e00000, 0x0000000707e00000, 0x0000000708000000|  0%| F|  |TAMS 0x0000000707e00000, 0x0000000707e00000| Untracked 
|  58|0x0000000708000000, 0x0000000708000000, 0x0000000708200000|  0%| F|  |TAMS 0x0000000708000000, 0x0000000708000000| Untracked 
|  59|0x0000000708200000, 0x0000000708200000, 0x0000000708400000|  0%| F|  |TAMS 0x0000000708200000, 0x0000000708200000| Untracked 
|  60|0x0000000708400000, 0x0000000708400000, 0x0000000708600000|  0%| F|  |TAMS 0x0000000708400000, 0x0000000708400000| Untracked 
|  61|0x0000000708600000, 0x0000000708600000, 0x0000000708800000|  0%| F|  |TAMS 0x0000000708600000, 0x0000000708600000| Untracked 
|  62|0x0000000708800000, 0x0000000708800000, 0x0000000708a00000|  0%| F|  |TAMS 0x0000000708800000, 0x0000000708800000| Untracked 
|  63|0x0000000708a00000, 0x0000000708a00000, 0x0000000708c00000|  0%| F|  |TAMS 0x0000000708a00000, 0x0000000708a00000| Untracked 
|  64|0x0000000708c00000, 0x0000000708c00000, 0x0000000708e00000|  0%| F|  |TAMS 0x0000000708c00000, 0x0000000708c00000| Untracked 
|  65|0x0000000708e00000, 0x0000000708e00000, 0x0000000709000000|  0%| F|  |TAMS 0x0000000708e00000, 0x0000000708e00000| Untracked 
|  66|0x0000000709000000, 0x0000000709000000, 0x0000000709200000|  0%| F|  |TAMS 0x0000000709000000, 0x0000000709000000| Untracked 
|  67|0x0000000709200000, 0x0000000709200000, 0x0000000709400000|  0%| F|  |TAMS 0x0000000709200000, 0x0000000709200000| Untracked 
|  68|0x0000000709400000, 0x0000000709400000, 0x0000000709600000|  0%| F|  |TAMS 0x0000000709400000, 0x0000000709400000| Untracked 
|  69|0x0000000709600000, 0x0000000709600000, 0x0000000709800000|  0%| F|  |TAMS 0x0000000709600000, 0x0000000709600000| Untracked 
|  70|0x0000000709800000, 0x0000000709800000, 0x0000000709a00000|  0%| F|  |TAMS 0x0000000709800000, 0x0000000709800000| Untracked 
|  71|0x0000000709a00000, 0x0000000709a00000, 0x0000000709c00000|  0%| F|  |TAMS 0x0000000709a00000, 0x0000000709a00000| Untracked 
|  72|0x0000000709c00000, 0x0000000709c00000, 0x0000000709e00000|  0%| F|  |TAMS 0x0000000709c00000, 0x0000000709c00000| Untracked 
|  73|0x0000000709e00000, 0x0000000709e00000, 0x000000070a000000|  0%| F|  |TAMS 0x0000000709e00000, 0x0000000709e00000| Untracked 
|  74|0x000000070a000000, 0x000000070a000000, 0x000000070a200000|  0%| F|  |TAMS 0x000000070a000000, 0x000000070a000000| Untracked 
|  75|0x000000070a200000, 0x000000070a200000, 0x000000070a400000|  0%| F|  |TAMS 0x000000070a200000, 0x000000070a200000| Untracked 
|  76|0x000000070a400000, 0x000000070a400000, 0x000000070a600000|  0%| F|  |TAMS 0x000000070a400000, 0x000000070a400000| Untracked 
|  77|0x000000070a600000, 0x000000070a600000, 0x000000070a800000|  0%| F|  |TAMS 0x000000070a600000, 0x000000070a600000| Untracked 
|  78|0x000000070a800000, 0x000000070a800000, 0x000000070aa00000|  0%| F|  |TAMS 0x000000070a800000, 0x000000070a800000| Untracked 
|  79|0x000000070aa00000, 0x000000070aa00000, 0x000000070ac00000|  0%| F|  |TAMS 0x000000070aa00000, 0x000000070aa00000| Untracked 
|  80|0x000000070ac00000, 0x000000070ac00000, 0x000000070ae00000|  0%| F|  |TAMS 0x000000070ac00000, 0x000000070ac00000| Untracked 
|  81|0x000000070ae00000, 0x000000070ae00000, 0x000000070b000000|  0%| F|  |TAMS 0x000000070ae00000, 0x000000070ae00000| Untracked 
|  82|0x000000070b000000, 0x000000070b000000, 0x000000070b200000|  0%| F|  |TAMS 0x000000070b000000, 0x000000070b000000| Untracked 
|  83|0x000000070b200000, 0x000000070b200000, 0x000000070b400000|  0%| F|  |TAMS 0x000000070b200000, 0x000000070b200000| Untracked 
|  84|0x000000070b400000, 0x000000070b400000, 0x000000070b600000|  0%| F|  |TAMS 0x000000070b400000, 0x000000070b400000| Untracked 
|  85|0x000000070b600000, 0x000000070b600000, 0x000000070b800000|  0%| F|  |TAMS 0x000000070b600000, 0x000000070b600000| Untracked 
|  86|0x000000070b800000, 0x000000070b800000, 0x000000070ba00000|  0%| F|  |TAMS 0x000000070b800000, 0x000000070b800000| Untracked 
|  87|0x000000070ba00000, 0x000000070ba00000, 0x000000070bc00000|  0%| F|  |TAMS 0x000000070ba00000, 0x000000070ba00000| Untracked 
|  88|0x000000070bc00000, 0x000000070bc00000, 0x000000070be00000|  0%| F|  |TAMS 0x000000070bc00000, 0x000000070bc00000| Untracked 
|  89|0x000000070be00000, 0x000000070be00000, 0x000000070c000000|  0%| F|  |TAMS 0x000000070be00000, 0x000000070be00000| Untracked 
|  90|0x000000070c000000, 0x000000070c000000, 0x000000070c200000|  0%| F|  |TAMS 0x000000070c000000, 0x000000070c000000| Untracked 
|  91|0x000000070c200000, 0x000000070c200000, 0x000000070c400000|  0%| F|  |TAMS 0x000000070c200000, 0x000000070c200000| Untracked 
|  92|0x000000070c400000, 0x000000070c400000, 0x000000070c600000|  0%| F|  |TAMS 0x000000070c400000, 0x000000070c400000| Untracked 
|  93|0x000000070c600000, 0x000000070c600000, 0x000000070c800000|  0%| F|  |TAMS 0x000000070c600000, 0x000000070c600000| Untracked 
|  94|0x000000070c800000, 0x000000070c800000, 0x000000070ca00000|  0%| F|  |TAMS 0x000000070c800000, 0x000000070c800000| Untracked 
|  95|0x000000070ca00000, 0x000000070ca00000, 0x000000070cc00000|  0%| F|  |TAMS 0x000000070ca00000, 0x000000070ca00000| Untracked 
|  96|0x000000070cc00000, 0x000000070cc00000, 0x000000070ce00000|  0%| F|  |TAMS 0x000000070cc00000, 0x000000070cc00000| Untracked 
|  97|0x000000070ce00000, 0x000000070ce00000, 0x000000070d000000|  0%| F|  |TAMS 0x000000070ce00000, 0x000000070ce00000| Untracked 
|  98|0x000000070d000000, 0x000000070d000000, 0x000000070d200000|  0%| F|  |TAMS 0x000000070d000000, 0x000000070d000000| Untracked 
|  99|0x000000070d200000, 0x000000070d200000, 0x000000070d400000|  0%| F|  |TAMS 0x000000070d200000, 0x000000070d200000| Untracked 
| 100|0x000000070d400000, 0x000000070d400000, 0x000000070d600000|  0%| F|  |TAMS 0x000000070d400000, 0x000000070d400000| Untracked 
| 101|0x000000070d600000, 0x000000070d600000, 0x000000070d800000|  0%| F|  |TAMS 0x000000070d600000, 0x000000070d600000| Untracked 
| 102|0x000000070d800000, 0x000000070d800000, 0x000000070da00000|  0%| F|  |TAMS 0x000000070d800000, 0x000000070d800000| Untracked 
| 103|0x000000070da00000, 0x000000070da00000, 0x000000070dc00000|  0%| F|  |TAMS 0x000000070da00000, 0x000000070da00000| Untracked 
| 104|0x000000070dc00000, 0x000000070dc00000, 0x000000070de00000|  0%| F|  |TAMS 0x000000070dc00000, 0x000000070dc00000| Untracked 
| 105|0x000000070de00000, 0x000000070de00000, 0x000000070e000000|  0%| F|  |TAMS 0x000000070de00000, 0x000000070de00000| Untracked 
| 106|0x000000070e000000, 0x000000070e000000, 0x000000070e200000|  0%| F|  |TAMS 0x000000070e000000, 0x000000070e000000| Untracked 
| 107|0x000000070e200000, 0x000000070e3249f8, 0x000000070e400000| 57%| E|  |TAMS 0x000000070e200000, 0x000000070e200000| Complete 
| 108|0x000000070e400000, 0x000000070e600000, 0x000000070e600000|100%| E|CS|TAMS 0x000000070e400000, 0x000000070e400000| Complete 
| 109|0x000000070e600000, 0x000000070e800000, 0x000000070e800000|100%| E|CS|TAMS 0x000000070e600000, 0x000000070e600000| Complete 
| 110|0x000000070e800000, 0x000000070ea00000, 0x000000070ea00000|100%| E|CS|TAMS 0x000000070e800000, 0x000000070e800000| Complete 
| 111|0x000000070ea00000, 0x000000070ec00000, 0x000000070ec00000|100%| E|CS|TAMS 0x000000070ea00000, 0x000000070ea00000| Complete 
| 112|0x000000070ec00000, 0x000000070ee00000, 0x000000070ee00000|100%| E|CS|TAMS 0x000000070ec00000, 0x000000070ec00000| Complete 
| 113|0x000000070ee00000, 0x000000070ee19f00, 0x000000070f000000|  5%| S|CS|TAMS 0x000000070ee00000, 0x000000070ee00000| Complete 
| 114|0x000000070f000000, 0x000000070f200000, 0x000000070f200000|100%| S|CS|TAMS 0x000000070f000000, 0x000000070f000000| Complete 
| 115|0x000000070f200000, 0x000000070f400000, 0x000000070f400000|100%| E|CS|TAMS 0x000000070f200000, 0x000000070f200000| Complete 
| 116|0x000000070f400000, 0x000000070f600000, 0x000000070f600000|100%| E|CS|TAMS 0x000000070f400000, 0x000000070f400000| Complete 
| 117|0x000000070f600000, 0x000000070f800000, 0x000000070f800000|100%| E|CS|TAMS 0x000000070f600000, 0x000000070f600000| Complete 
| 118|0x000000070f800000, 0x000000070fa00000, 0x000000070fa00000|100%| E|CS|TAMS 0x000000070f800000, 0x000000070f800000| Complete 
| 119|0x000000070fa00000, 0x000000070fc00000, 0x000000070fc00000|100%| E|CS|TAMS 0x000000070fa00000, 0x000000070fa00000| Complete 
| 120|0x000000070fc00000, 0x000000070fe00000, 0x000000070fe00000|100%| E|CS|TAMS 0x000000070fc00000, 0x000000070fc00000| Complete 
| 121|0x000000070fe00000, 0x0000000710000000, 0x0000000710000000|100%| E|CS|TAMS 0x000000070fe00000, 0x000000070fe00000| Complete 
| 122|0x0000000710000000, 0x0000000710200000, 0x0000000710200000|100%| E|CS|TAMS 0x0000000710000000, 0x0000000710000000| Complete 
| 123|0x0000000710200000, 0x0000000710400000, 0x0000000710400000|100%| E|CS|TAMS 0x0000000710200000, 0x0000000710200000| Complete 
| 124|0x0000000710400000, 0x0000000710600000, 0x0000000710600000|100%| E|CS|TAMS 0x0000000710400000, 0x0000000710400000| Complete 
| 125|0x0000000710600000, 0x0000000710800000, 0x0000000710800000|100%| E|CS|TAMS 0x0000000710600000, 0x0000000710600000| Complete 
| 126|0x0000000710800000, 0x0000000710a00000, 0x0000000710a00000|100%| E|CS|TAMS 0x0000000710800000, 0x0000000710800000| Complete 
| 127|0x0000000710a00000, 0x0000000710c00000, 0x0000000710c00000|100%| E|CS|TAMS 0x0000000710a00000, 0x0000000710a00000| Complete 

Card table byte_map: [0x0000023ca9cd0000,0x0000023caa4d0000] _byte_map_base: 0x0000023ca64ca000

Marking Bits (Prev, Next): (CMBitMap*) 0x0000023c905b80b0, (CMBitMap*) 0x0000023c905b80f0
 Prev Bits: [0x0000023caacd0000, 0x0000023caeca0000)
 Next Bits: [0x0000023caeca0000, 0x0000023cb2c70000)

Polling page: 0x0000023c90610000

Metaspace:

Usage:
  Non-class:     16.27 MB used.
      Class:      2.17 MB used.
       Both:     18.44 MB used.

Virtual space:
  Non-class space:       64.00 MB reserved,      16.38 MB ( 26%) committed,  1 nodes.
      Class space:        1.00 GB reserved,       2.31 MB ( <1%) committed,  1 nodes.
             Both:        1.06 GB reserved,      18.69 MB (  2%) committed. 

Chunk freelists:
   Non-Class:  3.61 MB
       Class:  1.73 MB
        Both:  5.34 MB

MaxMetaspaceSize: unlimited
CompressedClassSpaceSize: 1.00 GB
Initial GC threshold: 21.00 MB
Current GC threshold: 21.00 MB
CDS: on
MetaspaceReclaimPolicy: balanced
 - commit_granule_bytes: 65536.
 - commit_granule_words: 8192.
 - virtual_space_node_default_size: 8388608.
 - enlarge_chunks_in_place: 1.
 - new_chunks_are_fully_committed: 0.
 - uncommit_free_chunks: 1.
 - use_allocation_guard: 0.


Internal statistics:

num_allocs_failed_limit: 0.
num_arena_births: 236.
num_arena_deaths: 0.
num_vsnodes_births: 2.
num_vsnodes_deaths: 0.
num_space_committed: 300.
num_space_uncommitted: 0.
num_chunks_returned_to_freelist: 0.
num_chunks_taken_from_freelist: 891.
num_chunk_merges: 0.
num_chunk_splits: 607.
num_chunks_enlarged: 494.
num_inconsistent_stats: 0.

CodeHeap 'non-profiled nmethods': size=120000Kb used=1002Kb max_used=1002Kb free=118997Kb
 bounds [0x0000023ca1750000, 0x0000023ca19c0000, 0x0000023ca8c80000]
CodeHeap 'profiled nmethods': size=120000Kb used=5521Kb max_used=5521Kb free=114478Kb
 bounds [0x0000023c99c80000, 0x0000023c9a1f0000, 0x0000023ca11b0000]
CodeHeap 'non-nmethods': size=5760Kb used=1278Kb max_used=1322Kb free=4481Kb
 bounds [0x0000023ca11b0000, 0x0000023ca1420000, 0x0000023ca1750000]
 total_blobs=3218 nmethods=2725 adapters=402
 compilation: enabled
              stopped_count=0, restarted_count=0
 full_count=0

Compilation events (20 events):
Event: 1.145 Thread 0x0000023cb55427f0 nmethod 2668 0x0000023ca1847a90 code [0x0000023ca1847c20, 0x0000023ca1847cb8]
Event: 1.146 Thread 0x0000023cb55427f0 2690       4       jdk.internal.loader.BuiltinClassLoader::findLoadedModule (33 bytes)
Event: 1.147 Thread 0x0000023cb5544ee0 2691       1       ch.qos.logback.core.pattern.Converter::getNext (5 bytes)
Event: 1.148 Thread 0x0000023cb5544ee0 nmethod 2691 0x0000023ca1847d90 code [0x0000023ca1847f20, 0x0000023ca1847ff8]
Event: 1.148 Thread 0x0000023cb5544ee0 2692       3       java.lang.invoke.MemberName::equals (69 bytes)
Event: 1.149 Thread 0x0000023cb5544ee0 nmethod 2692 0x0000023c9a1c2d10 code [0x0000023c9a1c2fa0, 0x0000023c9a1c3cd8]
Event: 1.150 Thread 0x0000023cb5544ee0 2694       3       java.lang.invoke.DelegatingMethodHandle::<init> (10 bytes)
Event: 1.151 Thread 0x0000023cb5544ee0 nmethod 2694 0x0000023c9a1c4010 code [0x0000023c9a1c41e0, 0x0000023c9a1c45b8]
Event: 1.151 Thread 0x0000023cb5544ee0 2695       3       java.lang.invoke.DelegatingMethodHandle::chooseDelegatingForm (24 bytes)
Event: 1.151 Thread 0x0000023cb5544ee0 nmethod 2695 0x0000023c9a1c4710 code [0x0000023c9a1c48c0, 0x0000023c9a1c4c08]
Event: 1.157 Thread 0x0000023cb5544ee0 2696       3       java.lang.invoke.InfoFromMemberName::getName (8 bytes)
Event: 1.157 Thread 0x0000023cb5544ee0 nmethod 2696 0x0000023c9a1c4d10 code [0x0000023c9a1c4ee0, 0x0000023c9a1c52e8]
Event: 1.157 Thread 0x0000023cb5544ee0 2697       3       java.lang.invoke.InfoFromMemberName::getMethodType (8 bytes)
Event: 1.157 Thread 0x0000023cb5544ee0 nmethod 2697 0x0000023c9a1c5410 code [0x0000023c9a1c55c0, 0x0000023c9a1c5708]
Event: 1.157 Thread 0x0000023cb55427f0 nmethod 2690 0x0000023ca1848090 code [0x0000023ca1848260, 0x0000023ca1848c98]
Event: 1.157 Thread 0x0000023cb55427f0 2693       4       sun.net.www.ParseUtil::encodePath (41 bytes)
Event: 1.158 Thread 0x0000023cb5544ee0 2699       3       java.lang.invoke.InnerClassLambdaMetafactory::<init> (258 bytes)
Event: 1.159 Thread 0x0000023cb5544ee0 nmethod 2699 0x0000023c9a1c5810 code [0x0000023c9a1c5c20, 0x0000023c9a1c7ba8]
Event: 1.159 Thread 0x0000023cb5544ee0 2703       3       java.lang.invoke.AbstractValidatingLambdaMetafactory::checkDescriptor (133 bytes)
Event: 1.160 Thread 0x0000023cb55427f0 nmethod 2693 0x0000023ca1849210 code [0x0000023ca18493c0, 0x0000023ca1849648]

GC Heap History (4 events):
Event: 0.435 GC heap before
{Heap before GC invocations=0 (full 0):
 garbage-first heap   total 262144K, used 18432K [0x0000000700c00000, 0x0000000800000000)
  region size 2048K, 10 young (20480K), 0 survivors (0K)
 Metaspace       used 5829K, committed 5952K, reserved 1114112K
  class space    used 661K, committed 704K, reserved 1048576K
}
Event: 0.438 GC heap after
{Heap after GC invocations=1 (full 0):
 garbage-first heap   total 262144K, used 5808K [0x0000000700c00000, 0x0000000800000000)
  region size 2048K, 2 young (4096K), 2 survivors (4096K)
 Metaspace       used 5829K, committed 5952K, reserved 1114112K
  class space    used 661K, committed 704K, reserved 1048576K
}
Event: 0.674 GC heap before
{Heap before GC invocations=1 (full 0):
 garbage-first heap   total 262144K, used 26288K [0x0000000700c00000, 0x0000000800000000)
  region size 2048K, 13 young (26624K), 2 survivors (4096K)
 Metaspace       used 11755K, committed 11968K, reserved 1114112K
  class space    used 1350K, committed 1472K, reserved 1048576K
}
Event: 0.678 GC heap after
{Heap after GC invocations=2 (full 0):
 garbage-first heap   total 262144K, used 8031K [0x0000000700c00000, 0x0000000800000000)
  region size 2048K, 2 young (4096K), 2 survivors (4096K)
 Metaspace       used 11755K, committed 11968K, reserved 1114112K
  class space    used 1350K, committed 1472K, reserved 1048576K
}

Dll operation events (7 events):
Event: 0.005 Loaded shared library C:\Program Files\Java\jdk-19\bin\java.dll
Event: 0.012 Loaded shared library C:\Program Files\Java\jdk-19\bin\jsvml.dll
Event: 0.073 Loaded shared library C:\Program Files\Java\jdk-19\bin\net.dll
Event: 0.074 Loaded shared library C:\Program Files\Java\jdk-19\bin\nio.dll
Event: 0.076 Loaded shared library C:\Program Files\Java\jdk-19\bin\zip.dll
Event: 0.156 Loaded shared library C:\Program Files\Java\jdk-19\bin\jimage.dll
Event: 0.608 Loaded shared library C:\Program Files\Java\jdk-19\bin\verify.dll

Deoptimization events (20 events):
Event: 1.045 Thread 0x0000023c90546990 Uncommon trap: trap_request=0xffffffde fr.pc=0x0000023ca182cb80 relative=0x0000000000001680
Event: 1.045 Thread 0x0000023c90546990 Uncommon trap: reason=class_check action=maybe_recompile pc=0x0000023ca182cb80 method=java.util.HashMap.putVal(ILjava/lang/Object;Ljava/lang/Object;ZZ)Ljava/lang/Object; @ 203 c2
Event: 1.045 Thread 0x0000023c90546990 DEOPT PACKING pc=0x0000023ca182cb80 sp=0x000000d5304fe590
Event: 1.045 Thread 0x0000023c90546990 DEOPT UNPACKING pc=0x0000023ca1216da3 sp=0x000000d5304fe448 mode 2
Event: 1.100 Thread 0x0000023c90546990 Uncommon trap: trap_request=0xffffffde fr.pc=0x0000023ca1804bf8 relative=0x00000000000008f8
Event: 1.100 Thread 0x0000023c90546990 Uncommon trap: reason=class_check action=maybe_recompile pc=0x0000023ca1804bf8 method=java.util.HashMap.putVal(ILjava/lang/Object;Ljava/lang/Object;ZZ)Ljava/lang/Object; @ 203 c2
Event: 1.100 Thread 0x0000023c90546990 DEOPT PACKING pc=0x0000023ca1804bf8 sp=0x000000d5304fd840
Event: 1.100 Thread 0x0000023c90546990 DEOPT UNPACKING pc=0x0000023ca1216da3 sp=0x000000d5304fd750 mode 2
Event: 1.131 Thread 0x0000023c90546990 Uncommon trap: trap_request=0xffffff45 fr.pc=0x0000023ca18402d0 relative=0x0000000000000210
Event: 1.131 Thread 0x0000023c90546990 Uncommon trap: reason=unstable_if action=reinterpret pc=0x0000023ca18402d0 method=org.springframework.beans.factory.support.AbstractBeanFactory.isFactoryBean(Ljava/lang/String;Lorg/springframework/beans/factory/support/RootBeanDefinition;)Z @ 40 c2
Event: 1.131 Thread 0x0000023c90546990 DEOPT PACKING pc=0x0000023ca18402d0 sp=0x000000d5304fe320
Event: 1.131 Thread 0x0000023c90546990 DEOPT UNPACKING pc=0x0000023ca1216da3 sp=0x000000d5304fe2e0 mode 2
Event: 1.135 Thread 0x0000023c90546990 Uncommon trap: trap_request=0xffffffde fr.pc=0x0000023ca1804bf8 relative=0x00000000000008f8
Event: 1.135 Thread 0x0000023c90546990 Uncommon trap: reason=class_check action=maybe_recompile pc=0x0000023ca1804bf8 method=java.util.HashMap.putVal(ILjava/lang/Object;Ljava/lang/Object;ZZ)Ljava/lang/Object; @ 203 c2
Event: 1.135 Thread 0x0000023c90546990 DEOPT PACKING pc=0x0000023ca1804bf8 sp=0x000000d5304fd890
Event: 1.135 Thread 0x0000023c90546990 DEOPT UNPACKING pc=0x0000023ca1216da3 sp=0x000000d5304fd7a0 mode 2
Event: 1.158 Thread 0x0000023c90546990 Uncommon trap: trap_request=0xffffff45 fr.pc=0x0000023ca183930c relative=0x000000000000042c
Event: 1.158 Thread 0x0000023c90546990 Uncommon trap: reason=unstable_if action=reinterpret pc=0x0000023ca183930c method=org.springframework.beans.factory.support.AbstractBeanFactory.getMergedLocalBeanDefinition(Ljava/lang/String;)Lorg/springframework/beans/factory/support/RootBeanDefinition; 
Event: 1.158 Thread 0x0000023c90546990 DEOPT PACKING pc=0x0000023ca183930c sp=0x000000d5304fe0e0
Event: 1.158 Thread 0x0000023c90546990 DEOPT UNPACKING pc=0x0000023ca1216da3 sp=0x000000d5304fe098 mode 2

Classes loaded (20 events):
Event: 0.739 Loading class java/util/regex/Pattern$LazyLoop
Event: 0.739 Loading class java/util/regex/Pattern$Loop
Event: 0.739 Loading class java/util/regex/Pattern$Loop done
Event: 0.739 Loading class java/util/regex/Pattern$LazyLoop done
Event: 0.740 Loading class java/util/regex/Pattern$Prolog
Event: 0.740 Loading class java/util/regex/Pattern$Prolog done
Event: 0.744 Loading class java/lang/AssertionError
Event: 0.744 Loading class java/lang/AssertionError done
Event: 0.805 Loading class java/lang/Thread$ThreadNumbering
Event: 0.805 Loading class java/lang/Thread$ThreadNumbering done
Event: 0.813 Loading class javax/naming/ldap/LdapContext
Event: 0.813 Loading class javax/naming/directory/DirContext
Event: 0.813 Loading class javax/naming/directory/DirContext done
Event: 0.813 Loading class javax/naming/ldap/LdapContext done
Event: 0.943 Loading class java/beans/PropertyVetoException
Event: 0.943 Loading class java/beans/PropertyVetoException done
Event: 1.116 Loading class java/lang/UnsupportedClassVersionError
Event: 1.116 Loading class java/lang/ClassFormatError
Event: 1.116 Loading class java/lang/ClassFormatError done
Event: 1.116 Loading class java/lang/UnsupportedClassVersionError done

Classes unloaded (0 events):
No events

Classes redefined (0 events):
No events

Internal exceptions (20 events):
Event: 0.520 Thread 0x0000023c90546990 Exception <a 'java/lang/NoSuchMethodError'{0x00000007106f7b98}: 'java.lang.Object java.lang.invoke.DirectMethodHandle$Holder.invokeStatic(java.lang.Object, long, java.lang.Object)'> (0x00000007106f7b98) 
thrown [s\open\src\hotspot\share\interpreter\linkResolver.cpp, line 774]
Event: 0.520 Thread 0x0000023c90546990 Exception <a 'java/lang/NoSuchMethodError'{0x00000007106fb498}: 'java.lang.Object java.lang.invoke.DirectMethodHandle$Holder.invokeStaticInit(java.lang.Object, long, java.lang.Object)'> (0x00000007106fb498) 
thrown [s\open\src\hotspot\share\interpreter\linkResolver.cpp, line 774]
Event: 0.520 Thread 0x0000023c90546990 Exception <a 'java/lang/NoSuchMethodError'{0x0000000710701508}: 'java.lang.Object java.lang.invoke.DirectMethodHandle$Holder.newInvokeSpecial(java.lang.Object, long)'> (0x0000000710701508) 
thrown [s\open\src\hotspot\share\interpreter\linkResolver.cpp, line 774]
Event: 0.526 Thread 0x0000023c90546990 Exception <a 'java/lang/NoSuchMethodError'{0x0000000710741dd0}: 'void java.lang.invoke.DirectMethodHandle$Holder.invokeVirtual(java.lang.Object, java.lang.Object, java.lang.Object, java.lang.Object)'> (0x0000000710741dd0) 
thrown [s\open\src\hotspot\share\interpreter\linkResolver.cpp, line 774]
Event: 0.549 Thread 0x0000023c90546990 Exception <a 'java/lang/NoSuchMethodError'{0x000000071047c338}: 'void java.lang.invoke.DirectMethodHandle$Holder.invokeSpecial(java.lang.Object, java.lang.Object, java.lang.Object)'> (0x000000071047c338) 
thrown [s\open\src\hotspot\share\interpreter\linkResolver.cpp, line 774]
Event: 0.550 Thread 0x0000023c90546990 Exception <a 'java/lang/NoSuchMethodError'{0x00000007104828e0}: 'void java.lang.invoke.DirectMethodHandle$Holder.invokeSpecial(java.lang.Object, java.lang.Object, java.lang.Object, java.lang.Object, java.lang.Object)'> (0x00000007104828e0) 
thrown [s\open\src\hotspot\share\interpreter\linkResolver.cpp, line 774]
Event: 0.553 Thread 0x0000023cb550e8d0 Exception <a 'java/lang/NoClassDefFoundError'{0x00000007104b39c0}: jakarta/validation/Validation> (0x00000007104b39c0) 
thrown [s\open\src\hotspot\share\classfile\systemDictionary.cpp, line 244]
Event: 0.555 Thread 0x0000023c90546990 Exception <a 'java/lang/IncompatibleClassChangeError'{0x00000007104ee510}: Found class java.lang.Object, but interface was expected> (0x00000007104ee510) 
thrown [s\open\src\hotspot\share\interpreter\linkResolver.cpp, line 841]
Event: 0.621 Thread 0x0000023c90546990 Exception <a 'java/lang/NoSuchMethodError'{0x000000070fa42f70}: 'java.lang.Object java.lang.invoke.DirectMethodHandle$Holder.invokeStatic(java.lang.Object, int, java.lang.Object)'> (0x000000070fa42f70) 
thrown [s\open\src\hotspot\share\interpreter\linkResolver.cpp, line 774]
Event: 0.629 Thread 0x0000023c90546990 Exception <a 'java/lang/NoSuchMethodError'{0x000000070fadd530}: 'int java.lang.invoke.Invokers$Holder.invokeExact_MT(java.lang.Object, java.lang.Object)'> (0x000000070fadd530) 
thrown [s\open\src\hotspot\share\interpreter\linkResolver.cpp, line 774]
Event: 0.735 Thread 0x0000023c90546990 Exception <a 'java/lang/NoSuchMethodError'{0x0000000710282ce8}: 'int java.lang.invoke.DirectMethodHandle$Holder.invokeSpecial(java.lang.Object, java.lang.Object, java.lang.Object, java.lang.Object, java.lang.Object)'> (0x0000000710282ce8) 
thrown [s\open\src\hotspot\share\interpreter\linkResolver.cpp, line 774]
Event: 0.737 Thread 0x0000023c90546990 Exception <a 'java/lang/NoSuchMethodError'{0x000000071028bcf0}: 'void java.lang.invoke.DirectMethodHandle$Holder.invokeVirtual(java.lang.Object, java.lang.Object)'> (0x000000071028bcf0) 
thrown [s\open\src\hotspot\share\interpreter\linkResolver.cpp, line 774]
Event: 0.745 Thread 0x0000023cb550e8d0 Exception <a 'java/lang/NoSuchMethodError'{0x0000000710354848}: 'long java.lang.invoke.DirectMethodHandle$Holder.invokeSpecial(java.lang.Object, java.lang.Object)'> (0x0000000710354848) 
thrown [s\open\src\hotspot\share\interpreter\linkResolver.cpp, line 774]
Event: 0.746 Thread 0x0000023cb550e8d0 Exception <a 'java/lang/NoSuchMethodError'{0x00000007103d5158}: 'long java.lang.invoke.DirectMethodHandle$Holder.invokeStatic(java.lang.Object, java.lang.Object)'> (0x00000007103d5158) 
thrown [s\open\src\hotspot\share\interpreter\linkResolver.cpp, line 774]
Event: 0.746 Thread 0x0000023cb550e8d0 Exception <a 'java/lang/NoSuchMethodError'{0x00000007103d8760}: 'long java.lang.invoke.DirectMethodHandle$Holder.invokeStaticInit(java.lang.Object, java.lang.Object)'> (0x00000007103d8760) 
thrown [s\open\src\hotspot\share\interpreter\linkResolver.cpp, line 774]
Event: 0.747 Thread 0x0000023cb550e8d0 Exception <a 'java/lang/NoSuchMethodError'{0x00000007103e6770}: 'long java.lang.invoke.DirectMethodHandle$Holder.invokeInterface(java.lang.Object, java.lang.Object)'> (0x00000007103e6770) 
thrown [s\open\src\hotspot\share\interpreter\linkResolver.cpp, line 774]
Event: 0.747 Thread 0x0000023cb550e8d0 Exception <a 'java/lang/IncompatibleClassChangeError'{0x00000007103e9d08}: Found class java.lang.Object, but interface was expected> (0x00000007103e9d08) 
thrown [s\open\src\hotspot\share\interpreter\linkResolver.cpp, line 841]
Event: 0.754 Thread 0x0000023cb550e8d0 Exception <a 'java/lang/NoSuchMethodError'{0x00000007100a9880}: 'java.lang.Object java.lang.invoke.DirectMethodHandle$Holder.invokeVirtual(java.lang.Object, java.lang.Object, java.lang.Object, java.lang.Object)'> (0x00000007100a9880) 
thrown [s\open\src\hotspot\share\interpreter\linkResolver.cpp, line 774]
Event: 0.835 Thread 0x0000023c90546990 Exception <a 'java/lang/IncompatibleClassChangeError'{0x000000070fdc4ac8}: Found class java.lang.Object, but interface was expected> (0x000000070fdc4ac8) 
thrown [s\open\src\hotspot\share\interpreter\linkResolver.cpp, line 841]
Event: 0.855 Thread 0x0000023c90546990 Exception <a 'java/lang/NoSuchMethodError'{0x000000070faeb948}: 'void java.lang.invoke.DirectMethodHandle$Holder.invokeInterface(java.lang.Object, java.lang.Object, java.lang.Object, java.lang.Object)'> (0x000000070faeb948) 
thrown [s\open\src\hotspot\share\interpreter\linkResolver.cpp, line 774]

VM Operations (20 events):
Event: 0.545 Executing VM operation: HandshakeAllThreads
Event: 0.545 Executing VM operation: HandshakeAllThreads done
Event: 0.548 Executing VM operation: HandshakeAllThreads
Event: 0.548 Executing VM operation: HandshakeAllThreads done
Event: 0.641 Executing VM operation: HandshakeAllThreads
Event: 0.641 Executing VM operation: HandshakeAllThreads done
Event: 0.665 Executing VM operation: ICBufferFull
Event: 0.665 Executing VM operation: ICBufferFull done
Event: 0.674 Executing VM operation: G1CollectForAllocation
Event: 0.678 Executing VM operation: G1CollectForAllocation done
Event: 0.713 Executing VM operation: HandshakeAllThreads
Event: 0.713 Executing VM operation: HandshakeAllThreads done
Event: 0.727 Executing VM operation: HandshakeAllThreads
Event: 0.727 Executing VM operation: HandshakeAllThreads done
Event: 0.924 Executing VM operation: ICBufferFull
Event: 0.924 Executing VM operation: ICBufferFull done
Event: 1.067 Executing VM operation: ICBufferFull
Event: 1.067 Executing VM operation: ICBufferFull done
Event: 1.157 Executing VM operation: HandshakeAllThreads
Event: 1.157 Executing VM operation: HandshakeAllThreads done

Events (17 events):
Event: 0.012 Thread 0x0000023c90546990 Thread added: 0x0000023c90546990
Event: 0.022 Thread 0x0000023cb5506e20 Thread added: 0x0000023cb5506e20
Event: 0.022 Thread 0x0000023cb550a3c0 Thread added: 0x0000023cb550a3c0
Event: 0.022 Thread 0x0000023cb550c3a0 Thread added: 0x0000023cb550c3a0
Event: 0.022 Thread 0x0000023cb550d8e0 Thread added: 0x0000023cb550d8e0
Event: 0.022 Thread 0x0000023cb550de30 Thread added: 0x0000023cb550de30
Event: 0.022 Thread 0x0000023cb550c8f0 Thread added: 0x0000023cb550c8f0
Event: 0.022 Thread 0x0000023cb5520740 Thread added: 0x0000023cb5520740
Event: 0.022 Thread 0x0000023cb5544ee0 Thread added: 0x0000023cb5544ee0
Event: 0.022 Thread 0x0000023cb550d390 Thread added: 0x0000023cb550d390
Event: 0.064 Thread 0x0000023cb550ce40 Thread added: 0x0000023cb550ce40
Event: 0.067 Thread 0x0000023cb550e380 Thread added: 0x0000023cb550e380
Event: 0.090 Thread 0x0000023cb55427f0 Thread added: 0x0000023cb55427f0
Event: 0.552 Thread 0x0000023cb550e8d0 Thread added: 0x0000023cb550e8d0
Event: 0.757 Thread 0x0000023cb550e8d0 Thread exited: 0x0000023cb550e8d0
Event: 0.805 Thread 0x0000023cb550ee20 Thread added: 0x0000023cb550ee20
Event: 0.820 Thread 0x0000023cb550ee20 Thread exited: 0x0000023cb550ee20


Dynamic libraries:
0x00007ff7e9700000 - 0x00007ff7e9710000 	C:\Program Files\Java\jdk-19\bin\javaw.exe
0x00007ffe38e10000 - 0x00007ffe39008000 	C:\WINDOWS\SYSTEM32\ntdll.dll
0x00007ffe36ff0000 - 0x00007ffe370af000 	C:\WINDOWS\System32\KERNEL32.DLL
0x00007ffe36930000 - 0x00007ffe36c0a000 	C:\WINDOWS\System32\KERNELBASE.dll
0x00007ffe36830000 - 0x00007ffe36930000 	C:\WINDOWS\System32\ucrtbase.dll
0x00007ffe1d440000 - 0x00007ffe1d458000 	C:\Program Files\Java\jdk-19\bin\jli.dll
0x00007ffe1d460000 - 0x00007ffe1d47b000 	C:\Program Files\Java\jdk-19\bin\VCRUNTIME140.dll
0x00007ffe38d20000 - 0x00007ffe38dce000 	C:\WINDOWS\System32\ADVAPI32.dll
0x00007ffe38350000 - 0x00007ffe383ee000 	C:\WINDOWS\System32\msvcrt.dll
0x00007ffe37160000 - 0x00007ffe371fc000 	C:\WINDOWS\System32\sechost.dll
0x00007ffe37630000 - 0x00007ffe37756000 	C:\WINDOWS\System32\RPCRT4.dll
0x00007ffe37490000 - 0x00007ffe3762d000 	C:\WINDOWS\System32\USER32.dll
0x00007ffe2b560000 - 0x00007ffe2b7fa000 	C:\WINDOWS\WinSxS\amd64_microsoft.windows.common-controls_6595b64144ccf1df_6.0.19041.1110_none_60b5254171f9507e\COMCTL32.dll
0x00007ffe38cf0000 - 0x00007ffe38d1b000 	C:\WINDOWS\System32\GDI32.dll
0x00007ffe36d60000 - 0x00007ffe36e70000 	C:\WINDOWS\System32\gdi32full.dll
0x00007ffe36c10000 - 0x00007ffe36cad000 	C:\WINDOWS\System32\msvcp_win.dll
0x00007ffe36570000 - 0x00007ffe36592000 	C:\WINDOWS\System32\win32u.dll
0x00007ffe300e0000 - 0x00007ffe300ea000 	C:\WINDOWS\SYSTEM32\VERSION.dll
0x00007ffe38280000 - 0x00007ffe382b0000 	C:\WINDOWS\System32\IMM32.DLL
0x00007ffe1d430000 - 0x00007ffe1d43c000 	C:\Program Files\Java\jdk-19\bin\vcruntime140_1.dll
0x00007ffdfabf0000 - 0x00007ffdfac7e000 	C:\Program Files\Java\jdk-19\bin\msvcp140.dll
0x00007ffdacae0000 - 0x00007ffdad7a0000 	C:\Program Files\Java\jdk-19\bin\server\jvm.dll
0x00007ffde2120000 - 0x00007ffde2129000 	C:\WINDOWS\SYSTEM32\WSOCK32.dll
0x00007ffe2f5e0000 - 0x00007ffe2f607000 	C:\WINDOWS\SYSTEM32\WINMM.dll
0x00007ffe37d10000 - 0x00007ffe37d7b000 	C:\WINDOWS\System32\WS2_32.dll
0x00007ffe34400000 - 0x00007ffe34412000 	C:\WINDOWS\SYSTEM32\kernel.appcore.dll
0x00007ffe2f480000 - 0x00007ffe2f48a000 	C:\Program Files\Java\jdk-19\bin\jimage.dll
0x00007ffe26c60000 - 0x00007ffe26e44000 	C:\WINDOWS\SYSTEM32\DBGHELP.DLL
0x00007ffe21e10000 - 0x00007ffe21e44000 	C:\WINDOWS\SYSTEM32\dbgcore.DLL
0x00007ffe367a0000 - 0x00007ffe36822000 	C:\WINDOWS\System32\bcryptPrimitives.dll
0x00007ffe28a40000 - 0x00007ffe28a66000 	C:\Program Files\Java\jdk-19\bin\java.dll
0x00007ffe11280000 - 0x00007ffe11357000 	C:\Program Files\Java\jdk-19\bin\jsvml.dll
0x00007ffe383f0000 - 0x00007ffe38b34000 	C:\WINDOWS\System32\SHELL32.dll
0x00007ffe34600000 - 0x00007ffe34d93000 	C:\WINDOWS\SYSTEM32\windows.storage.dll
0x00007ffe37f20000 - 0x00007ffe38274000 	C:\WINDOWS\System32\combase.dll
0x00007ffe35f80000 - 0x00007ffe35fae000 	C:\WINDOWS\SYSTEM32\Wldp.dll
0x00007ffe37e70000 - 0x00007ffe37f1d000 	C:\WINDOWS\System32\SHCORE.dll
0x00007ffe38c90000 - 0x00007ffe38ce5000 	C:\WINDOWS\System32\shlwapi.dll
0x00007ffe36460000 - 0x00007ffe3647f000 	C:\WINDOWS\SYSTEM32\profapi.dll
0x00007ffe15030000 - 0x00007ffe15043000 	C:\Program Files\Java\jdk-19\bin\net.dll
0x00007ffe30310000 - 0x00007ffe3041a000 	C:\WINDOWS\SYSTEM32\WINHTTP.dll
0x00007ffe35ce0000 - 0x00007ffe35d4a000 	C:\WINDOWS\system32\mswsock.dll
0x00007ffe14f00000 - 0x00007ffe14f16000 	C:\Program Files\Java\jdk-19\bin\nio.dll
0x00007ffe14ee0000 - 0x00007ffe14ef8000 	C:\Program Files\Java\jdk-19\bin\zip.dll
0x00007ffe1d020000 - 0x00007ffe1d030000 	C:\Program Files\Java\jdk-19\bin\verify.dll

dbghelp: loaded successfully - version: 4.0.5 - missing functions: none
symbol engine: initialized successfully - sym options: 0x614 - pdb path: .;C:\Program Files\Java\jdk-19\bin;C:\WINDOWS\SYSTEM32;C:\WINDOWS\WinSxS\amd64_microsoft.windows.common-controls_6595b64144ccf1df_6.0.19041.1110_none_60b5254171f9507e;C:\Program Files\Java\jdk-19\bin\server

VM Arguments:
jvm_args: -Dfile.encoding=UTF-8 -XX:+ShowCodeDetailsInExceptionMessages 
java_command: com.proyecto.pcstore.pcstore.PcstoreApplication
java_class_path (initial): D:\pc\CEV\Ejercicos\14-PROYECTO\API\pcstore\target\classes;C:\Users\pc\.m2\repository\org\springframework\boot\spring-boot-starter-data-jpa\3.0.5\spring-boot-starter-data-jpa-3.0.5.jar;C:\Users\pc\.m2\repository\org\springframework\boot\spring-boot-starter-aop\3.0.5\spring-boot-starter-aop-3.0.5.jar;C:\Users\pc\.m2\repository\org\springframework\spring-aop\6.0.7\spring-aop-6.0.7.jar;C:\Users\pc\.m2\repository\org\aspectj\aspectjweaver\1.9.19\aspectjweaver-1.9.19.jar;C:\Users\pc\.m2\repository\org\springframework\boot\spring-boot-starter-jdbc\3.0.5\spring-boot-starter-jdbc-3.0.5.jar;C:\Users\pc\.m2\repository\com\zaxxer\HikariCP\5.0.1\HikariCP-5.0.1.jar;C:\Users\pc\.m2\repository\org\springframework\spring-jdbc\6.0.7\spring-jdbc-6.0.7.jar;C:\Users\pc\.m2\repository\org\hibernate\orm\hibernate-core\6.1.7.Final\hibernate-core-6.1.7.Final.jar;C:\Users\pc\.m2\repository\jakarta\persistence\jakarta.persistence-api\3.1.0\jakarta.persistence-api-3.1.0.jar;C:\Users\pc\.m2\repository\jakarta\transaction\jakarta.transaction-api\2.0.1\jakarta.transaction-api-2.0.1.jar;C:\Users\pc\.m2\repository\org\jboss\logging\jboss-logging\3.5.0.Final\jboss-logging-3.5.0.Final.jar;C:\Users\pc\.m2\repository\org\hibernate\common\hibernate-commons-annotations\6.0.6.Final\hibernate-commons-annotations-6.0.6.Final.jar;C:\Users\pc\.m2\repository\org\jboss\jandex\2.4.2.Final\jandex-2.4.2.Final.jar;C:\Users\pc\.m2\repository\com\fasterxml\classmate\1.5.1\classmate-1.5.1.jar;C:\Users\pc\.m2\repository\net\bytebuddy\byte-buddy\1.12.23\byte-buddy-1.12.23.jar;C:\Users\pc\.m2\repository\org\glassfish\jaxb\jaxb-runtime\4.0.2\jaxb-runtime-4.0.2.jar;C:\Users\pc\.m2\repository\org\glassfish\jaxb\jaxb-core\4.0.2\jaxb-core-4.0.2.jar;C:\Users\pc\.m2\repository\org\eclipse\angus\angus-activation\2.0.0\angus-activation-2.0.0.jar;C:\Users\pc\.m2\repository\org\glassfish\jaxb\txw2\4.0.2\txw2-4.0.2.jar;C:\Users\pc\.m2\repository\com\sun\istack\istack-commons-runtime\4.1.1\istack-commons-runtime-4.1.1.jar;C:\Users\pc\.m2\repository\jakarta\inject\jakarta.inject-api\2.0.0\jakarta.inject-api-2.0.0.jar;C:\Users\pc\.m2\repository\org\antlr\antlr4-runtime\4.10.1\antlr4-runtime-4.10.1.jar;C:\Users\pc\.m2\repository\org\springframework\data\spring-data-jpa\3.0.4\spring-data-jpa-3.0.4.jar;C:\Users\pc\.m2\repository\org\springframework\data\spring-data-commons\3.0.4\spring-data-commons-3.0.4.jar;C:\Users\pc\.m2\repository\org\springframework\spring-orm\6.0.7\spring-orm-6.0.7.jar;C:\Users\pc\.m2\repository\org\springframework\spring-context\6.0.7\spring-context-6.0.7.jar;C:\Users\pc\.m2\repository\org\springframework\spring-tx\6.0.7\spring-tx-6.0.7.jar;C:\Users\pc\.m2\repository\org\springframework\spring-beans\6.0.7\spring-beans-6.0.7.jar;C:\Users\pc\.m2\repository\jakarta\annotation\jakarta.annotation-api\2.1.1\jakarta.annotation-api-2.1.1.jar;C:\Users\pc\.m2\repository\org\slf4j\slf4j-api\2.0.7\slf4j-api-2.0.7.jar;C:\Users\pc\.m2\repository\org\springframework\spring-aspects\6.0.7\spring-aspects-6.0.7.jar;C:\Users\pc\.m2\repository\org\springframework\boot\spring-boot-starter-web\3.0.5\spring-boot-starter-web-3.0.5.jar;C:\Users\pc\.m2\repository\org\springframework\boot\spring-boot-starter\3.0.5\spring-boot-starter-3.0.5.jar;C:\Users\pc\.m2\repository\org\springframework\boot\spring-boot\3.0.5\spring-boot-3.0.5.jar;C:\Users\pc\.m2\repository\org\springframework\boot\spring-boot-autoconfigure\3.0.5\spring-boot-autoconfigure-3.0.5.jar;C:\Users\pc\.m2\repository\org\springframework\boot\spring-boot-starter-logging\3.0.5\spring-boot-starter-logging-3.0.5.jar;C:\Users\pc\.m2\repository\ch\qos\logback\logback-classic\1.4.6\logback-classic-1.4.6.jar;C:\Users\pc\.m2\repository\ch\qos\logback\logback-core\1.4.6\logback-core-1.4.6.jar;C:\Users\pc\.m2\repository\org\apache\logging\log4j\log4j-to-slf4j\2.19.0\log4j-to-slf4j-2.19.0.jar;C:\Users\pc\.m2\repository\org\apache\logging\log4j\log4j-api\2.19.0\log4j-api-2.19.0.jar;C:\Users\pc\.m2\repository\org\slf4j\jul-to-slf4j\2.0.7\jul-to-slf4j-2.0.7.jar;C:\Users\pc\.m2\repository\org\yaml\snakeyaml\1.33\snakeyaml-1.33.jar;C:\Users\pc\.m2\repository\org\springframework\boot\spring-boot-starter-json\3.0.5\spring-boot-starter-json-3.0.5.jar;C:\Users\pc\.m2\repository\com\fasterxml\jackson\core\jackson-databind\2.14.2\jackson-databind-2.14.2.jar;C:\Users\pc\.m2\repository\com\fasterxml\jackson\core\jackson-annotations\2.14.2\jackson-annotations-2.14.2.jar;C:\Users\pc\.m2\repository\com\fasterxml\jackson\core\jackson-core\2.14.2\jackson-core-2.14.2.jar;C:\Users\pc\.m2\repository\com\fasterxml\jackson\datatype\jackson-datatype-jdk8\2.14.2\jackson-datatype-jdk8-2.14.2.jar;C:\Users\pc\.m2\repository\com\fasterxml\jackson\datatype\jackson-datatype-jsr310\2.14.2\jackson-datatype-jsr310-2.14.2.jar;C:\Users\pc\.m2\repository\com\fasterxml\jackson\module\jackson-module-parameter-names\2.14.2\jackson-module-parameter-names-2.14.2.jar;C:\Users\pc\.m2\repository\org\springframework\boot\spring-boot-starter-tomcat\3.0.5\spring-boot-starter-tomcat-3.0.5.jar;C:\Users\pc\.m2\repository\org\apache\tomcat\embed\tomcat-embed-core\10.1.7\tomcat-embed-core-10.1.7.jar;C:\Users\pc\.m2\repository\org\apache\tomcat\embed\tomcat-embed-el\10.1.7\tomcat-embed-el-10.1.7.jar;C:\Users\pc\.m2\repository\org\apache\tomcat\embed\tomcat-embed-websocket\10.1.7\tomcat-embed-websocket-10.1.7.jar;C:\Users\pc\.m2\repository\org\springframework\spring-web\6.0.7\spring-web-6.0.7.jar;C:\Users\pc\.m2\repository\io\micrometer\micrometer-observation\1.10.5\micrometer-observation-1.10.5.jar;C:\Users\pc\.m2\repository\io\micrometer\micrometer-commons\1.10.5\micrometer-commons-1.10.5.jar;C:\Users\pc\.m2\repository\org\springframework\spring-webmvc\6.0.7\spring-webmvc-6.0.7.jar;C:\Users\pc\.m2\repository\org\springframework\spring-expression\6.0.7\spring-expression-6.0.7.jar;C:\Users\pc\.m2\repository\jakarta\xml\bind\jakarta.xml.bind-api\4.0.0\jakarta.xml.bind-api-4.0.0.jar;C:\Users\pc\.m2\repository\jakarta\activation\jakarta.activation-api\2.1.1\jakarta.activation-api-2.1.1.jar;C:\Users\pc\.m2\repository\org\springframework\spring-core\6.0.7\spring-core-6.0.7.jar;C:\Users\pc\.m2\repository\org\springframework\spring-jcl\6.0.7\spring-jcl-6.0.7.jar;C:\Users\pc\.m2\repository\com\h2database\h2\2.1.214\h2-2.1.214.jar
Launcher Type: SUN_STANDARD

[Global flags]
     intx CICompilerCount                          = 3                                         {product} {ergonomic}
     uint ConcGCThreads                            = 2                                         {product} {ergonomic}
     uint G1ConcRefinementThreads                  = 6                                         {product} {ergonomic}
   size_t G1HeapRegionSize                         = 2097152                                   {product} {ergonomic}
    uintx GCDrainStackTargetSize                   = 64                                        {product} {ergonomic}
   size_t InitialHeapSize                          = 268435456                                 {product} {ergonomic}
   size_t MarkStackSize                            = 4194304                                   {product} {ergonomic}
   size_t MaxHeapSize                              = 4282384384                                {product} {ergonomic}
   size_t MaxNewSize                               = 2569011200                                {product} {ergonomic}
   size_t MinHeapDeltaBytes                        = 2097152                                   {product} {ergonomic}
   size_t MinHeapSize                              = 8388608                                   {product} {ergonomic}
    uintx NonNMethodCodeHeapSize                   = 5832780                                {pd product} {ergonomic}
    uintx NonProfiledCodeHeapSize                  = 122912730                              {pd product} {ergonomic}
    uintx ProfiledCodeHeapSize                     = 122912730                              {pd product} {ergonomic}
    uintx ReservedCodeCacheSize                    = 251658240                              {pd product} {ergonomic}
     bool SegmentedCodeCache                       = true                                      {product} {ergonomic}
     bool ShowCodeDetailsInExceptionMessages       = true                                   {manageable} {command line}
   size_t SoftMaxHeapSize                          = 4282384384                             {manageable} {ergonomic}
     bool UseCompressedClassPointers               = true                           {product lp64_product} {ergonomic}
     bool UseCompressedOops                        = true                           {product lp64_product} {ergonomic}
     bool UseG1GC                                  = true                                      {product} {ergonomic}
     bool UseLargePagesIndividualAllocation        = false                                  {pd product} {ergonomic}

Logging:
Log output configuration:
 #0: stdout all=warning uptime,level,tags foldmultilines=false
 #1: stderr all=off uptime,level,tags foldmultilines=false

Environment Variables:
JAVA_HOME=C:\Program Files\Java\jdk-19
PATH=C:/Program Files/Java/jdk-19/bin/server;C:/Program Files/Java/jdk-19/bin;C:\Program Files\Java\jdk-19\bin;C:\Program Files\Common Files\Oracle\Java\javapath;C:\WINDOWS\system32;C:\WINDOWS;C:\WINDOWS\System32\Wbem;C:\WINDOWS\System32\WindowsPowerShell\v1.0\;C:\WINDOWS\System32\OpenSSH\;C:\Program Files\AutoFirma\AutoFirma;C:\Program Files\jdk-16.0.2\bin;C:\Program Files (x86)\dotnet\;C:\Program Files\Common Files\Autodesk Shared\;C:\Program Files\Microsoft SQL Server\120\Tools\Binn\;C:\Program Files (x86)\NVIDIA Corporation\PhysX\Common;C:\Program Files\NVIDIA Corporation\NVIDIA NvDLISR;C:\Program Files (x86)\GtkSharp\2.12\bin;C:\apache-maven-3.8.7\bin;C:\Program Files\nodejs\;C:\Program Files\PowerShell\7-preview\preview;C:\Program Files\PowerShell\7\;C:\Users\pc\AppData\Local\Microsoft\WindowsApps;C:\Program Files (x86)\Brackets\;C:\Users\pc\AppData\Local\Programs\Microsoft VS Code\bin;C:\Users\pc\AppData\Roaming\npm;C:\Users\pc\eclipse\java-2022-122\eclipse;
USERNAME=pc
OS=Windows_NT
PROCESSOR_IDENTIFIER=Intel64 Family 6 Model 158 Stepping 10, GenuineIntel
TMP=C:\Users\pc\AppData\Local\Temp
TEMP=C:\Users\pc\AppData\Local\Temp



---------------  S Y S T E M  ---------------

OS:
 Windows 10 , 64 bit Build 19041 (10.0.19041.2788)
OS uptime: 0 days 1:32 hours

CPU: total 6 (initial active 6) (6 cores per cpu, 1 threads per core) family 6 model 158 stepping 10 microcode 0xb4, cx8, cmov, fxsr, mmx, 3dnowpref, sse, sse2, sse3, ssse3, sse4.1, sse4.2, popcnt, lzcnt, tsc, tscinvbit, avx, avx2, aes, erms, clmul, bmi1, bmi2, adx, fma, vzeroupper, clflush, clflushopt, rdtscp

Memory: 4k page, system-wide physical 16328M (3175M free)
TotalPageFile size 16328M (AvailPageFile size 5M)
current process WorkingSet (physical memory assigned to process): 129M, peak: 129M
current process commit charge ("private bytes"): 386M, peak: 386M

vm_info: Java HotSpot(TM) 64-Bit Server VM (19.0.2+7-44) for windows-amd64 JRE (19.0.2+7-44), built on 2022-11-30T18:02:09Z by "mach5one" with MS VC++ 17.1 (VS2022)

END.
