#
# There is insufficient memory for the Java Runtime Environment to continue.
# Native memory allocation (mmap) failed to map 65536 bytes for Failed to commit metaspace.
# Possible reasons:
#   The system is out of physical RAM or swap space
#   The process is running with CompressedOops enabled, and the Java Heap may be blocking the growth of the native heap
# Possible solutions:
#   Reduce memory load on the system
#   Increase physical memory or swap space
#   Check if swap backing store is full
#   Decrease Java heap size (-Xmx/-Xms)
#   Decrease number of Java threads
#   Decrease Java thread stack sizes (-Xss)
#   Set larger code cache with -XX:ReservedCodeCacheSize=
#   JVM is running with Zero Based Compressed Oops mode in which the Java heap is
#     placed in the first 32GB address space. The Java Heap base address is the
#     maximum limit for the native heap growth. Please use -XX:HeapBaseMinAddress
#     to set the Java Heap base and to place the Java Heap above 32GB virtual address.
# This output file may be truncated or incomplete.
#
#  Out of Memory Error (virtualSpaceNode.cpp:110), pid=2948, tid=10028
#
# JRE version: Java(TM) SE Runtime Environment (19.0.2+7) (build 19.0.2+7-44)
# Java VM: Java HotSpot(TM) 64-Bit Server VM (19.0.2+7-44, mixed mode, sharing, tiered, compressed oops, compressed class ptrs, g1 gc, windows-amd64)
# No core dump will be written. Minidumps are not enabled by default on client versions of Windows
#

---------------  S U M M A R Y ------------

Command Line: -Dfile.encoding=UTF-8 -XX:+ShowCodeDetailsInExceptionMessages com.proyecto.pcstore.pcstore.PcstoreApplication

Host: Intel(R) Core(TM) i5-9400F CPU @ 2.90GHz, 6 cores, 15G,  Windows 10 , 64 bit Build 19041 (10.0.19041.2788)
Time: Thu Apr 20 11:22:57 2023 Hora de verano romance elapsed time: 0.211441 seconds (0d 0h 0m 0s)

---------------  T H R E A D  ---------------

Current thread (0x000002d1eb214180):  JavaThread "main" [_thread_in_vm, id=10028, stack(0x000000fdebc00000,0x000000fdebd00000)]

Stack: [0x000000fdebc00000,0x000000fdebd00000]
Native frames: (J=compiled Java code, j=interpreted, Vv=VM code, C=native code)
V  [jvm.dll+0x6ee21a]
V  [jvm.dll+0x85765e]
V  [jvm.dll+0x85904e]
V  [jvm.dll+0x859703]
V  [jvm.dll+0x28298f]
V  [jvm.dll+0x8532db]
V  [jvm.dll+0x692cb6]
V  [jvm.dll+0x1f2937]
V  [jvm.dll+0x6956f2]
V  [jvm.dll+0x6954de]
V  [jvm.dll+0x6936de]
V  [jvm.dll+0x69dd07]
V  [jvm.dll+0x21e072]
V  [jvm.dll+0x21e5a5]
V  [jvm.dll+0x21ef01]
V  [jvm.dll+0x2146a1]
V  [jvm.dll+0x5a9cb6]
V  [jvm.dll+0x7cd423]
V  [jvm.dll+0x7cd504]
V  [jvm.dll+0x46ac34]
V  [jvm.dll+0x47021f]
C  [java.dll+0x17ec]

Java frames: (J=compiled Java code, j=interpreted, Vv=VM code)
j  java.lang.ClassLoader.defineClass1(Ljava/lang/ClassLoader;Ljava/lang/String;[BIILjava/security/ProtectionDomain;Ljava/lang/String;)Ljava/lang/Class;+0 java.base@19.0.2
j  java.lang.ClassLoader.defineClass(Ljava/lang/String;[BIILjava/security/ProtectionDomain;)Ljava/lang/Class;+27 java.base@19.0.2
j  java.security.SecureClassLoader.defineClass(Ljava/lang/String;[BIILjava/security/CodeSource;)Ljava/lang/Class;+12 java.base@19.0.2
j  jdk.internal.loader.BuiltinClassLoader.defineClass(Ljava/lang/String;Ljdk/internal/loader/Resource;)Ljava/lang/Class;+117 java.base@19.0.2
j  jdk.internal.loader.BuiltinClassLoader.findClassOnClassPathOrNull(Ljava/lang/String;)Ljava/lang/Class;+37 java.base@19.0.2
J 490 c1 jdk.internal.loader.BuiltinClassLoader.loadClassOrNull(Ljava/lang/String;Z)Ljava/lang/Class; java.base@19.0.2 (143 bytes) @ 0x000002d1800ad8ec [0x000002d1800ace60+0x0000000000000a8c]
j  jdk.internal.loader.BuiltinClassLoader.loadClass(Ljava/lang/String;Z)Ljava/lang/Class;+3 java.base@19.0.2
j  jdk.internal.loader.ClassLoaders$AppClassLoader.loadClass(Ljava/lang/String;Z)Ljava/lang/Class;+36 java.base@19.0.2
j  java.lang.ClassLoader.loadClass(Ljava/lang/String;)Ljava/lang/Class;+3 java.base@19.0.2
v  ~StubRoutines::call_stub 0x000002d18753100e
j  ch.qos.logback.classic.spi.LogbackServiceProvider.initializeLoggerContext()V+38
j  ch.qos.logback.classic.spi.LogbackServiceProvider.initialize()V+21
j  org.slf4j.LoggerFactory.bind()V+37
j  org.slf4j.LoggerFactory.performInitialization()V+0
j  org.slf4j.LoggerFactory.getProvider()Lorg/slf4j/spi/SLF4JServiceProvider;+21
j  org.slf4j.LoggerFactory.getILoggerFactory()Lorg/slf4j/ILoggerFactory;+0
j  org.slf4j.LoggerFactory.getLogger(Ljava/lang/String;)Lorg/slf4j/Logger;+0
j  org.apache.commons.logging.LogAdapter$Slf4jAdapter.createLocationAwareLog(Ljava/lang/String;)Lorg/apache/commons/logging/Log;+1
j  org.apache.commons.logging.LogAdapter$$Lambda$1+0x0000000801005800.apply(Ljava/lang/Object;)Ljava/lang/Object;+4
j  org.apache.commons.logging.LogAdapter.createLog(Ljava/lang/String;)Lorg/apache/commons/logging/Log;+4
j  org.apache.commons.logging.LogFactory.getLog(Ljava/lang/String;)Lorg/apache/commons/logging/Log;+1
j  org.apache.commons.logging.LogFactory.getLog(Ljava/lang/Class;)Lorg/apache/commons/logging/Log;+4
j  org.springframework.boot.SpringApplication.<clinit>()V+2
v  ~StubRoutines::call_stub 0x000002d18753100e
j  com.proyecto.pcstore.pcstore.PcstoreApplication.main([Ljava/lang/String;)V+3
v  ~StubRoutines::call_stub 0x000002d18753100e

Compiled method (c1)     233  490   !   3       jdk.internal.loader.BuiltinClassLoader::loadClassOrNull (143 bytes)
 total in heap  [0x000002d1800acb90,0x000002d1800ae3f8] = 6248
 relocation     [0x000002d1800accf0,0x000002d1800ace48] = 344
 main code      [0x000002d1800ace60,0x000002d1800add40] = 3808
 stub code      [0x000002d1800add40,0x000002d1800ade08] = 200
 metadata       [0x000002d1800ade08,0x000002d1800ade68] = 96
 scopes data    [0x000002d1800ade68,0x000002d1800ae090] = 552
 scopes pcs     [0x000002d1800ae090,0x000002d1800ae270] = 480
 dependencies   [0x000002d1800ae270,0x000002d1800ae280] = 16
 handler table  [0x000002d1800ae280,0x000002d1800ae3d0] = 336
 nul chk table  [0x000002d1800ae3d0,0x000002d1800ae3f8] = 40

[Constant Pool (empty)]

[MachCode]
[Entry Point]
  # {method} {0x0000000800082e90} 'loadClassOrNull' '(Ljava/lang/String;Z)Ljava/lang/Class;' in 'jdk/internal/loader/BuiltinClassLoader'
  # this:     rdx:rdx   = 'jdk/internal/loader/BuiltinClassLoader'
  # parm0:    r8:r8     = 'java/lang/String'
  # parm1:    r9        = boolean
  #           [sp+0xd0]  (sp of caller)
  0x000002d1800ace60: 448b 5208 | 49bb 0000 | 0000 0800 | 0000 4d03 | d34c 3bd0 

  0x000002d1800ace74: ;   {runtime_call ic_miss_stub}
  0x000002d1800ace74: 0f85 0649 | 4e07 660f | 1f44 0000 
[Verified Entry Point]
  0x000002d1800ace80: 8984 2400 | 90ff ff55 | 4881 ecc0 | 0000 0048 | 8954 2468 

  0x000002d1800ace94: ;   {metadata(method data for {method} {0x0000000800082e90} 'loadClassOrNull' '(Ljava/lang/String;Z)Ljava/lang/Class;' in 'jdk/internal/loader/BuiltinClassLoader')}
  0x000002d1800ace94: 48be 3005 | 128f d102 | 0000 8bbe | cc00 0000 | 83c7 0289 | becc 0000 | 0081 e7fe | 0700 0083 
  0x000002d1800aceb4: ff00 0f84 | 510c 0000 | 4489 4c24 | 7848 8bf2 

  0x000002d1800acec4: ;   {metadata(method data for {method} {0x0000000800082e90} 'loadClassOrNull' '(Ljava/lang/String;Z)Ljava/lang/Class;' in 'jdk/internal/loader/BuiltinClassLoader')}
  0x000002d1800acec4: 48bf 3005 | 128f d102 | 0000 8b76 | 0849 ba00 | 0000 0008 | 0000 0049 | 03f2 483b | b720 0100 
  0x000002d1800acee4: 0075 0d48 | 8387 2801 | 0000 01e9 | 6600 0000 | 483b b730 | 0100 0075 | 0d48 8387 | 3801 0000 
  0x000002d1800acf04: 01e9 5000 | 0000 4881 | bf20 0100 | 0000 0000 | 0075 1748 | 89b7 2001 | 0000 48c7 | 8728 0100 
  0x000002d1800acf24: 0001 0000 | 00e9 2c00 | 0000 4881 | bf30 0100 | 0000 0000 | 0075 1748 | 89b7 3001 | 0000 48c7 
  0x000002d1800acf44: 8738 0100 | 0001 0000 | 00e9 0800 | 0000 4883 | 8710 0100 | 0001 498b | f04c 8bc6 | 488b fa48 
  0x000002d1800acf64: 8bd7 4889 | 7424 700f 

  0x000002d1800acf6c: ;   {optimized virtual_call}
  0x000002d1800acf6c: 1f40 00e8 

  0x000002d1800acf70: ; ImmutableOopMap {[104]=Oop [112]=Oop }
                      ;*invokevirtual getClassLoadingLock {reexecute=0 rethrow=0 return_oop=0}
                      ; - jdk.internal.loader.BuiltinClassLoader::loadClassOrNull@2 (line 651)
  0x000002d1800acf70: d10d 0000 | 4889 8424 | 8000 0000 | 488d 9424 | a000 0000 | 488b f048 | 8972 0848 | 8b06 4883 
  0x000002d1800acf90: c801 4889 | 02f0 480f | b116 0f84 | 1200 0000 | 482b c448 | 2507 f0ff | ff48 8902 | 0f85 810b 
  0x000002d1800acfb0: 0000 488b 

  0x000002d1800acfb4: ;   {metadata(method data for {method} {0x0000000800082e90} 'loadClassOrNull' '(Ljava/lang/String;Z)Ljava/lang/Class;' in 'jdk/internal/loader/BuiltinClassLoader')}
  0x000002d1800acfb4: 5424 6848 | be30 0512 | 8fd1 0200 | 0048 8386 | 4801 0000 

  0x000002d1800acfc8: ;   {metadata(method data for {method} {0x00000008004360a8} 'findLoadedClass' '(Ljava/lang/String;)Ljava/lang/Class;' in 'java/lang/ClassLoader')}
  0x000002d1800acfc8: 0148 ba30 | 0c12 8fd1 | 0200 008b | b2cc 0000 | 0083 c602 | 89b2 cc00 | 0000 81e6 | feff 1f00 
  0x000002d1800acfe8: 83fe 000f | 8455 0b00 

  0x000002d1800acff0: ;   {metadata(method data for {method} {0x00000008004360a8} 'findLoadedClass' '(Ljava/lang/String;)Ljava/lang/Class;' in 'java/lang/ClassLoader')}
  0x000002d1800acff0: 0048 ba30 | 0c12 8fd1 | 0200 0048 | 8382 1001 | 0000 0148 | 8b54 2470 | 0f1f 8000 

  0x000002d1800ad00c: ;   {static_call}
  0x000002d1800ad00c: 0000 00e8 

  0x000002d1800ad010: ; ImmutableOopMap {[104]=Oop [112]=Oop [128]=Oop [168]=Oop }
                      ;*invokestatic checkName {reexecute=0 rethrow=0 return_oop=0}
                      ; - java.lang.ClassLoader::findLoadedClass@1 (line 1284)
                      ; - jdk.internal.loader.BuiltinClassLoader::loadClassOrNull@10 (line 653)
  0x000002d1800ad010: 4cc0 fbff 

  0x000002d1800ad014: ;   {metadata(method data for {method} {0x00000008004360a8} 'findLoadedClass' '(Ljava/lang/String;)Ljava/lang/Class;' in 'java/lang/ClassLoader')}
  0x000002d1800ad014: 83f8 0049 | b830 0c12 | 8fd1 0200 | 0048 ba20 | 0100 0000 | 0000 000f | 850a 0000 | 0048 ba30 
  0x000002d1800ad034: 0100 0000 | 0000 0049 | 8b34 1048 | 8d76 0149 | 8934 100f | 850f 0000 

  0x000002d1800ad04c: ;   {oop(NULL)}
  0x000002d1800ad04c: 0048 be00 | 0000 0000 | 0000 00e9 | 2b00 0000 | 488b 5424 

  0x000002d1800ad060: ;   {metadata(method data for {method} {0x00000008004360a8} 'findLoadedClass' '(Ljava/lang/String;)Ljava/lang/Class;' in 'java/lang/ClassLoader')}
  0x000002d1800ad060: 6849 b830 | 0c12 8fd1 | 0200 0049 | 8380 4001 | 0000 014c | 8b44 2470 | 488b 5424 

  0x000002d1800ad07c: ;   {optimized virtual_call}
  0x000002d1800ad07c: 6866 90e8 

  0x000002d1800ad080: ; ImmutableOopMap {[104]=Oop [112]=Oop [128]=Oop [168]=Oop }
                      ;*invokevirtual findLoadedClass0 {reexecute=0 rethrow=0 return_oop=0}
                      ; - java.lang.ClassLoader::findLoadedClass@11 (line 1286)
                      ; - jdk.internal.loader.BuiltinClassLoader::loadClassOrNull@10 (line 653)
  0x000002d1800ad080: e10c 0000 | 488b f048 

  0x000002d1800ad088: ;   {metadata(method data for {method} {0x0000000800082e90} 'loadClassOrNull' '(Ljava/lang/String;Z)Ljava/lang/Class;' in 'jdk/internal/loader/BuiltinClassLoader')}
  0x000002d1800ad088: 83fe 0049 | b830 0512 | 8fd1 0200 | 0048 ba80 | 0100 0000 | 0000 000f | 850a 0000 | 0048 ba90 
  0x000002d1800ad0a8: 0100 0000 | 0000 0049 | 8b3c 1048 | 8d7f 0149 | 893c 100f | 852e 0800 | 0048 89b4 | 2488 0000 
  0x000002d1800ad0c8: 0048 8b54 

  0x000002d1800ad0cc: ;   {metadata(method data for {method} {0x0000000800082e90} 'loadClassOrNull' '(Ljava/lang/String;Z)Ljava/lang/Class;' in 'jdk/internal/loader/BuiltinClassLoader')}
  0x000002d1800ad0cc: 2468 49b8 | 3005 128f | d102 0000 | 4983 80a0 | 0100 0001 | 4c8b 4424 | 7048 8b54 | 2468 0f1f 
  0x000002d1800ad0ec: ;   {optimized virtual_call}
  0x000002d1800ad0ec: 4400 00e8 

  0x000002d1800ad0f0: ; ImmutableOopMap {[104]=Oop [112]=Oop [128]=Oop [136]=Oop [168]=Oop }
                      ;*invokevirtual findLoadedModule {reexecute=0 rethrow=0 return_oop=0}
                      ; - jdk.internal.loader.BuiltinClassLoader::loadClassOrNull@22 (line 658)
  0x000002d1800ad0f0: 810c 0000 | 4883 f800 

  0x000002d1800ad0f8: ;   {metadata(method data for {method} {0x0000000800082e90} 'loadClassOrNull' '(Ljava/lang/String;Z)Ljava/lang/Class;' in 'jdk/internal/loader/BuiltinClassLoader')}
  0x000002d1800ad0f8: 49b8 3005 | 128f d102 | 0000 49b9 | d801 0000 | 0000 0000 | 0f84 0a00 | 0000 49b9 | e801 0000 
  0x000002d1800ad118: 0000 0000 | 4b8b 1408 | 488d 5201 | 4b89 1408 | 488b 5424 | 680f 84b2 | 0300 0048 | 3b00 4c8b 
  0x000002d1800ad138: ;   {metadata(method data for {method} {0x0000000800082e90} 'loadClassOrNull' '(Ljava/lang/String;Z)Ljava/lang/Class;' in 'jdk/internal/loader/BuiltinClassLoader')}
  0x000002d1800ad138: c049 b930 | 0512 8fd1 

  0x000002d1800ad140: ;   {metadata('jdk/internal/loader/BuiltinClassLoader$LoadedModule')}
  0x000002d1800ad140: 0200 0049 | ba50 d719 | 0008 0000 | 004d 8991 | 0802 0000 | 4983 8110 | 0200 0001 | 8b70 0c48 
  0x000002d1800ad160: c1e6 0348 

  0x000002d1800ad164: ;   {metadata(method data for {method} {0x0000000800082e90} 'loadClassOrNull' '(Ljava/lang/String;Z)Ljava/lang/Class;' in 'jdk/internal/loader/BuiltinClassLoader')}
  0x000002d1800ad164: 3bf2 49b8 | 3005 128f | d102 0000 | 49b9 3002 | 0000 0000 | 0000 0f85 | 0a00 0000 | 49b9 4002 
  0x000002d1800ad184: 0000 0000 | 0000 4b8b | 3c08 488d | 7f01 4b89 | 3c08 0f85 | 3102 0000 

  0x000002d1800ad19c: ;   {metadata(method data for {method} {0x0000000800082e90} 'loadClassOrNull' '(Ljava/lang/String;Z)Ljava/lang/Class;' in 'jdk/internal/loader/BuiltinClassLoader')}
  0x000002d1800ad19c: 49b8 3005 | 128f d102 | 0000 4983 | 8050 0200 

  0x000002d1800ad1ac: ;   {metadata(method data for {method} {0x000000080044ef90} 'isModuleSystemInited' '()Z' in 'jdk/internal/misc/VM')}
  0x000002d1800ad1ac: 0001 49b8 | 4810 128f | d102 0000 | 458b 88cc | 0000 0041 | 83c1 0245 | 8988 cc00 | 0000 4181 
  0x000002d1800ad1cc: e1fe ff1f | 0041 83f9 | 000f 8491 

  0x000002d1800ad1d8: ;   {oop(a 'java/lang/Class'{0x0000000710a0a360} = 'jdk/internal/misc/VM')}
  0x000002d1800ad1d8: 0900 0049 | b860 a3a0 | 1007 0000 | 0045 8b80 | 9400 0000 | 4183 f802 

  0x000002d1800ad1f0: ;   {metadata(method data for {method} {0x000000080044ef90} 'isModuleSystemInited' '()Z' in 'jdk/internal/misc/VM')}
  0x000002d1800ad1f0: 49b8 4810 | 128f d102 | 0000 49b9 | 1001 0000 | 0000 0000 | 0f8c 0a00 | 0000 49b9 | 2001 0000 
  0x000002d1800ad210: 0000 0000 | 4b8b 3408 | 488d 7601 | 4b89 3408 | 0f8c 1c00 

  0x000002d1800ad224: ;   {metadata(method data for {method} {0x000000080044ef90} 'isModuleSystemInited' '()Z' in 'jdk/internal/misc/VM')}
  0x000002d1800ad224: 0000 49b8 | 4810 128f | d102 0000 | 41ff 8030 | 0100 0041 | b801 0000 | 00e9 0600 | 0000 41b8 
  0x000002d1800ad244: 0000 0000 | 4183 e001 | 4183 f800 

  0x000002d1800ad250: ;   {metadata(method data for {method} {0x0000000800082e90} 'loadClassOrNull' '(Ljava/lang/String;Z)Ljava/lang/Class;' in 'jdk/internal/loader/BuiltinClassLoader')}
  0x000002d1800ad250: 49b8 3005 | 128f d102 | 0000 49b9 | 7002 0000 | 0000 0000 | 0f85 0a00 | 0000 49b9 | 6002 0000 
  0x000002d1800ad270: 0000 0000 | 4b8b 3408 | 488d 7601 | 4b89 3408 | 0f85 0d00 | 0000 488b | b424 8800 | 0000 e93c 
  0x000002d1800ad290: 0200 004c 

  0x000002d1800ad294: ;   {metadata(method data for {method} {0x0000000800082e90} 'loadClassOrNull' '(Ljava/lang/String;Z)Ljava/lang/Class;' in 'jdk/internal/loader/BuiltinClassLoader')}
  0x000002d1800ad294: 8bc2 49b9 | 3005 128f | d102 0000 | 4983 8180 | 0200 0001 

  0x000002d1800ad2a8: ;   {metadata(method data for {method} {0x00000008000835c8} 'findClassInModuleOrNull' '(Ljdk/internal/loader/BuiltinClassLoader$LoadedModule;Ljava/lang/String;)Ljava/lang/Class;' in 'jdk/internal/loader/BuiltinClassLoader')}
  0x000002d1800ad2a8: 49b8 a811 | 128f d102 | 0000 458b | 88cc 0000 | 0041 83c1 | 0245 8988 | cc00 0000 | 4181 e1fe 
  0x000002d1800ad2c8: ff1f 0041 | 83f9 000f | 84b8 0800 

  0x000002d1800ad2d4: ;   {metadata(method data for {method} {0x00000008000835c8} 'findClassInModuleOrNull' '(Ljdk/internal/loader/BuiltinClassLoader$LoadedModule;Ljava/lang/String;)Ljava/lang/Class;' in 'jdk/internal/loader/BuiltinClassLoader')}
  0x000002d1800ad2d4: 0049 b8a8 | 1112 8fd1 | 0200 0049 | 8380 1001 

  0x000002d1800ad2e4: ;   {metadata(method data for {method} {0x0000000800012e80} 'getSecurityManager' '()Ljava/lang/SecurityManager;' in 'java/lang/System')}
  0x000002d1800ad2e4: 0000 0149 | b8f8 e402 | 8fd1 0200 | 0045 8b88 | cc00 0000 | 4183 c102 | 4589 88cc | 0000 0041 
  0x000002d1800ad304: 81e1 feff | 1f00 4183 | f900 0f84 | 9a08 0000 

  0x000002d1800ad314: ;   {metadata(method data for {method} {0x0000000800012e80} 'getSecurityManager' '()Ljava/lang/SecurityManager;' in 'java/lang/System')}
  0x000002d1800ad314: 49b8 f8e4 | 028f d102 | 0000 4983 | 8010 0100 

  0x000002d1800ad324: ;   {metadata(method data for {method} {0x0000000800012f98} 'allowSecurityManager' '()Z' in 'java/lang/System')}
  0x000002d1800ad324: 0001 49b8 | 70e6 028f | d102 0000 | 458b 88cc | 0000 0041 | 83c1 0245 | 8988 cc00 | 0000 4181 
  0x000002d1800ad344: e1fe ff1f | 0041 83f9 | 000f 847c 

  0x000002d1800ad350: ;   {metadata(method data for {method} {0x0000000800012f98} 'allowSecurityManager' '()Z' in 'java/lang/System')}
  0x000002d1800ad350: 0800 0049 | b870 e602 | 8fd1 0200 | 0041 ff80 | 1001 0000 

  0x000002d1800ad364: ;   {metadata(method data for {method} {0x0000000800012e80} 'getSecurityManager' '()Ljava/lang/SecurityManager;' in 'java/lang/System')}
  0x000002d1800ad364: 49b8 f8e4 | 028f d102 | 0000 41ff | 8020 0100 

  0x000002d1800ad374: ;   {metadata(method data for {method} {0x00000008000835c8} 'findClassInModuleOrNull' '(Ljdk/internal/loader/BuiltinClassLoader$LoadedModule;Ljava/lang/String;)Ljava/lang/Class;' in 'jdk/internal/loader/BuiltinClassLoader')}
  0x000002d1800ad374: 0049 b8a8 | 1112 8fd1 | 0200 0041 | ff80 3001 | 0000 4c8b 

  0x000002d1800ad388: ;   {metadata(method data for {method} {0x00000008000835c8} 'findClassInModuleOrNull' '(Ljdk/internal/loader/BuiltinClassLoader$LoadedModule;Ljava/lang/String;)Ljava/lang/Class;' in 'jdk/internal/loader/BuiltinClassLoader')}
  0x000002d1800ad388: c249 b9a8 | 1112 8fd1 | 0200 0049 | 8381 4001 | 0000 014c | 8b44 2470 | 4c8b c848 | 8bf2 488b 
  0x000002d1800ad3a8: d666 0f1f 

  0x000002d1800ad3ac: ;   {optimized virtual_call}
  0x000002d1800ad3ac: 4400 00e8 

  0x000002d1800ad3b0: ; ImmutableOopMap {[104]=Oop [128]=Oop [168]=Oop }
                      ;*invokevirtual defineClass {reexecute=0 rethrow=0 return_oop=0}
                      ; - jdk.internal.loader.BuiltinClassLoader::findClassInModuleOrNull@9 (line 741)
                      ; - jdk.internal.loader.BuiltinClassLoader::loadClassOrNull@55 (line 665)
  0x000002d1800ad3b0: cc46 4e07 

  0x000002d1800ad3b4: ;   {metadata(method data for {method} {0x0000000800082e90} 'loadClassOrNull' '(Ljava/lang/String;Z)Ljava/lang/Class;' in 'jdk/internal/loader/BuiltinClassLoader')}
  0x000002d1800ad3b4: 49b8 3005 | 128f d102 | 0000 41ff | 80b8 0200 | 0048 8bf0 | e902 0100 | 0048 3b06 

  0x000002d1800ad3d0: ;   {metadata(method data for {method} {0x0000000800082e90} 'loadClassOrNull' '(Ljava/lang/String;Z)Ljava/lang/Class;' in 'jdk/internal/loader/BuiltinClassLoader')}
  0x000002d1800ad3d0: 4c8b c649 | b930 0512 | 8fd1 0200 | 0049 8381 | d002 0000 

  0x000002d1800ad3e4: ;   {metadata(method data for {method} {0x0000000800083678} 'loadClassOrNull' '(Ljava/lang/String;)Ljava/lang/Class;' in 'jdk/internal/loader/BuiltinClassLoader')}
  0x000002d1800ad3e4: 0149 b898 | 1912 8fd1 | 0200 0045 | 8b88 cc00 | 0000 4183 | c102 4589 | 88cc 0000 | 0041 81e1 
  0x000002d1800ad404: feff 1f00 | 4183 f900 | 0f84 e307 | 0000 4c8b 

  0x000002d1800ad414: ;   {metadata(method data for {method} {0x0000000800083678} 'loadClassOrNull' '(Ljava/lang/String;)Ljava/lang/Class;' in 'jdk/internal/loader/BuiltinClassLoader')}
  0x000002d1800ad414: c649 b998 | 1912 8fd1 | 0200 0045 | 8b40 0849 | ba00 0000 | 0008 0000 | 004d 03c2 | 4d3b 8120 
  0x000002d1800ad434: 0100 0075 | 0d49 8381 | 2801 0000 | 01e9 6600 | 0000 4d3b | 8130 0100 | 0075 0d49 | 8381 3801 
  0x000002d1800ad454: 0000 01e9 | 5000 0000 | 4981 b920 | 0100 0000 | 0000 0075 | 174d 8981 | 2001 0000 | 49c7 8128 
  0x000002d1800ad474: 0100 0001 | 0000 00e9 | 2c00 0000 | 4981 b930 | 0100 0000 | 0000 0075 | 174d 8981 | 3001 0000 
  0x000002d1800ad494: 49c7 8138 | 0100 0001 | 0000 00e9 | 0800 0000 | 4983 8110 | 0100 0001 | 4c8b 4424 | 7041 b900 
  0x000002d1800ad4b4: 0000 0048 | 8bd6 6666 | 9048 b8ff | ffff ffff 

  0x000002d1800ad4c4: ;   {virtual_call}
  0x000002d1800ad4c4: ffff ffe8 

  0x000002d1800ad4c8: ; ImmutableOopMap {[104]=Oop [128]=Oop [168]=Oop }
                      ;*invokevirtual loadClassOrNull {reexecute=0 rethrow=0 return_oop=0}
                      ; - jdk.internal.loader.BuiltinClassLoader::loadClassOrNull@3 (line 700)
                      ; - jdk.internal.loader.BuiltinClassLoader::loadClassOrNull@66 (line 669)
  0x000002d1800ad4c8: 941c 4e07 

  0x000002d1800ad4cc: ;   {metadata(method data for {method} {0x0000000800082e90} 'loadClassOrNull' '(Ljava/lang/String;Z)Ljava/lang/Class;' in 'jdk/internal/loader/BuiltinClassLoader')}
  0x000002d1800ad4cc: 488b f049 | b830 0512 | 8fd1 0200 | 0041 ff80 | 0803 0000 | e90a 0400 | 008b 7254 | 48c1 e603 
  0x000002d1800ad4ec: 4883 fe00 

  0x000002d1800ad4f0: ;   {metadata(method data for {method} {0x0000000800082e90} 'loadClassOrNull' '(Ljava/lang/String;Z)Ljava/lang/Class;' in 'jdk/internal/loader/BuiltinClassLoader')}
  0x000002d1800ad4f0: 49b8 3005 | 128f d102 | 0000 49b9 | 3003 0000 | 0000 0000 | 0f85 0a00 | 0000 49b9 | 2003 0000 
  0x000002d1800ad510: 0000 0000 | 4b8b 3c08 | 488d 7f01 | 4b89 3c08 | 0f85 0d00 | 0000 488b | b424 8800 | 0000 e904 
  0x000002d1800ad530: 0100 0048 | 3b06 4c8b 

  0x000002d1800ad538: ;   {metadata(method data for {method} {0x0000000800082e90} 'loadClassOrNull' '(Ljava/lang/String;Z)Ljava/lang/Class;' in 'jdk/internal/loader/BuiltinClassLoader')}
  0x000002d1800ad538: c649 b930 | 0512 8fd1 | 0200 0049 | 8381 4003 

  0x000002d1800ad548: ;   {metadata(method data for {method} {0x0000000800083678} 'loadClassOrNull' '(Ljava/lang/String;)Ljava/lang/Class;' in 'jdk/internal/loader/BuiltinClassLoader')}
  0x000002d1800ad548: 0000 0149 | b898 1912 | 8fd1 0200 | 0045 8b88 | cc00 0000 | 4183 c102 | 4589 88cc | 0000 0041 
  0x000002d1800ad568: 81e1 feff | 1f00 4183 | f900 0f84 | a306 0000 

  0x000002d1800ad578: ;   {metadata(method data for {method} {0x0000000800083678} 'loadClassOrNull' '(Ljava/lang/String;)Ljava/lang/Class;' in 'jdk/internal/loader/BuiltinClassLoader')}
  0x000002d1800ad578: 4c8b c649 | b998 1912 | 8fd1 0200 | 0045 8b40 | 0849 ba00 | 0000 0008 | 0000 004d | 03c2 4d3b 
  0x000002d1800ad598: 8120 0100 | 0075 0d49 | 8381 2801 | 0000 01e9 | 6600 0000 | 4d3b 8130 | 0100 0075 | 0d49 8381 
  0x000002d1800ad5b8: 3801 0000 | 01e9 5000 | 0000 4981 | b920 0100 | 0000 0000 | 0075 174d | 8981 2001 | 0000 49c7 
  0x000002d1800ad5d8: 8128 0100 | 0001 0000 | 00e9 2c00 | 0000 4981 | b930 0100 | 0000 0000 | 0075 174d | 8981 3001 
  0x000002d1800ad5f8: 0000 49c7 | 8138 0100 | 0001 0000 | 00e9 0800 | 0000 4983 | 8110 0100 | 0001 4c8b | 4424 7041 
  0x000002d1800ad618: b900 0000 | 0048 8bd6 | 0f1f 4400 | 0048 b800 | 4108 0008 

  0x000002d1800ad62c: ;   {virtual_call}
  0x000002d1800ad62c: 0000 00e8 

  0x000002d1800ad630: ; ImmutableOopMap {[104]=Oop [112]=Oop [128]=Oop [168]=Oop }
                      ;*invokevirtual loadClassOrNull {reexecute=0 rethrow=0 return_oop=0}
                      ; - jdk.internal.loader.BuiltinClassLoader::loadClassOrNull@3 (line 700)
                      ; - jdk.internal.loader.BuiltinClassLoader::loadClassOrNull@86 (line 676)
  0x000002d1800ad630: ec1a 4e07 | 488b f048 

  0x000002d1800ad638: ;   {metadata(method data for {method} {0x0000000800082e90} 'loadClassOrNull' '(Ljava/lang/String;Z)Ljava/lang/Class;' in 'jdk/internal/loader/BuiltinClassLoader')}
  0x000002d1800ad638: 83fe 0049 | b830 0512 | 8fd1 0200 | 0048 ba78 | 0300 0000 | 0000 000f | 850a 0000 | 0048 ba88 
  0x000002d1800ad658: 0300 0000 | 0000 0049 | 8b3c 1048 | 8d7f 0149 | 893c 100f | 857e 0200 | 0048 8b54 | 2468 4c8b 
  0x000002d1800ad678: ;   {metadata(method data for {method} {0x0000000800082e90} 'loadClassOrNull' '(Ljava/lang/String;Z)Ljava/lang/Class;' in 'jdk/internal/loader/BuiltinClassLoader')}
  0x000002d1800ad678: c248 bf30 | 0512 8fd1 | 0200 0045 | 8b40 0849 | ba00 0000 | 0008 0000 | 004d 03c2 | 4c3b 87a8 
  0x000002d1800ad698: 0300 0075 | 0d48 8387 | b003 0000 | 01e9 6600 | 0000 4c3b | 87b8 0300 | 0075 0d48 | 8387 c003 
  0x000002d1800ad6b8: 0000 01e9 | 5000 0000 | 4881 bfa8 | 0300 0000 | 0000 0075 | 174c 8987 | a803 0000 | 48c7 87b0 
  0x000002d1800ad6d8: 0300 0001 | 0000 00e9 | 2c00 0000 | 4881 bfb8 | 0300 0000 | 0000 0075 | 174c 8987 | b803 0000 
  0x000002d1800ad6f8: 48c7 87c0 | 0300 0001 | 0000 00e9 | 0800 0000 | 4883 8798 | 0300 0001 

  0x000002d1800ad710: ;   {metadata(method data for {method} {0x0000000800082e38} 'hasClassPath' '()Z' in 'jdk/internal/loader/BuiltinClassLoader')}
  0x000002d1800ad710: 49b8 281b | 128f d102 | 0000 418b | b8cc 0000 | 0083 c702 | 4189 b8cc | 0000 0081 | e7fe ff1f 
  0x000002d1800ad730: 0083 ff00 | 0f84 0205 | 0000 448b | 4258 49c1 | e003 4983 

  0x000002d1800ad744: ;   {metadata(method data for {method} {0x0000000800082e38} 'hasClassPath' '()Z' in 'jdk/internal/loader/BuiltinClassLoader')}
  0x000002d1800ad744: f800 49b8 | 281b 128f | d102 0000 | 48bf 1001 | 0000 0000 | 0000 0f84 | 0a00 0000 | 48bf 2001 
  0x000002d1800ad764: 0000 0000 | 0000 498b | 1c38 488d | 5b01 4989 | 1c38 0f84 | 1c00 0000 

  0x000002d1800ad77c: ;   {metadata(method data for {method} {0x0000000800082e38} 'hasClassPath' '()Z' in 'jdk/internal/loader/BuiltinClassLoader')}
  0x000002d1800ad77c: 49b8 281b | 128f d102 | 0000 41ff | 8030 0100 | 0041 b801 | 0000 00e9 | 0600 0000 | 41b8 0000 
  0x000002d1800ad79c: 0000 4183 | e001 4183 

  0x000002d1800ad7a4: ;   {metadata(method data for {method} {0x0000000800082e90} 'loadClassOrNull' '(Ljava/lang/String;Z)Ljava/lang/Class;' in 'jdk/internal/loader/BuiltinClassLoader')}
  0x000002d1800ad7a4: f800 49b8 | 3005 128f | d102 0000 | 48bf d003 | 0000 0000 | 0000 0f84 | 0a00 0000 | 48bf e003 
  0x000002d1800ad7c4: 0000 0000 | 0000 498b | 1c38 488d | 5b01 4989 | 1c38 0f84 | 1301 0000 

  0x000002d1800ad7dc: ;   {metadata(method data for {method} {0x0000000800082e90} 'loadClassOrNull' '(Ljava/lang/String;Z)Ljava/lang/Class;' in 'jdk/internal/loader/BuiltinClassLoader')}
  0x000002d1800ad7dc: 49b8 3005 | 128f d102 | 0000 4983 | 80f0 0300 

  0x000002d1800ad7ec: ;   {metadata(method data for {method} {0x000000080044ef90} 'isModuleSystemInited' '()Z' in 'jdk/internal/misc/VM')}
  0x000002d1800ad7ec: 0001 49b8 | 4810 128f | d102 0000 | 418b b8cc | 0000 0083 | c702 4189 | b8cc 0000 | 0081 e7fe 
  0x000002d1800ad80c: ff1f 0083 | ff00 0f84 | 4504 0000 

  0x000002d1800ad818: ;   {oop(a 'java/lang/Class'{0x0000000710a0a360} = 'jdk/internal/misc/VM')}
  0x000002d1800ad818: 49b8 60a3 | a010 0700 | 0000 458b | 8094 0000 | 0041 83f8 

  0x000002d1800ad82c: ;   {metadata(method data for {method} {0x000000080044ef90} 'isModuleSystemInited' '()Z' in 'jdk/internal/misc/VM')}
  0x000002d1800ad82c: 0249 b848 | 1012 8fd1 | 0200 0048 | bf10 0100 | 0000 0000 | 000f 8c0a | 0000 0048 | bf20 0100 
  0x000002d1800ad84c: 0000 0000 | 0049 8b1c | 3848 8d5b | 0149 891c | 380f 8c1c 

  0x000002d1800ad860: ;   {metadata(method data for {method} {0x000000080044ef90} 'isModuleSystemInited' '()Z' in 'jdk/internal/misc/VM')}
  0x000002d1800ad860: 0000 0049 | b848 1012 | 8fd1 0200 | 0041 ff80 | 3001 0000 | 41b8 0100 | 0000 e906 | 0000 0041 
  0x000002d1800ad880: b800 0000 | 0041 83e0 | 0141 83f8 

  0x000002d1800ad88c: ;   {metadata(method data for {method} {0x0000000800082e90} 'loadClassOrNull' '(Ljava/lang/String;Z)Ljava/lang/Class;' in 'jdk/internal/loader/BuiltinClassLoader')}
  0x000002d1800ad88c: 0049 b830 | 0512 8fd1 | 0200 0048 | bf00 0400 | 0000 0000 | 000f 840a | 0000 0048 | bf10 0400 
  0x000002d1800ad8ac: 0000 0000 | 0049 8b1c | 3848 8d5b | 0149 891c | 380f 842c | 0000 004c | 8b44 2470 

  0x000002d1800ad8c8: ;   {metadata(method data for {method} {0x0000000800082e90} 'loadClassOrNull' '(Ljava/lang/String;Z)Ljava/lang/Class;' in 'jdk/internal/loader/BuiltinClassLoader')}
  0x000002d1800ad8c8: 488b f248 | bf30 0512 | 8fd1 0200 | 0048 8387 | 2004 0000 | 0148 8bf2 | 488b d60f 

  0x000002d1800ad8e4: ;   {optimized virtual_call}
  0x000002d1800ad8e4: 1f40 00e8 

  0x000002d1800ad8e8: ; ImmutableOopMap {[104]=Oop [128]=Oop [168]=Oop }
                      ;*invokevirtual findClassOnClassPathOrNull {reexecute=0 rethrow=0 return_oop=0}
                      ; - jdk.internal.loader.BuiltinClassLoader::loadClassOrNull@111 (line 681)
  0x000002d1800ad8e8: c904 0000 | 488b f044 | 8b4c 2478 | 4183 f900 

  0x000002d1800ad8f8: ;   {metadata(method data for {method} {0x0000000800082e90} 'loadClassOrNull' '(Ljava/lang/String;Z)Ljava/lang/Class;' in 'jdk/internal/loader/BuiltinClassLoader')}
  0x000002d1800ad8f8: 48b8 3005 | 128f d102 | 0000 48ba | 5804 0000 | 0000 0000 | 0f84 0a00 | 0000 48ba | 6804 0000 
  0x000002d1800ad918: 0000 0000 | 488b 3c10 | 488d 7f01 | 4889 3c10 | 0f84 b300 | 0000 4883 

  0x000002d1800ad930: ;   {metadata(method data for {method} {0x0000000800082e90} 'loadClassOrNull' '(Ljava/lang/String;Z)Ljava/lang/Class;' in 'jdk/internal/loader/BuiltinClassLoader')}
  0x000002d1800ad930: fe00 48b8 | 3005 128f | d102 0000 | 48ba 7804 | 0000 0000 | 0000 0f84 | 0a00 0000 | 48ba 8804 
  0x000002d1800ad950: 0000 0000 | 0000 488b | 3c10 488d | 7f01 4889 | 3c10 0f84 | 7900 0000 | 488b 5424 

  0x000002d1800ad96c: ;   {metadata(method data for {method} {0x0000000800082e90} 'loadClassOrNull' '(Ljava/lang/String;Z)Ljava/lang/Class;' in 'jdk/internal/loader/BuiltinClassLoader')}
  0x000002d1800ad96c: 6848 b830 | 0512 8fd1 | 0200 0048 | 8380 9804 

  0x000002d1800ad97c: ;   {metadata(method data for {method} {0x0000000800435ff8} 'resolveClass' '(Ljava/lang/Class;)V' in 'java/lang/ClassLoader')}
  0x000002d1800ad97c: 0000 0148 | b890 1f12 | 8fd1 0200 | 008b 90cc | 0000 0083 | c202 8990 | cc00 0000 | 81e2 feff 
  0x000002d1800ad99c: 1f00 83fa | 000f 84d7 | 0200 0048 

  0x000002d1800ad9a8: ;   {metadata(method data for {method} {0x0000000800435ff8} 'resolveClass' '(Ljava/lang/Class;)V' in 'java/lang/ClassLoader')}
  0x000002d1800ad9a8: 83fe 0048 | b890 1f12 | 8fd1 0200 | 0048 ba20 | 0100 0000 | 0000 000f | 840a 0000 | 0048 ba10 
  0x000002d1800ad9c8: 0100 0000 | 0000 0048 | 8b3c 1048 | 8d7f 0148 | 893c 100f | 843c 0000 | 0048 8d84 | 24a0 0000 
  0x000002d1800ad9e8: 0048 8b10 | 4885 d20f | 840f 0000 | 0048 8b78 | 08f0 480f | b117 0f85 | 9b02 0000 | 488b c648 
  0x000002d1800ada08: 81c4 c000 

  0x000002d1800ada0c: ;   {poll_return}
  0x000002d1800ada0c: 0000 5d49 | 3ba7 7803 | 0000 0f87 | 9902 0000 | c348 89b4 | 2498 0000 | 0066 6690 

  0x000002d1800ada28: ;   {no_reloc}
  0x000002d1800ada28: e9ad 0200 | 0000 0000 | 0000 498b | 87f8 0000 | 0048 8d78 | 3049 3bbf | 0801 0000 | 0f87 9a02 
  0x000002d1800ada48: 0000 4989 | bff8 0000 | 0048 c700 | 0100 0000 | 488b ca49 | ba00 0000 | 0008 0000 | 0049 2bca 
  0x000002d1800ada68: 8948 0848 | 33c9 8948 | 0c48 33c9 | 4889 4810 | 4889 4818 | 4889 4820 | 4889 4828 

  0x000002d1800ada84: ;   {metadata(method data for {method} {0x0000000800435ff8} 'resolveClass' '(Ljava/lang/Class;)V' in 'java/lang/ClassLoader')}
  0x000002d1800ada84: 488b d048 | be90 1f12 | 8fd1 0200 | 0048 8386 | 3001 0000 | 0148 8bd0 | 4889 8424 | 9000 0000 
  0x000002d1800adaa4: ;   {optimized virtual_call}
  0x000002d1800adaa4: 6666 90e8 

  0x000002d1800adaa8: ; ImmutableOopMap {[128]=Oop [144]=Oop [152]=Oop [168]=Oop }
                      ;*invokespecial <init> {reexecute=0 rethrow=0 return_oop=0}
                      ; - java.lang.ClassLoader::resolveClass@8 (line 1224)
                      ; - jdk.internal.loader.BuiltinClassLoader::loadClassOrNull@128 (line 688)
  0x000002d1800adaa8: d43f 4e07 | 488b 8424 

  0x000002d1800adab0: ; ImmutableOopMap {rax=Oop [128]=Oop [152]=Oop [168]=Oop }
                      ;*athrow {reexecute=1 rethrow=0 return_oop=0}
                      ; - (reexecute) java.lang.ClassLoader::resolveClass@11 (line 1224)
                      ; - jdk.internal.loader.BuiltinClassLoader::loadClassOrNull@128 (line 688)
  0x000002d1800adab0: 9000 0000 

  0x000002d1800adab4: ;   {section_word}
  0x000002d1800adab4: 48ba b4da | 0a80 d102 

  0x000002d1800adabc: ;   {runtime_call handle_exception_nofpu Runtime1 stub}
  0x000002d1800adabc: 0000 e83d | f858 0790 | 498b 8720 | 0400 004d | 33d2 4d89 | 9720 0400 | 004d 33d2 | 4d89 9728 
  0x000002d1800adadc: 0400 0048 | 8bf0 488d | 8424 a000 | 0000 488b | 3848 85ff | 0f84 0f00 | 0000 488b | 5808 f048 
  0x000002d1800adafc: 0fb1 3b0f | 85ec 0100 | 0048 8bc6 | e917 0200 

  0x000002d1800adb0c: ;   {metadata({method} {0x0000000800082e90} 'loadClassOrNull' '(Ljava/lang/String;Z)Ljava/lang/Class;' in 'jdk/internal/loader/BuiltinClassLoader')}
  0x000002d1800adb0c: 0049 ba88 | 2e08 0008 | 0000 004c | 8954 2408 | 48c7 0424 | ffff ffff 

  0x000002d1800adb24: ;   {runtime_call counter_overflow Runtime1 stub}
  0x000002d1800adb24: e8d7 3659 

  0x000002d1800adb28: ; ImmutableOopMap {rdx=Oop r8=Oop [104]=Oop }
                      ;*synchronization entry
                      ; - jdk.internal.loader.BuiltinClassLoader::loadClassOrNull@-1 (line 651)
  0x000002d1800adb28: 07e9 8ef3 

  0x000002d1800adb2c: ;   {runtime_call throw_null_pointer_exception Runtime1 stub}
  0x000002d1800adb2c: ffff e8ed 

  0x000002d1800adb30: ; ImmutableOopMap {rsi=Oop [104]=Oop [112]=Oop [128]=Oop }
                      ;*monitorenter {reexecute=0 rethrow=0 return_oop=0}
                      ; - jdk.internal.loader.BuiltinClassLoader::loadClassOrNull@7 (line 651)
  0x000002d1800adb30: cd58 0748 | 8974 2408 | 4889 1424 

  0x000002d1800adb3c: ;   {runtime_call monitorenter_nofpu Runtime1 stub}
  0x000002d1800adb3c: e8bf 1259 

  0x000002d1800adb40: ; ImmutableOopMap {rsi=Oop [104]=Oop [112]=Oop [128]=Oop [168]=Oop }
                      ;*monitorenter {reexecute=0 rethrow=0 return_oop=0}
                      ; - jdk.internal.loader.BuiltinClassLoader::loadClassOrNull@7 (line 651)
  0x000002d1800adb40: 07e9 6cf4 

  0x000002d1800adb44: ;   {metadata({method} {0x00000008004360a8} 'findLoadedClass' '(Ljava/lang/String;)Ljava/lang/Class;' in 'java/lang/ClassLoader')}
  0x000002d1800adb44: ffff 49ba | a060 4300 | 0800 0000 | 4c89 5424 | 0848 c704 | 24ff ffff 

  0x000002d1800adb5c: ;   {runtime_call counter_overflow Runtime1 stub}
  0x000002d1800adb5c: ffe8 9e36 

  0x000002d1800adb60: ; ImmutableOopMap {[104]=Oop [112]=Oop [128]=Oop [168]=Oop }
                      ;*synchronization entry
                      ; - java.lang.ClassLoader::findLoadedClass@-1 (line 1284)
                      ; - jdk.internal.loader.BuiltinClassLoader::loadClassOrNull@10 (line 653)
  0x000002d1800adb60: 5907 e98a 

  0x000002d1800adb64: ;   {runtime_call throw_null_pointer_exception Runtime1 stub}
  0x000002d1800adb64: f4ff ffe8 

  0x000002d1800adb68: ; ImmutableOopMap {rax=Oop rdx=Oop [104]=Oop [112]=Oop [128]=Oop [136]=Oop [168]=Oop }
                      ;*invokevirtual loader {reexecute=0 rethrow=0 return_oop=0}
                      ; - jdk.internal.loader.BuiltinClassLoader::loadClassOrNull@34 (line 662)
  0x000002d1800adb68: b4cd 5807 

  0x000002d1800adb6c: ;   {metadata({method} {0x000000080044ef90} 'isModuleSystemInited' '()Z' in 'jdk/internal/misc/VM')}
  0x000002d1800adb6c: 49ba 88ef | 4400 0800 | 0000 4c89 | 5424 0848 | c704 24ff 

  0x000002d1800adb80: ;   {runtime_call counter_overflow Runtime1 stub}
  0x000002d1800adb80: ffff ffe8 

  0x000002d1800adb84: ; ImmutableOopMap {rax=Oop rdx=Oop [104]=Oop [112]=Oop [128]=Oop [136]=Oop [168]=Oop }
                      ;*synchronization entry
                      ; - jdk.internal.misc.VM::isModuleSystemInited@-1 (line 91)
                      ; - jdk.internal.loader.BuiltinClassLoader::loadClassOrNull@45 (line 664)
  0x000002d1800adb84: 7836 5907 | e94e f6ff 

  0x000002d1800adb8c: ;   {metadata({method} {0x00000008000835c8} 'findClassInModuleOrNull' '(Ljdk/internal/loader/BuiltinClassLoader$LoadedModule;Ljava/lang/String;)Ljava/lang/Class;' in 'jdk/internal/loader/BuiltinClassLoader')}
  0x000002d1800adb8c: ff49 bac0 | 3508 0008 | 0000 004c | 8954 2408 | 48c7 0424 | ffff ffff 

  0x000002d1800adba4: ;   {runtime_call counter_overflow Runtime1 stub}
  0x000002d1800adba4: e857 3659 

  0x000002d1800adba8: ; ImmutableOopMap {rdx=Oop rax=Oop [104]=Oop [112]=Oop [128]=Oop [168]=Oop }
                      ;*synchronization entry
                      ; - jdk.internal.loader.BuiltinClassLoader::findClassInModuleOrNull@-1 (line 740)
                      ; - jdk.internal.loader.BuiltinClassLoader::loadClassOrNull@55 (line 665)
  0x000002d1800adba8: 07e9 27f7 

  0x000002d1800adbac: ;   {metadata({method} {0x0000000800012e80} 'getSecurityManager' '()Ljava/lang/SecurityManager;' in 'java/lang/System')}
  0x000002d1800adbac: ffff 49ba | 782e 0100 | 0800 0000 | 4c89 5424 | 0848 c704 | 24ff ffff 

  0x000002d1800adbc4: ;   {runtime_call counter_overflow Runtime1 stub}
  0x000002d1800adbc4: ffe8 3636 

  0x000002d1800adbc8: ; ImmutableOopMap {rdx=Oop rax=Oop [104]=Oop [112]=Oop [128]=Oop [168]=Oop }
                      ;*synchronization entry
                      ; - java.lang.System::getSecurityManager@-1 (line 499)
                      ; - jdk.internal.loader.BuiltinClassLoader::findClassInModuleOrNull@0 (line 740)
                      ; - jdk.internal.loader.BuiltinClassLoader::loadClassOrNull@55 (line 665)
  0x000002d1800adbc8: 5907 e945 

  0x000002d1800adbcc: ;   {metadata({method} {0x0000000800012f98} 'allowSecurityManager' '()Z' in 'java/lang/System')}
  0x000002d1800adbcc: f7ff ff49 | ba90 2f01 | 0008 0000 | 004c 8954 | 2408 48c7 | 0424 ffff 

  0x000002d1800adbe4: ;   {runtime_call counter_overflow Runtime1 stub}
  0x000002d1800adbe4: ffff e815 

  0x000002d1800adbe8: ; ImmutableOopMap {rdx=Oop rax=Oop [104]=Oop [112]=Oop [128]=Oop [168]=Oop }
                      ;*synchronization entry
                      ; - java.lang.System::allowSecurityManager@-1 (line 207)
                      ; - java.lang.System::getSecurityManager@0 (line 499)
                      ; - jdk.internal.loader.BuiltinClassLoader::findClassInModuleOrNull@0 (line 740)
                      ; - jdk.internal.loader.BuiltinClassLoader::loadClassOrNull@55 (line 665)
  0x000002d1800adbe8: 3659 07e9 | 63f7 ffff 

  0x000002d1800adbf0: ;   {runtime_call throw_null_pointer_exception Runtime1 stub}
  0x000002d1800adbf0: e82b cd58 

  0x000002d1800adbf4: ; ImmutableOopMap {rsi=Oop [104]=Oop [112]=Oop [128]=Oop [168]=Oop }
                      ;*invokevirtual loadClassOrNull {reexecute=0 rethrow=0 return_oop=0}
                      ; - jdk.internal.loader.BuiltinClassLoader::loadClassOrNull@66 (line 669)
                      ;   {metadata({method} {0x0000000800083678} 'loadClassOrNull' '(Ljava/lang/String;)Ljava/lang/Class;' in 'jdk/internal/loader/BuiltinClassLoader')}
  0x000002d1800adbf4: 0749 ba70 | 3608 0008 | 0000 004c | 8954 2408 | 48c7 0424 | ffff ffff 

  0x000002d1800adc0c: ;   {runtime_call counter_overflow Runtime1 stub}
  0x000002d1800adc0c: e8ef 3559 

  0x000002d1800adc10: ; ImmutableOopMap {rsi=Oop [104]=Oop [112]=Oop [128]=Oop [168]=Oop }
                      ;*synchronization entry
                      ; - jdk.internal.loader.BuiltinClassLoader::loadClassOrNull@-1 (line 700)
                      ; - jdk.internal.loader.BuiltinClassLoader::loadClassOrNull@66 (line 669)
  0x000002d1800adc10: 07e9 fcf7 

  0x000002d1800adc14: ;   {runtime_call throw_null_pointer_exception Runtime1 stub}
  0x000002d1800adc14: ffff e805 

  0x000002d1800adc18: ; ImmutableOopMap {rsi=Oop [104]=Oop [112]=Oop [128]=Oop [168]=Oop }
                      ;*invokevirtual loadClassOrNull {reexecute=0 rethrow=0 return_oop=0}
                      ; - jdk.internal.loader.BuiltinClassLoader::loadClassOrNull@86 (line 676)
                      ;   {metadata({method} {0x0000000800083678} 'loadClassOrNull' '(Ljava/lang/String;)Ljava/lang/Class;' in 'jdk/internal/loader/BuiltinClassLoader')}
  0x000002d1800adc18: cd58 0749 | ba70 3608 | 0008 0000 | 004c 8954 | 2408 48c7 | 0424 ffff 

  0x000002d1800adc30: ;   {runtime_call counter_overflow Runtime1 stub}
  0x000002d1800adc30: ffff e8c9 

  0x000002d1800adc34: ; ImmutableOopMap {rsi=Oop [104]=Oop [112]=Oop [128]=Oop [168]=Oop }
                      ;*synchronization entry
                      ; - jdk.internal.loader.BuiltinClassLoader::loadClassOrNull@-1 (line 700)
                      ; - jdk.internal.loader.BuiltinClassLoader::loadClassOrNull@86 (line 676)
  0x000002d1800adc34: 3559 07e9 | 3cf9 ffff 

  0x000002d1800adc3c: ;   {metadata({method} {0x0000000800082e38} 'hasClassPath' '()Z' in 'jdk/internal/loader/BuiltinClassLoader')}
  0x000002d1800adc3c: 49ba 302e | 0800 0800 | 0000 4c89 | 5424 0848 | c704 24ff 

  0x000002d1800adc50: ;   {runtime_call counter_overflow Runtime1 stub}
  0x000002d1800adc50: ffff ffe8 

  0x000002d1800adc54: ; ImmutableOopMap {rdx=Oop rsi=Oop [104]=Oop [112]=Oop [128]=Oop [168]=Oop }
                      ;*synchronization entry
                      ; - jdk.internal.loader.BuiltinClassLoader::hasClassPath@-1 (line 223)
                      ; - jdk.internal.loader.BuiltinClassLoader::loadClassOrNull@97 (line 680)
  0x000002d1800adc54: a835 5907 | e9dd faff 

  0x000002d1800adc5c: ;   {metadata({method} {0x000000080044ef90} 'isModuleSystemInited' '()Z' in 'jdk/internal/misc/VM')}
  0x000002d1800adc5c: ff49 ba88 | ef44 0008 | 0000 004c | 8954 2408 | 48c7 0424 | ffff ffff 

  0x000002d1800adc74: ;   {runtime_call counter_overflow Runtime1 stub}
  0x000002d1800adc74: e887 3559 

  0x000002d1800adc78: ; ImmutableOopMap {rdx=Oop rsi=Oop [104]=Oop [112]=Oop [128]=Oop [168]=Oop }
                      ;*synchronization entry
                      ; - jdk.internal.misc.VM::isModuleSystemInited@-1 (line 91)
                      ; - jdk.internal.loader.BuiltinClassLoader::loadClassOrNull@103 (line 680)
  0x000002d1800adc78: 07e9 9afb 

  0x000002d1800adc7c: ;   {metadata({method} {0x0000000800435ff8} 'resolveClass' '(Ljava/lang/Class;)V' in 'java/lang/ClassLoader')}
  0x000002d1800adc7c: ffff 49ba | f05f 4300 | 0800 0000 | 4c89 5424 | 0848 c704 | 24ff ffff 

  0x000002d1800adc94: ;   {runtime_call counter_overflow Runtime1 stub}
  0x000002d1800adc94: ffe8 6635 

  0x000002d1800adc98: ; ImmutableOopMap {rsi=Oop [128]=Oop [168]=Oop }
                      ;*synchronization entry
                      ; - java.lang.ClassLoader::resolveClass@-1 (line 1223)
                      ; - jdk.internal.loader.BuiltinClassLoader::loadClassOrNull@128 (line 688)
  0x000002d1800adc98: 5907 e908 | fdff ff48 | 8d84 24a0 | 0000 0048 

  0x000002d1800adca8: ;   {runtime_call monitorexit_nofpu Runtime1 stub}
  0x000002d1800adca8: 8904 24e8 | 501a 5907 | e94f fdff 

  0x000002d1800adcb4: ;   {internal_word}
  0x000002d1800adcb4: ff49 ba0f | da0a 80d1 | 0200 004d | 8997 9003 

  0x000002d1800adcc4: ;   {runtime_call SafepointBlob}
  0x000002d1800adcc4: 0000 e935 

  0x000002d1800adcc8: ;   {metadata(NULL)}
  0x000002d1800adcc8: a14e 0748 | ba00 0000 | 0000 0000 | 00b8 000f 

  0x000002d1800adcd8: ;   {runtime_call load_klass_patching Runtime1 stub}
  0x000002d1800adcd8: 050a e8a1 

  0x000002d1800adcdc: ; ImmutableOopMap {[128]=Oop [152]=Oop [168]=Oop }
                      ;*new {reexecute=1 rethrow=0 return_oop=0}
                      ; - (reexecute) java.lang.ClassLoader::resolveClass@4 (line 1224)
                      ; - jdk.internal.loader.BuiltinClassLoader::loadClassOrNull@128 (line 688)
  0x000002d1800adcdc: 2459 07e9 | 44fd ffff 

  0x000002d1800adce4: ;   {runtime_call fast_new_instance Runtime1 stub}
  0x000002d1800adce4: 488b d2e8 

  0x000002d1800adce8: ; ImmutableOopMap {[128]=Oop [152]=Oop [168]=Oop }
                      ;*new {reexecute=0 rethrow=0 return_oop=0}
                      ; - java.lang.ClassLoader::resolveClass@4 (line 1224)
                      ; - jdk.internal.loader.BuiltinClassLoader::loadClassOrNull@128 (line 688)
  0x000002d1800adce8: 14d8 5807 | e993 fdff | ff48 8d84 | 24a0 0000 | 0048 8904 

  0x000002d1800adcfc: ;   {runtime_call monitorexit_nofpu Runtime1 stub}
  0x000002d1800adcfc: 24e8 fe19 | 5907 e9fe | fdff ff49 | 8b87 2004 | 0000 49c7 | 8720 0400 | 0000 0000 | 0049 c787 
  0x000002d1800add1c: 2804 0000 | 0000 0000 | 4881 c4c0 | 0000 005d 

  0x000002d1800add2c: ;   {runtime_call unwind_exception Runtime1 stub}
  0x000002d1800add2c: e94f e34f | 07f4 f4f4 | f4f4 f4f4 | f4f4 f4f4 | f4f4 f4f4 
[Stub Code]
  0x000002d1800add40: ;   {no_reloc}
  0x000002d1800add40: 0f1f 4400 

  0x000002d1800add44: ;   {static_stub}
  0x000002d1800add44: 0048 bbe0 | eb00 0008 

  0x000002d1800add4c: ;   {runtime_call I2C/C2I adapters}
  0x000002d1800add4c: 0000 00e9 | 098d 4e07 

  0x000002d1800add54: ;   {static_stub}
  0x000002d1800add54: 9048 bb00 | 0000 0000 

  0x000002d1800add5c: ;   {runtime_call}
  0x000002d1800add5c: 0000 00e9 | fbff ffff 

  0x000002d1800add64: ;   {static_stub}
  0x000002d1800add64: 9048 bb30 | 5a43 0008 

  0x000002d1800add6c: ;   {runtime_call I2C/C2I adapters}
  0x000002d1800add6c: 0000 00e9 | e98c 4e07 

  0x000002d1800add74: ;   {static_stub}
  0x000002d1800add74: 9048 bba8 | 3208 0008 

  0x000002d1800add7c: ;   {runtime_call I2C/C2I adapters}
  0x000002d1800add7c: 0000 00e9 | d98c 4e07 

  0x000002d1800add84: ;   {static_stub}
  0x000002d1800add84: 9048 bb00 | 0000 0000 

  0x000002d1800add8c: ;   {runtime_call}
  0x000002d1800add8c: 0000 00e9 | fbff ffff 

  0x000002d1800add94: ;   {static_stub}
  0x000002d1800add94: 9048 bb00 | 0000 0000 

  0x000002d1800add9c: ;   {runtime_call}
  0x000002d1800add9c: 0000 00e9 | fbff ffff 

  0x000002d1800adda4: ;   {static_stub}
  0x000002d1800adda4: 9048 bb00 | 0000 0000 

  0x000002d1800addac: ;   {runtime_call}
  0x000002d1800addac: 0000 00e9 | fbff ffff 

  0x000002d1800addb4: ;   {static_stub}
  0x000002d1800addb4: 9048 bb18 | 3608 0008 

  0x000002d1800addbc: ;   {runtime_call I2C/C2I adapters}
  0x000002d1800addbc: 0000 00e9 | 998c 4e07 

  0x000002d1800addc4: ;   {static_stub}
  0x000002d1800addc4: 9048 bb00 | 0000 0000 

  0x000002d1800addcc: ;   {runtime_call}
  0x000002d1800addcc: 0000 00e9 | fbff ffff 
[Exception Handler]
  0x000002d1800addd4: ;   {runtime_call handle_exception_from_callee Runtime1 stub}
  0x000002d1800addd4: e827 fe58 

  0x000002d1800addd8: ;   {external_word}
  0x000002d1800addd8: 0748 b928 | 4944 adfd | 7f00 0048 

  0x000002d1800adde4: ;   {runtime_call}
  0x000002d1800adde4: 83e4 f049 | bab0 f80f | adfd 7f00 | 0041 ffd2 

  0x000002d1800addf4: ;   {section_word}
  0x000002d1800addf4: f449 baf5 | dd0a 80d1 | 0200 0041 

  0x000002d1800ade00: ;   {runtime_call DeoptimizationBlob}
  0x000002d1800ade00: 52e9 9a92 | 4e07 f4f4 
[/MachCode]


---------------  P R O C E S S  ---------------

Threads class SMR info:
_java_thread_list=0x000002d1ff543770, length=13, elements={
0x000002d1eb214180, 0x000002d1ff245b90, 0x000002d1ff2472c0, 0x000002d1ff24da60,
0x000002d1ff24cfc0, 0x000002d1ff24bfd0, 0x000002d1ff24ea50, 0x000002d1ff259dd0,
0x000002d1ff25f510, 0x000002d1ff24c520, 0x000002d1ff24d510, 0x000002d1ff24b530,
0x000002d1ff4f6390
}

Java Threads: ( => current thread )
=>0x000002d1eb214180 JavaThread "main" [_thread_in_vm, id=10028, stack(0x000000fdebc00000,0x000000fdebd00000)]
  0x000002d1ff245b90 JavaThread "Reference Handler" daemon [_thread_blocked, id=14248, stack(0x000000fdec300000,0x000000fdec400000)]
  0x000002d1ff2472c0 JavaThread "Finalizer" daemon [_thread_blocked, id=18208, stack(0x000000fdec400000,0x000000fdec500000)]
  0x000002d1ff24da60 JavaThread "Signal Dispatcher" daemon [_thread_blocked, id=4312, stack(0x000000fdec500000,0x000000fdec600000)]
  0x000002d1ff24cfc0 JavaThread "Attach Listener" daemon [_thread_blocked, id=19024, stack(0x000000fdec600000,0x000000fdec700000)]
  0x000002d1ff24bfd0 JavaThread "Service Thread" daemon [_thread_blocked, id=7036, stack(0x000000fdec700000,0x000000fdec800000)]
  0x000002d1ff24ea50 JavaThread "Monitor Deflation Thread" daemon [_thread_blocked, id=1552, stack(0x000000fdec800000,0x000000fdec900000)]
  0x000002d1ff259dd0 JavaThread "C2 CompilerThread0" daemon [_thread_blocked, id=6360, stack(0x000000fdec900000,0x000000fdeca00000)]
  0x000002d1ff25f510 JavaThread "C1 CompilerThread0" daemon [_thread_blocked, id=9016, stack(0x000000fdeca00000,0x000000fdecb00000)]
  0x000002d1ff24c520 JavaThread "Sweeper thread" daemon [_thread_blocked, id=14836, stack(0x000000fdecb00000,0x000000fdecc00000)]
  0x000002d1ff24d510 JavaThread "Notification Thread" daemon [_thread_blocked, id=13092, stack(0x000000fdecc00000,0x000000fdecd00000)]
  0x000002d1ff24b530 JavaThread "Common-Cleaner" daemon [_thread_blocked, id=3408, stack(0x000000fdece00000,0x000000fdecf00000)]
  0x000002d1ff4f6390 JavaThread "C2 CompilerThread1" daemon [_thread_blocked, id=6332, stack(0x000000fdecf00000,0x000000fded000000)]

Other Threads:
  0x000002d1ff228f60 VMThread "VM Thread" [stack: 0x000000fdec200000,0x000000fdec300000] [id=11368]
  0x000002d1ff4b1460 WatcherThread "VM Periodic Task Thread" [stack: 0x000000fdecd00000,0x000000fdece00000] [id=12708]
  0x000002d1eb285fa0 WorkerThread "GC Thread#0" [stack: 0x000000fdebd00000,0x000000fdebe00000] [id=8408]
  0x000002d1eb298160 ConcurrentGCThread "G1 Main Marker" [stack: 0x000000fdebe00000,0x000000fdebf00000] [id=8292]
  0x000002d1eb2993e0 WorkerThread "G1 Conc#0" [stack: 0x000000fdebf00000,0x000000fdec000000] [id=5404]
  0x000002d1ff0e7500 ConcurrentGCThread "G1 Refine#0" [stack: 0x000000fdec000000,0x000000fdec100000] [id=7788]
  0x000002d1eb2ddd00 ConcurrentGCThread "G1 Service" [stack: 0x000000fdec100000,0x000000fdec200000] [id=11808]

Threads with active compile tasks:

VM state: not at safepoint (normal execution)

VM Mutex/Monitor currently owned by a thread:  ([mutex/lock_event])
[0x000002d1eb20d050] Metaspace_lock - owner thread: 0x000002d1eb214180

Heap address: 0x0000000700c00000, size: 4084 MB, Compressed Oops mode: Zero based, Oop shift amount: 3

CDS archive(s) mapped at: [0x0000000800000000-0x0000000800c40000-0x0000000800c40000), size 12845056, SharedBaseAddress: 0x0000000800000000, ArchiveRelocationMode: 0.
Compressed class space mapped at: 0x0000000801000000-0x0000000841000000, reserved size: 1073741824
Narrow klass base: 0x0000000800000000, Narrow klass shift: 0, Narrow klass range: 0x100000000

GC Precious Log:
 CardTable entry size: 512
 Card Set container configuration: InlinePtr #cards 4 size 8 Array Of Cards #cards 16 size 48 Howl #buckets 8 coarsen threshold 3686 Howl Bitmap #cards 512 size 80 coarsen threshold 460 Card regions per heap region 1 cards per card region 4096
 CPUs: 6 total, 6 available
 Memory: 16328M
 Large Page Support: Disabled
 NUMA Support: Disabled
 Compressed Oops: Enabled (Zero based)
 Heap Region Size: 2M
 Heap Min Capacity: 8M
 Heap Initial Capacity: 256M
 Heap Max Capacity: 4084M
 Pre-touch: Disabled
 Parallel Workers: 6
 Concurrent Workers: 2
 Concurrent Refinement Workers: 6
 Periodic GC: Disabled

Heap:
 garbage-first heap   total 262144K, used 8192K [0x0000000700c00000, 0x0000000800000000)
  region size 2048K, 5 young (10240K), 0 survivors (0K)
 Metaspace       used 2118K, committed 2240K, reserved 1114112K
  class space    used 194K, committed 256K, reserved 1048576K

Heap Regions: E=young(eden), S=young(survivor), O=old, HS=humongous(starts), HC=humongous(continues), CS=collection set, F=free, OA=open archive, CA=closed archive, TAMS=top-at-mark-start (previous, next)
|   0|0x0000000700c00000, 0x0000000700c00000, 0x0000000700e00000|  0%| F|  |TAMS 0x0000000700c00000, 0x0000000700c00000| Untracked 
|   1|0x0000000700e00000, 0x0000000700e00000, 0x0000000701000000|  0%| F|  |TAMS 0x0000000700e00000, 0x0000000700e00000| Untracked 
|   2|0x0000000701000000, 0x0000000701000000, 0x0000000701200000|  0%| F|  |TAMS 0x0000000701000000, 0x0000000701000000| Untracked 
|   3|0x0000000701200000, 0x0000000701200000, 0x0000000701400000|  0%| F|  |TAMS 0x0000000701200000, 0x0000000701200000| Untracked 
|   4|0x0000000701400000, 0x0000000701400000, 0x0000000701600000|  0%| F|  |TAMS 0x0000000701400000, 0x0000000701400000| Untracked 
|   5|0x0000000701600000, 0x0000000701600000, 0x0000000701800000|  0%| F|  |TAMS 0x0000000701600000, 0x0000000701600000| Untracked 
|   6|0x0000000701800000, 0x0000000701800000, 0x0000000701a00000|  0%| F|  |TAMS 0x0000000701800000, 0x0000000701800000| Untracked 
|   7|0x0000000701a00000, 0x0000000701a00000, 0x0000000701c00000|  0%| F|  |TAMS 0x0000000701a00000, 0x0000000701a00000| Untracked 
|   8|0x0000000701c00000, 0x0000000701c00000, 0x0000000701e00000|  0%| F|  |TAMS 0x0000000701c00000, 0x0000000701c00000| Untracked 
|   9|0x0000000701e00000, 0x0000000701e00000, 0x0000000702000000|  0%| F|  |TAMS 0x0000000701e00000, 0x0000000701e00000| Untracked 
|  10|0x0000000702000000, 0x0000000702000000, 0x0000000702200000|  0%| F|  |TAMS 0x0000000702000000, 0x0000000702000000| Untracked 
|  11|0x0000000702200000, 0x0000000702200000, 0x0000000702400000|  0%| F|  |TAMS 0x0000000702200000, 0x0000000702200000| Untracked 
|  12|0x0000000702400000, 0x0000000702400000, 0x0000000702600000|  0%| F|  |TAMS 0x0000000702400000, 0x0000000702400000| Untracked 
|  13|0x0000000702600000, 0x0000000702600000, 0x0000000702800000|  0%| F|  |TAMS 0x0000000702600000, 0x0000000702600000| Untracked 
|  14|0x0000000702800000, 0x0000000702800000, 0x0000000702a00000|  0%| F|  |TAMS 0x0000000702800000, 0x0000000702800000| Untracked 
|  15|0x0000000702a00000, 0x0000000702a00000, 0x0000000702c00000|  0%| F|  |TAMS 0x0000000702a00000, 0x0000000702a00000| Untracked 
|  16|0x0000000702c00000, 0x0000000702c00000, 0x0000000702e00000|  0%| F|  |TAMS 0x0000000702c00000, 0x0000000702c00000| Untracked 
|  17|0x0000000702e00000, 0x0000000702e00000, 0x0000000703000000|  0%| F|  |TAMS 0x0000000702e00000, 0x0000000702e00000| Untracked 
|  18|0x0000000703000000, 0x0000000703000000, 0x0000000703200000|  0%| F|  |TAMS 0x0000000703000000, 0x0000000703000000| Untracked 
|  19|0x0000000703200000, 0x0000000703200000, 0x0000000703400000|  0%| F|  |TAMS 0x0000000703200000, 0x0000000703200000| Untracked 
|  20|0x0000000703400000, 0x0000000703400000, 0x0000000703600000|  0%| F|  |TAMS 0x0000000703400000, 0x0000000703400000| Untracked 
|  21|0x0000000703600000, 0x0000000703600000, 0x0000000703800000|  0%| F|  |TAMS 0x0000000703600000, 0x0000000703600000| Untracked 
|  22|0x0000000703800000, 0x0000000703800000, 0x0000000703a00000|  0%| F|  |TAMS 0x0000000703800000, 0x0000000703800000| Untracked 
|  23|0x0000000703a00000, 0x0000000703a00000, 0x0000000703c00000|  0%| F|  |TAMS 0x0000000703a00000, 0x0000000703a00000| Untracked 
|  24|0x0000000703c00000, 0x0000000703c00000, 0x0000000703e00000|  0%| F|  |TAMS 0x0000000703c00000, 0x0000000703c00000| Untracked 
|  25|0x0000000703e00000, 0x0000000703e00000, 0x0000000704000000|  0%| F|  |TAMS 0x0000000703e00000, 0x0000000703e00000| Untracked 
|  26|0x0000000704000000, 0x0000000704000000, 0x0000000704200000|  0%| F|  |TAMS 0x0000000704000000, 0x0000000704000000| Untracked 
|  27|0x0000000704200000, 0x0000000704200000, 0x0000000704400000|  0%| F|  |TAMS 0x0000000704200000, 0x0000000704200000| Untracked 
|  28|0x0000000704400000, 0x0000000704400000, 0x0000000704600000|  0%| F|  |TAMS 0x0000000704400000, 0x0000000704400000| Untracked 
|  29|0x0000000704600000, 0x0000000704600000, 0x0000000704800000|  0%| F|  |TAMS 0x0000000704600000, 0x0000000704600000| Untracked 
|  30|0x0000000704800000, 0x0000000704800000, 0x0000000704a00000|  0%| F|  |TAMS 0x0000000704800000, 0x0000000704800000| Untracked 
|  31|0x0000000704a00000, 0x0000000704a00000, 0x0000000704c00000|  0%| F|  |TAMS 0x0000000704a00000, 0x0000000704a00000| Untracked 
|  32|0x0000000704c00000, 0x0000000704c00000, 0x0000000704e00000|  0%| F|  |TAMS 0x0000000704c00000, 0x0000000704c00000| Untracked 
|  33|0x0000000704e00000, 0x0000000704e00000, 0x0000000705000000|  0%| F|  |TAMS 0x0000000704e00000, 0x0000000704e00000| Untracked 
|  34|0x0000000705000000, 0x0000000705000000, 0x0000000705200000|  0%| F|  |TAMS 0x0000000705000000, 0x0000000705000000| Untracked 
|  35|0x0000000705200000, 0x0000000705200000, 0x0000000705400000|  0%| F|  |TAMS 0x0000000705200000, 0x0000000705200000| Untracked 
|  36|0x0000000705400000, 0x0000000705400000, 0x0000000705600000|  0%| F|  |TAMS 0x0000000705400000, 0x0000000705400000| Untracked 
|  37|0x0000000705600000, 0x0000000705600000, 0x0000000705800000|  0%| F|  |TAMS 0x0000000705600000, 0x0000000705600000| Untracked 
|  38|0x0000000705800000, 0x0000000705800000, 0x0000000705a00000|  0%| F|  |TAMS 0x0000000705800000, 0x0000000705800000| Untracked 
|  39|0x0000000705a00000, 0x0000000705a00000, 0x0000000705c00000|  0%| F|  |TAMS 0x0000000705a00000, 0x0000000705a00000| Untracked 
|  40|0x0000000705c00000, 0x0000000705c00000, 0x0000000705e00000|  0%| F|  |TAMS 0x0000000705c00000, 0x0000000705c00000| Untracked 
|  41|0x0000000705e00000, 0x0000000705e00000, 0x0000000706000000|  0%| F|  |TAMS 0x0000000705e00000, 0x0000000705e00000| Untracked 
|  42|0x0000000706000000, 0x0000000706000000, 0x0000000706200000|  0%| F|  |TAMS 0x0000000706000000, 0x0000000706000000| Untracked 
|  43|0x0000000706200000, 0x0000000706200000, 0x0000000706400000|  0%| F|  |TAMS 0x0000000706200000, 0x0000000706200000| Untracked 
|  44|0x0000000706400000, 0x0000000706400000, 0x0000000706600000|  0%| F|  |TAMS 0x0000000706400000, 0x0000000706400000| Untracked 
|  45|0x0000000706600000, 0x0000000706600000, 0x0000000706800000|  0%| F|  |TAMS 0x0000000706600000, 0x0000000706600000| Untracked 
|  46|0x0000000706800000, 0x0000000706800000, 0x0000000706a00000|  0%| F|  |TAMS 0x0000000706800000, 0x0000000706800000| Untracked 
|  47|0x0000000706a00000, 0x0000000706a00000, 0x0000000706c00000|  0%| F|  |TAMS 0x0000000706a00000, 0x0000000706a00000| Untracked 
|  48|0x0000000706c00000, 0x0000000706c00000, 0x0000000706e00000|  0%| F|  |TAMS 0x0000000706c00000, 0x0000000706c00000| Untracked 
|  49|0x0000000706e00000, 0x0000000706e00000, 0x0000000707000000|  0%| F|  |TAMS 0x0000000706e00000, 0x0000000706e00000| Untracked 
|  50|0x0000000707000000, 0x0000000707000000, 0x0000000707200000|  0%| F|  |TAMS 0x0000000707000000, 0x0000000707000000| Untracked 
|  51|0x0000000707200000, 0x0000000707200000, 0x0000000707400000|  0%| F|  |TAMS 0x0000000707200000, 0x0000000707200000| Untracked 
|  52|0x0000000707400000, 0x0000000707400000, 0x0000000707600000|  0%| F|  |TAMS 0x0000000707400000, 0x0000000707400000| Untracked 
|  53|0x0000000707600000, 0x0000000707600000, 0x0000000707800000|  0%| F|  |TAMS 0x0000000707600000, 0x0000000707600000| Untracked 
|  54|0x0000000707800000, 0x0000000707800000, 0x0000000707a00000|  0%| F|  |TAMS 0x0000000707800000, 0x0000000707800000| Untracked 
|  55|0x0000000707a00000, 0x0000000707a00000, 0x0000000707c00000|  0%| F|  |TAMS 0x0000000707a00000, 0x0000000707a00000| Untracked 
|  56|0x0000000707c00000, 0x0000000707c00000, 0x0000000707e00000|  0%| F|  |TAMS 0x0000000707c00000, 0x0000000707c00000| Untracked 
|  57|0x0000000707e00000, 0x0000000707e00000, 0x0000000708000000|  0%| F|  |TAMS 0x0000000707e00000, 0x0000000707e00000| Untracked 
|  58|0x0000000708000000, 0x0000000708000000, 0x0000000708200000|  0%| F|  |TAMS 0x0000000708000000, 0x0000000708000000| Untracked 
|  59|0x0000000708200000, 0x0000000708200000, 0x0000000708400000|  0%| F|  |TAMS 0x0000000708200000, 0x0000000708200000| Untracked 
|  60|0x0000000708400000, 0x0000000708400000, 0x0000000708600000|  0%| F|  |TAMS 0x0000000708400000, 0x0000000708400000| Untracked 
|  61|0x0000000708600000, 0x0000000708600000, 0x0000000708800000|  0%| F|  |TAMS 0x0000000708600000, 0x0000000708600000| Untracked 
|  62|0x0000000708800000, 0x0000000708800000, 0x0000000708a00000|  0%| F|  |TAMS 0x0000000708800000, 0x0000000708800000| Untracked 
|  63|0x0000000708a00000, 0x0000000708a00000, 0x0000000708c00000|  0%| F|  |TAMS 0x0000000708a00000, 0x0000000708a00000| Untracked 
|  64|0x0000000708c00000, 0x0000000708c00000, 0x0000000708e00000|  0%| F|  |TAMS 0x0000000708c00000, 0x0000000708c00000| Untracked 
|  65|0x0000000708e00000, 0x0000000708e00000, 0x0000000709000000|  0%| F|  |TAMS 0x0000000708e00000, 0x0000000708e00000| Untracked 
|  66|0x0000000709000000, 0x0000000709000000, 0x0000000709200000|  0%| F|  |TAMS 0x0000000709000000, 0x0000000709000000| Untracked 
|  67|0x0000000709200000, 0x0000000709200000, 0x0000000709400000|  0%| F|  |TAMS 0x0000000709200000, 0x0000000709200000| Untracked 
|  68|0x0000000709400000, 0x0000000709400000, 0x0000000709600000|  0%| F|  |TAMS 0x0000000709400000, 0x0000000709400000| Untracked 
|  69|0x0000000709600000, 0x0000000709600000, 0x0000000709800000|  0%| F|  |TAMS 0x0000000709600000, 0x0000000709600000| Untracked 
|  70|0x0000000709800000, 0x0000000709800000, 0x0000000709a00000|  0%| F|  |TAMS 0x0000000709800000, 0x0000000709800000| Untracked 
|  71|0x0000000709a00000, 0x0000000709a00000, 0x0000000709c00000|  0%| F|  |TAMS 0x0000000709a00000, 0x0000000709a00000| Untracked 
|  72|0x0000000709c00000, 0x0000000709c00000, 0x0000000709e00000|  0%| F|  |TAMS 0x0000000709c00000, 0x0000000709c00000| Untracked 
|  73|0x0000000709e00000, 0x0000000709e00000, 0x000000070a000000|  0%| F|  |TAMS 0x0000000709e00000, 0x0000000709e00000| Untracked 
|  74|0x000000070a000000, 0x000000070a000000, 0x000000070a200000|  0%| F|  |TAMS 0x000000070a000000, 0x000000070a000000| Untracked 
|  75|0x000000070a200000, 0x000000070a200000, 0x000000070a400000|  0%| F|  |TAMS 0x000000070a200000, 0x000000070a200000| Untracked 
|  76|0x000000070a400000, 0x000000070a400000, 0x000000070a600000|  0%| F|  |TAMS 0x000000070a400000, 0x000000070a400000| Untracked 
|  77|0x000000070a600000, 0x000000070a600000, 0x000000070a800000|  0%| F|  |TAMS 0x000000070a600000, 0x000000070a600000| Untracked 
|  78|0x000000070a800000, 0x000000070a800000, 0x000000070aa00000|  0%| F|  |TAMS 0x000000070a800000, 0x000000070a800000| Untracked 
|  79|0x000000070aa00000, 0x000000070aa00000, 0x000000070ac00000|  0%| F|  |TAMS 0x000000070aa00000, 0x000000070aa00000| Untracked 
|  80|0x000000070ac00000, 0x000000070ac00000, 0x000000070ae00000|  0%| F|  |TAMS 0x000000070ac00000, 0x000000070ac00000| Untracked 
|  81|0x000000070ae00000, 0x000000070ae00000, 0x000000070b000000|  0%| F|  |TAMS 0x000000070ae00000, 0x000000070ae00000| Untracked 
|  82|0x000000070b000000, 0x000000070b000000, 0x000000070b200000|  0%| F|  |TAMS 0x000000070b000000, 0x000000070b000000| Untracked 
|  83|0x000000070b200000, 0x000000070b200000, 0x000000070b400000|  0%| F|  |TAMS 0x000000070b200000, 0x000000070b200000| Untracked 
|  84|0x000000070b400000, 0x000000070b400000, 0x000000070b600000|  0%| F|  |TAMS 0x000000070b400000, 0x000000070b400000| Untracked 
|  85|0x000000070b600000, 0x000000070b600000, 0x000000070b800000|  0%| F|  |TAMS 0x000000070b600000, 0x000000070b600000| Untracked 
|  86|0x000000070b800000, 0x000000070b800000, 0x000000070ba00000|  0%| F|  |TAMS 0x000000070b800000, 0x000000070b800000| Untracked 
|  87|0x000000070ba00000, 0x000000070ba00000, 0x000000070bc00000|  0%| F|  |TAMS 0x000000070ba00000, 0x000000070ba00000| Untracked 
|  88|0x000000070bc00000, 0x000000070bc00000, 0x000000070be00000|  0%| F|  |TAMS 0x000000070bc00000, 0x000000070bc00000| Untracked 
|  89|0x000000070be00000, 0x000000070be00000, 0x000000070c000000|  0%| F|  |TAMS 0x000000070be00000, 0x000000070be00000| Untracked 
|  90|0x000000070c000000, 0x000000070c000000, 0x000000070c200000|  0%| F|  |TAMS 0x000000070c000000, 0x000000070c000000| Untracked 
|  91|0x000000070c200000, 0x000000070c200000, 0x000000070c400000|  0%| F|  |TAMS 0x000000070c200000, 0x000000070c200000| Untracked 
|  92|0x000000070c400000, 0x000000070c400000, 0x000000070c600000|  0%| F|  |TAMS 0x000000070c400000, 0x000000070c400000| Untracked 
|  93|0x000000070c600000, 0x000000070c600000, 0x000000070c800000|  0%| F|  |TAMS 0x000000070c600000, 0x000000070c600000| Untracked 
|  94|0x000000070c800000, 0x000000070c800000, 0x000000070ca00000|  0%| F|  |TAMS 0x000000070c800000, 0x000000070c800000| Untracked 
|  95|0x000000070ca00000, 0x000000070ca00000, 0x000000070cc00000|  0%| F|  |TAMS 0x000000070ca00000, 0x000000070ca00000| Untracked 
|  96|0x000000070cc00000, 0x000000070cc00000, 0x000000070ce00000|  0%| F|  |TAMS 0x000000070cc00000, 0x000000070cc00000| Untracked 
|  97|0x000000070ce00000, 0x000000070ce00000, 0x000000070d000000|  0%| F|  |TAMS 0x000000070ce00000, 0x000000070ce00000| Untracked 
|  98|0x000000070d000000, 0x000000070d000000, 0x000000070d200000|  0%| F|  |TAMS 0x000000070d000000, 0x000000070d000000| Untracked 
|  99|0x000000070d200000, 0x000000070d200000, 0x000000070d400000|  0%| F|  |TAMS 0x000000070d200000, 0x000000070d200000| Untracked 
| 100|0x000000070d400000, 0x000000070d400000, 0x000000070d600000|  0%| F|  |TAMS 0x000000070d400000, 0x000000070d400000| Untracked 
| 101|0x000000070d600000, 0x000000070d600000, 0x000000070d800000|  0%| F|  |TAMS 0x000000070d600000, 0x000000070d600000| Untracked 
| 102|0x000000070d800000, 0x000000070d800000, 0x000000070da00000|  0%| F|  |TAMS 0x000000070d800000, 0x000000070d800000| Untracked 
| 103|0x000000070da00000, 0x000000070da00000, 0x000000070dc00000|  0%| F|  |TAMS 0x000000070da00000, 0x000000070da00000| Untracked 
| 104|0x000000070dc00000, 0x000000070dc00000, 0x000000070de00000|  0%| F|  |TAMS 0x000000070dc00000, 0x000000070dc00000| Untracked 
| 105|0x000000070de00000, 0x000000070de00000, 0x000000070e000000|  0%| F|  |TAMS 0x000000070de00000, 0x000000070de00000| Untracked 
| 106|0x000000070e000000, 0x000000070e000000, 0x000000070e200000|  0%| F|  |TAMS 0x000000070e000000, 0x000000070e000000| Untracked 
| 107|0x000000070e200000, 0x000000070e200000, 0x000000070e400000|  0%| F|  |TAMS 0x000000070e200000, 0x000000070e200000| Untracked 
| 108|0x000000070e400000, 0x000000070e400000, 0x000000070e600000|  0%| F|  |TAMS 0x000000070e400000, 0x000000070e400000| Untracked 
| 109|0x000000070e600000, 0x000000070e600000, 0x000000070e800000|  0%| F|  |TAMS 0x000000070e600000, 0x000000070e600000| Untracked 
| 110|0x000000070e800000, 0x000000070e800000, 0x000000070ea00000|  0%| F|  |TAMS 0x000000070e800000, 0x000000070e800000| Untracked 
| 111|0x000000070ea00000, 0x000000070ea00000, 0x000000070ec00000|  0%| F|  |TAMS 0x000000070ea00000, 0x000000070ea00000| Untracked 
| 112|0x000000070ec00000, 0x000000070ec00000, 0x000000070ee00000|  0%| F|  |TAMS 0x000000070ec00000, 0x000000070ec00000| Untracked 
| 113|0x000000070ee00000, 0x000000070ee00000, 0x000000070f000000|  0%| F|  |TAMS 0x000000070ee00000, 0x000000070ee00000| Untracked 
| 114|0x000000070f000000, 0x000000070f000000, 0x000000070f200000|  0%| F|  |TAMS 0x000000070f000000, 0x000000070f000000| Untracked 
| 115|0x000000070f200000, 0x000000070f200000, 0x000000070f400000|  0%| F|  |TAMS 0x000000070f200000, 0x000000070f200000| Untracked 
| 116|0x000000070f400000, 0x000000070f400000, 0x000000070f600000|  0%| F|  |TAMS 0x000000070f400000, 0x000000070f400000| Untracked 
| 117|0x000000070f600000, 0x000000070f600000, 0x000000070f800000|  0%| F|  |TAMS 0x000000070f600000, 0x000000070f600000| Untracked 
| 118|0x000000070f800000, 0x000000070f800000, 0x000000070fa00000|  0%| F|  |TAMS 0x000000070f800000, 0x000000070f800000| Untracked 
| 119|0x000000070fa00000, 0x000000070fa00000, 0x000000070fc00000|  0%| F|  |TAMS 0x000000070fa00000, 0x000000070fa00000| Untracked 
| 120|0x000000070fc00000, 0x000000070fc00000, 0x000000070fe00000|  0%| F|  |TAMS 0x000000070fc00000, 0x000000070fc00000| Untracked 
| 121|0x000000070fe00000, 0x000000070fe00000, 0x0000000710000000|  0%| F|  |TAMS 0x000000070fe00000, 0x000000070fe00000| Untracked 
| 122|0x0000000710000000, 0x0000000710000000, 0x0000000710200000|  0%| F|  |TAMS 0x0000000710000000, 0x0000000710000000| Untracked 
| 123|0x0000000710200000, 0x0000000710400000, 0x0000000710400000|100%| E|  |TAMS 0x0000000710200000, 0x0000000710200000| Complete 
| 124|0x0000000710400000, 0x0000000710600000, 0x0000000710600000|100%| E|CS|TAMS 0x0000000710400000, 0x0000000710400000| Complete 
| 125|0x0000000710600000, 0x0000000710800000, 0x0000000710800000|100%| E|CS|TAMS 0x0000000710600000, 0x0000000710600000| Complete 
| 126|0x0000000710800000, 0x0000000710a00000, 0x0000000710a00000|100%| E|CS|TAMS 0x0000000710800000, 0x0000000710800000| Complete 
| 127|0x0000000710a00000, 0x0000000710c00000, 0x0000000710c00000|100%| E|CS|TAMS 0x0000000710a00000, 0x0000000710a00000| Complete 

Card table byte_map: [0x000002d1f3aa0000,0x000002d1f42a0000] _byte_map_base: 0x000002d1f029a000

Marking Bits (Prev, Next): (CMBitMap*) 0x000002d1eb2878f0, (CMBitMap*) 0x000002d1eb287930
 Prev Bits: [0x000002d1f4aa0000, 0x000002d1f8a70000)
 Next Bits: [0x000002d1f8a70000, 0x000002d1fca40000)

Polling page: 0x000002d1e91c0000

Metaspace:

Usage:
  Non-class:      1.88 MB used.
      Class:    194.42 KB used.
       Both:      2.07 MB used.

Virtual space:
  Non-class space:       64.00 MB reserved,       1.94 MB (  3%) committed,  1 nodes.
      Class space:        1.00 GB reserved,     256.00 KB ( <1%) committed,  1 nodes.
             Both:        1.06 GB reserved,       2.19 MB ( <1%) committed. 

Chunk freelists:
   Non-Class:  3.36 MB
       Class:  3.66 MB
        Both:  7.02 MB

MaxMetaspaceSize: unlimited
CompressedClassSpaceSize: 1.00 GB
Initial GC threshold: 21.00 MB
Current GC threshold: 21.00 MB
CDS: on
MetaspaceReclaimPolicy: balanced
 - commit_granule_bytes: 65536.
 - commit_granule_words: 8192.
 - virtual_space_node_default_size: 8388608.
 - enlarge_chunks_in_place: 1.
 - new_chunks_are_fully_committed: 0.
 - uncommit_free_chunks: 1.
 - use_allocation_guard: 0.


Internal statistics:

num_allocs_failed_limit: 0.
num_arena_births: 28.
num_arena_deaths: 0.
num_vsnodes_births: 2.
num_vsnodes_deaths: 0.
num_space_committed: 35.
num_space_uncommitted: 0.
num_chunks_returned_to_freelist: 0.
num_chunks_taken_from_freelist: 71.
num_chunk_merges: 0.
num_chunk_splits: 36.
num_chunks_enlarged: 27.
num_inconsistent_stats: 0.

CodeHeap 'non-profiled nmethods': size=120000Kb used=189Kb max_used=189Kb free=119810Kb
 bounds [0x000002d187ad0000, 0x000002d187d40000, 0x000002d18f000000]
CodeHeap 'profiled nmethods': size=120000Kb used=821Kb max_used=821Kb free=119179Kb
 bounds [0x000002d180000000, 0x000002d180270000, 0x000002d187530000]
CodeHeap 'non-nmethods': size=5760Kb used=1230Kb max_used=1249Kb free=4529Kb
 bounds [0x000002d187530000, 0x000002d1877a0000, 0x000002d187ad0000]
 total_blobs=998 nmethods=563 adapters=346
 compilation: enabled
              stopped_count=0, restarted_count=0
 full_count=0

Compilation events (20 events):
Event: 0.204 Thread 0x000002d1ff4f6390 nmethod 525 0x000002d187afc390 code [0x000002d187afc540, 0x000002d187afc978]
Event: 0.204 Thread 0x000002d1ff25f510  552       3       java.lang.Enum::<init> (15 bytes)
Event: 0.204 Thread 0x000002d1ff25f510 nmethod 552 0x000002d1800ca290 code [0x000002d1800ca440, 0x000002d1800ca618]
Event: 0.205 Thread 0x000002d1ff25f510  553       1       java.util.HashMap$Node::getValue (5 bytes)
Event: 0.205 Thread 0x000002d1ff25f510 nmethod 553 0x000002d187afd310 code [0x000002d187afd4a0, 0x000002d187afd578]
Event: 0.205 Thread 0x000002d1ff25f510  555       3       java.lang.invoke.MemberName::getReferenceKind (12 bytes)
Event: 0.205 Thread 0x000002d1ff25f510 nmethod 555 0x000002d1800ca710 code [0x000002d1800ca8a0, 0x000002d1800ca9b8]
Event: 0.205 Thread 0x000002d1ff25f510  556       3       java.lang.Class::getName (18 bytes)
Event: 0.205 Thread 0x000002d1ff25f510 nmethod 556 0x000002d1800caa90 code [0x000002d1800cac40, 0x000002d1800cadc8]
Event: 0.206 Thread 0x000002d1ff25f510  554       1       java.util.HashMap$Node::getKey (5 bytes)
Event: 0.206 Thread 0x000002d1ff25f510 nmethod 554 0x000002d187afd610 code [0x000002d187afd7a0, 0x000002d187afd878]
Event: 0.206 Thread 0x000002d1ff25f510  557       3       java.lang.invoke.MethodType::methodType (69 bytes)
Event: 0.206 Thread 0x000002d1ff25f510 nmethod 557 0x000002d1800cae90 code [0x000002d1800cb0a0, 0x000002d1800cb598]
Event: 0.206 Thread 0x000002d1ff259dd0  558   !   4       java.util.zip.ZipFile$Source::getEntryPos (195 bytes)
Event: 0.208 Thread 0x000002d1ff4f6390  559       4       java.lang.String::getBytes (44 bytes)
Event: 0.208 Thread 0x000002d1ff4f6390 nmethod 559 0x000002d187afd910 code [0x000002d187afdaa0, 0x000002d187afdbf8]
Event: 0.208 Thread 0x000002d1ff4f6390  560       4       java.lang.String::startsWith (138 bytes)
Event: 0.210 Thread 0x000002d1ff25f510  562       3       jdk.internal.loader.URLClassPath::getResource (74 bytes)
Event: 0.210 Thread 0x000002d1ff25f510 nmethod 562 0x000002d1800cb710 code [0x000002d1800cb8e0, 0x000002d1800cbc38]
Event: 0.210 Thread 0x000002d1ff25f510  563  s    3       jdk.internal.loader.Resource::cachedInputStream (20 bytes)

GC Heap History (0 events):
No events

Dll operation events (6 events):
Event: 0.005 Loaded shared library C:\Program Files\Java\jdk-19\bin\java.dll
Event: 0.012 Loaded shared library C:\Program Files\Java\jdk-19\bin\jsvml.dll
Event: 0.070 Loaded shared library C:\Program Files\Java\jdk-19\bin\net.dll
Event: 0.071 Loaded shared library C:\Program Files\Java\jdk-19\bin\nio.dll
Event: 0.074 Loaded shared library C:\Program Files\Java\jdk-19\bin\zip.dll
Event: 0.141 Loaded shared library C:\Program Files\Java\jdk-19\bin\jimage.dll

Deoptimization events (20 events):
Event: 0.083 Thread 0x000002d1eb214180 DEOPT PACKING pc=0x000002d18001868c sp=0x000000fdebcfd6b0
Event: 0.083 Thread 0x000002d1eb214180 DEOPT UNPACKING pc=0x000002d187597543 sp=0x000000fdebcfcb40 mode 0
Event: 0.083 Thread 0x000002d1eb214180 DEOPT PACKING pc=0x000002d18001868c sp=0x000000fdebcfd6b0
Event: 0.083 Thread 0x000002d1eb214180 DEOPT UNPACKING pc=0x000002d187597543 sp=0x000000fdebcfcb40 mode 0
Event: 0.083 Thread 0x000002d1eb214180 DEOPT PACKING pc=0x000002d18001868c sp=0x000000fdebcfd6b0
Event: 0.083 Thread 0x000002d1eb214180 DEOPT UNPACKING pc=0x000002d187597543 sp=0x000000fdebcfcb40 mode 0
Event: 0.094 Thread 0x000002d1eb214180 Uncommon trap: trap_request=0xffffff45 fr.pc=0x000002d187ad8a18 relative=0x0000000000000758
Event: 0.094 Thread 0x000002d1eb214180 Uncommon trap: reason=unstable_if action=reinterpret pc=0x000002d187ad8a18 method=java.util.zip.ZipFile$Source.checkAndAddEntry(II)I @ 50 c2
Event: 0.094 Thread 0x000002d1eb214180 DEOPT PACKING pc=0x000002d187ad8a18 sp=0x000000fdebcfd7d0
Event: 0.094 Thread 0x000002d1eb214180 DEOPT UNPACKING pc=0x000002d187596da3 sp=0x000000fdebcfd740 mode 2
Event: 0.102 Thread 0x000002d1eb214180 DEOPT PACKING pc=0x000002d180016ce7 sp=0x000000fdebcf8cf0
Event: 0.102 Thread 0x000002d1eb214180 DEOPT UNPACKING pc=0x000002d187597543 sp=0x000000fdebcf8110 mode 0
Event: 0.106 Thread 0x000002d1eb214180 DEOPT PACKING pc=0x000002d180006bd1 sp=0x000000fdebcf8410
Event: 0.106 Thread 0x000002d1eb214180 DEOPT UNPACKING pc=0x000002d187597543 sp=0x000000fdebcf7888 mode 0
Event: 0.147 Thread 0x000002d1eb214180 Uncommon trap: trap_request=0xffffff45 fr.pc=0x000002d187ad9504 relative=0x0000000000000064
Event: 0.147 Thread 0x000002d1eb214180 Uncommon trap: reason=unstable_if action=reinterpret pc=0x000002d187ad9504 method=java.io.WinNTFileSystem.isSlash(C)Z @ 9 c2
Event: 0.147 Thread 0x000002d1eb214180 DEOPT PACKING pc=0x000002d187ad9504 sp=0x000000fdebcfd990
Event: 0.147 Thread 0x000002d1eb214180 DEOPT UNPACKING pc=0x000002d187596da3 sp=0x000000fdebcfd918 mode 2
Event: 0.171 Thread 0x000002d1eb214180 DEOPT PACKING pc=0x000002d18002bd57 sp=0x000000fdebcfc420
Event: 0.171 Thread 0x000002d1eb214180 DEOPT UNPACKING pc=0x000002d187597543 sp=0x000000fdebcfb8b8 mode 0

Classes loaded (20 events):
Event: 0.199 Loading class java/time/zone/ZoneRulesProvider$1
Event: 0.199 Loading class java/time/zone/ZoneRulesProvider$1 done
Event: 0.199 Loading class java/time/zone/TzdbZoneRulesProvider
Event: 0.199 Loading class java/time/zone/TzdbZoneRulesProvider done
Event: 0.201 Loading class java/time/zone/Ser
Event: 0.201 Loading class java/io/Externalizable
Event: 0.201 Loading class java/io/Externalizable done
Event: 0.201 Loading class java/time/zone/Ser done
Event: 0.202 Loading class java/time/Month
Event: 0.202 Loading class java/time/Month done
Event: 0.202 Loading class java/time/DayOfWeek
Event: 0.202 Loading class java/time/DayOfWeek done
Event: 0.202 Loading class java/time/zone/ZoneOffsetTransitionRule$TimeDefinition
Event: 0.202 Loading class java/time/zone/ZoneOffsetTransitionRule$TimeDefinition done
Event: 0.203 Loading class java/time/zone/ZoneOffsetTransition
Event: 0.203 Loading class java/time/zone/ZoneOffsetTransition done
Event: 0.206 Loading class java/util/concurrent/atomic/AtomicReference
Event: 0.206 Loading class java/util/concurrent/atomic/AtomicReference done
Event: 0.208 Loading class java/lang/NumberFormatException
Event: 0.208 Loading class java/lang/NumberFormatException done

Classes unloaded (0 events):
No events

Classes redefined (0 events):
No events

Internal exceptions (2 events):
Event: 0.178 Thread 0x000002d1eb214180 Exception <a 'java/lang/ClassNotFoundException'{0x000000071027dc38}: javax/smartcardio/CardPermission> (0x000000071027dc38) 
thrown [s\open\src\hotspot\share\classfile\systemDictionary.cpp, line 255]
Event: 0.180 Thread 0x000002d1eb214180 Exception <a 'java/io/FileNotFoundException'{0x000000071028c358}> (0x000000071028c358) 
thrown [s\open\src\hotspot\share\prims\jni.cpp, line 517]

VM Operations (4 events):
Event: 0.079 Executing VM operation: HandshakeAllThreads
Event: 0.079 Executing VM operation: HandshakeAllThreads done
Event: 0.147 Executing VM operation: HandshakeAllThreads
Event: 0.147 Executing VM operation: HandshakeAllThreads done

Events (13 events):
Event: 0.012 Thread 0x000002d1eb214180 Thread added: 0x000002d1eb214180
Event: 0.021 Thread 0x000002d1ff245b90 Thread added: 0x000002d1ff245b90
Event: 0.021 Thread 0x000002d1ff2472c0 Thread added: 0x000002d1ff2472c0
Event: 0.021 Thread 0x000002d1ff24da60 Thread added: 0x000002d1ff24da60
Event: 0.021 Thread 0x000002d1ff24cfc0 Thread added: 0x000002d1ff24cfc0
Event: 0.021 Thread 0x000002d1ff24bfd0 Thread added: 0x000002d1ff24bfd0
Event: 0.022 Thread 0x000002d1ff24ea50 Thread added: 0x000002d1ff24ea50
Event: 0.022 Thread 0x000002d1ff259dd0 Thread added: 0x000002d1ff259dd0
Event: 0.022 Thread 0x000002d1ff25f510 Thread added: 0x000002d1ff25f510
Event: 0.022 Thread 0x000002d1ff24c520 Thread added: 0x000002d1ff24c520
Event: 0.064 Thread 0x000002d1ff24d510 Thread added: 0x000002d1ff24d510
Event: 0.067 Thread 0x000002d1ff24b530 Thread added: 0x000002d1ff24b530
Event: 0.087 Thread 0x000002d1ff4f6390 Thread added: 0x000002d1ff4f6390


Dynamic libraries:
0x00007ff7e9700000 - 0x00007ff7e9710000 	C:\Program Files\Java\jdk-19\bin\javaw.exe
0x00007ffe38e10000 - 0x00007ffe39008000 	C:\WINDOWS\SYSTEM32\ntdll.dll
0x00007ffe36ff0000 - 0x00007ffe370af000 	C:\WINDOWS\System32\KERNEL32.DLL
0x00007ffe36930000 - 0x00007ffe36c0a000 	C:\WINDOWS\System32\KERNELBASE.dll
0x00007ffe36830000 - 0x00007ffe36930000 	C:\WINDOWS\System32\ucrtbase.dll
0x00007ffe1d440000 - 0x00007ffe1d458000 	C:\Program Files\Java\jdk-19\bin\jli.dll
0x00007ffe1d460000 - 0x00007ffe1d47b000 	C:\Program Files\Java\jdk-19\bin\VCRUNTIME140.dll
0x00007ffe38d20000 - 0x00007ffe38dce000 	C:\WINDOWS\System32\ADVAPI32.dll
0x00007ffe38350000 - 0x00007ffe383ee000 	C:\WINDOWS\System32\msvcrt.dll
0x00007ffe37160000 - 0x00007ffe371fc000 	C:\WINDOWS\System32\sechost.dll
0x00007ffe37630000 - 0x00007ffe37756000 	C:\WINDOWS\System32\RPCRT4.dll
0x00007ffe37490000 - 0x00007ffe3762d000 	C:\WINDOWS\System32\USER32.dll
0x00007ffe36570000 - 0x00007ffe36592000 	C:\WINDOWS\System32\win32u.dll
0x00007ffe38cf0000 - 0x00007ffe38d1b000 	C:\WINDOWS\System32\GDI32.dll
0x00007ffe2b560000 - 0x00007ffe2b7fa000 	C:\WINDOWS\WinSxS\amd64_microsoft.windows.common-controls_6595b64144ccf1df_6.0.19041.1110_none_60b5254171f9507e\COMCTL32.dll
0x00007ffe36d60000 - 0x00007ffe36e70000 	C:\WINDOWS\System32\gdi32full.dll
0x00007ffe36c10000 - 0x00007ffe36cad000 	C:\WINDOWS\System32\msvcp_win.dll
0x00007ffe300e0000 - 0x00007ffe300ea000 	C:\WINDOWS\SYSTEM32\VERSION.dll
0x00007ffe38280000 - 0x00007ffe382b0000 	C:\WINDOWS\System32\IMM32.DLL
0x00007ffe1d430000 - 0x00007ffe1d43c000 	C:\Program Files\Java\jdk-19\bin\vcruntime140_1.dll
0x00007ffdfabf0000 - 0x00007ffdfac7e000 	C:\Program Files\Java\jdk-19\bin\msvcp140.dll
0x00007ffdacae0000 - 0x00007ffdad7a0000 	C:\Program Files\Java\jdk-19\bin\server\jvm.dll
0x00007ffde2120000 - 0x00007ffde2129000 	C:\WINDOWS\SYSTEM32\WSOCK32.dll
0x00007ffe2f5e0000 - 0x00007ffe2f607000 	C:\WINDOWS\SYSTEM32\WINMM.dll
0x00007ffe37d10000 - 0x00007ffe37d7b000 	C:\WINDOWS\System32\WS2_32.dll
0x00007ffe34400000 - 0x00007ffe34412000 	C:\WINDOWS\SYSTEM32\kernel.appcore.dll
0x00007ffe2f480000 - 0x00007ffe2f48a000 	C:\Program Files\Java\jdk-19\bin\jimage.dll
0x00007ffe26c60000 - 0x00007ffe26e44000 	C:\WINDOWS\SYSTEM32\DBGHELP.DLL
0x00007ffe21e10000 - 0x00007ffe21e44000 	C:\WINDOWS\SYSTEM32\dbgcore.DLL
0x00007ffe367a0000 - 0x00007ffe36822000 	C:\WINDOWS\System32\bcryptPrimitives.dll
0x00007ffe28a40000 - 0x00007ffe28a66000 	C:\Program Files\Java\jdk-19\bin\java.dll
0x00007ffe11280000 - 0x00007ffe11357000 	C:\Program Files\Java\jdk-19\bin\jsvml.dll
0x00007ffe383f0000 - 0x00007ffe38b34000 	C:\WINDOWS\System32\SHELL32.dll
0x00007ffe34600000 - 0x00007ffe34d93000 	C:\WINDOWS\SYSTEM32\windows.storage.dll
0x00007ffe37f20000 - 0x00007ffe38274000 	C:\WINDOWS\System32\combase.dll
0x00007ffe35f80000 - 0x00007ffe35fae000 	C:\WINDOWS\SYSTEM32\Wldp.dll
0x00007ffe37e70000 - 0x00007ffe37f1d000 	C:\WINDOWS\System32\SHCORE.dll
0x00007ffe38c90000 - 0x00007ffe38ce5000 	C:\WINDOWS\System32\shlwapi.dll
0x00007ffe36460000 - 0x00007ffe3647f000 	C:\WINDOWS\SYSTEM32\profapi.dll
0x00007ffe15030000 - 0x00007ffe15043000 	C:\Program Files\Java\jdk-19\bin\net.dll
0x00007ffe30310000 - 0x00007ffe3041a000 	C:\WINDOWS\SYSTEM32\WINHTTP.dll
0x00007ffe35ce0000 - 0x00007ffe35d4a000 	C:\WINDOWS\system32\mswsock.dll
0x00007ffe14f00000 - 0x00007ffe14f16000 	C:\Program Files\Java\jdk-19\bin\nio.dll
0x00007ffe14ee0000 - 0x00007ffe14ef8000 	C:\Program Files\Java\jdk-19\bin\zip.dll

dbghelp: loaded successfully - version: 4.0.5 - missing functions: none
symbol engine: initialized successfully - sym options: 0x614 - pdb path: .;C:\Program Files\Java\jdk-19\bin;C:\WINDOWS\SYSTEM32;C:\WINDOWS\WinSxS\amd64_microsoft.windows.common-controls_6595b64144ccf1df_6.0.19041.1110_none_60b5254171f9507e;C:\Program Files\Java\jdk-19\bin\server

VM Arguments:
jvm_args: -Dfile.encoding=UTF-8 -XX:+ShowCodeDetailsInExceptionMessages 
java_command: com.proyecto.pcstore.pcstore.PcstoreApplication
java_class_path (initial): D:\pc\CEV\Ejercicos\14-PROYECTO\API\pcstore\target\classes;C:\Users\pc\.m2\repository\org\springframework\security\spring-security-config\5.1.6.RELEASE\spring-security-config-5.1.6.RELEASE.jar;C:\Users\pc\.m2\repository\org\springframework\boot\spring-boot-starter-data-jpa\3.0.5\spring-boot-starter-data-jpa-3.0.5.jar;C:\Users\pc\.m2\repository\org\springframework\boot\spring-boot-starter-aop\3.0.5\spring-boot-starter-aop-3.0.5.jar;C:\Users\pc\.m2\repository\org\aspectj\aspectjweaver\1.9.19\aspectjweaver-1.9.19.jar;C:\Users\pc\.m2\repository\org\springframework\boot\spring-boot-starter-jdbc\3.0.5\spring-boot-starter-jdbc-3.0.5.jar;C:\Users\pc\.m2\repository\com\zaxxer\HikariCP\5.0.1\HikariCP-5.0.1.jar;C:\Users\pc\.m2\repository\org\springframework\spring-jdbc\6.0.7\spring-jdbc-6.0.7.jar;C:\Users\pc\.m2\repository\org\hibernate\orm\hibernate-core\6.1.7.Final\hibernate-core-6.1.7.Final.jar;C:\Users\pc\.m2\repository\jakarta\persistence\jakarta.persistence-api\3.1.0\jakarta.persistence-api-3.1.0.jar;C:\Users\pc\.m2\repository\jakarta\transaction\jakarta.transaction-api\2.0.1\jakarta.transaction-api-2.0.1.jar;C:\Users\pc\.m2\repository\org\jboss\logging\jboss-logging\3.5.0.Final\jboss-logging-3.5.0.Final.jar;C:\Users\pc\.m2\repository\org\hibernate\common\hibernate-commons-annotations\6.0.6.Final\hibernate-commons-annotations-6.0.6.Final.jar;C:\Users\pc\.m2\repository\org\jboss\jandex\2.4.2.Final\jandex-2.4.2.Final.jar;C:\Users\pc\.m2\repository\com\fasterxml\classmate\1.5.1\classmate-1.5.1.jar;C:\Users\pc\.m2\repository\net\bytebuddy\byte-buddy\1.12.23\byte-buddy-1.12.23.jar;C:\Users\pc\.m2\repository\org\glassfish\jaxb\jaxb-runtime\4.0.2\jaxb-runtime-4.0.2.jar;C:\Users\pc\.m2\repository\org\glassfish\jaxb\jaxb-core\4.0.2\jaxb-core-4.0.2.jar;C:\Users\pc\.m2\repository\org\eclipse\angus\angus-activation\2.0.0\angus-activation-2.0.0.jar;C:\Users\pc\.m2\repository\org\glassfish\jaxb\txw2\4.0.2\txw2-4.0.2.jar;C:\Users\pc\.m2\repository\com\sun\istack\istack-commons-runtime\4.1.1\istack-commons-runtime-4.1.1.jar;C:\Users\pc\.m2\repository\jakarta\inject\jakarta.inject-api\2.0.0\jakarta.inject-api-2.0.0.jar;C:\Users\pc\.m2\repository\org\antlr\antlr4-runtime\4.10.1\antlr4-runtime-4.10.1.jar;C:\Users\pc\.m2\repository\org\springframework\data\spring-data-jpa\3.0.4\spring-data-jpa-3.0.4.jar;C:\Users\pc\.m2\repository\org\springframework\data\spring-data-commons\3.0.4\spring-data-commons-3.0.4.jar;C:\Users\pc\.m2\repository\org\springframework\spring-orm\6.0.7\spring-orm-6.0.7.jar;C:\Users\pc\.m2\repository\org\springframework\spring-context\6.0.7\spring-context-6.0.7.jar;C:\Users\pc\.m2\repository\org\springframework\spring-tx\6.0.7\spring-tx-6.0.7.jar;C:\Users\pc\.m2\repository\org\springframework\spring-beans\6.0.7\spring-beans-6.0.7.jar;C:\Users\pc\.m2\repository\jakarta\annotation\jakarta.annotation-api\2.1.1\jakarta.annotation-api-2.1.1.jar;C:\Users\pc\.m2\repository\org\slf4j\slf4j-api\2.0.7\slf4j-api-2.0.7.jar;C:\Users\pc\.m2\repository\org\springframework\spring-aspects\6.0.7\spring-aspects-6.0.7.jar;C:\Users\pc\.m2\repository\org\springframework\boot\spring-boot-starter-web\3.0.5\spring-boot-starter-web-3.0.5.jar;C:\Users\pc\.m2\repository\org\springframework\boot\spring-boot-starter\3.0.5\spring-boot-starter-3.0.5.jar;C:\Users\pc\.m2\repository\org\springframework\boot\spring-boot\3.0.5\spring-boot-3.0.5.jar;C:\Users\pc\.m2\repository\org\springframework\boot\spring-boot-autoconfigure\3.0.5\spring-boot-autoconfigure-3.0.5.jar;C:\Users\pc\.m2\repository\org\springframework\boot\spring-boot-starter-logging\3.0.5\spring-boot-starter-logging-3.0.5.jar;C:\Users\pc\.m2\repository\ch\qos\logback\logback-classic\1.4.6\logback-classic-1.4.6.jar;C:\Users\pc\.m2\repository\ch\qos\logback\logback-core\1.4.6\logback-core-1.4.6.jar;C:\Users\pc\.m2\repository\org\apache\logging\log4j\log4j-to-slf4j\2.19.0\log4j-to-slf4j-2.19.0.jar;C:\Users\pc\.m2\repository\org\apache\logging\log4j\log4j-api\2.19.0\log4j-api-2.19.0.jar;C:\Users\pc\.m2\repository\org\slf4j\jul-to-slf4j\2.0.7\jul-to-slf4j-2.0.7.jar;C:\Users\pc\.m2\repository\org\yaml\snakeyaml\1.33\snakeyaml-1.33.jar;C:\Users\pc\.m2\repository\org\springframework\boot\spring-boot-starter-json\3.0.5\spring-boot-starter-json-3.0.5.jar;C:\Users\pc\.m2\repository\com\fasterxml\jackson\core\jackson-databind\2.14.2\jackson-databind-2.14.2.jar;C:\Users\pc\.m2\repository\com\fasterxml\jackson\core\jackson-annotations\2.14.2\jackson-annotations-2.14.2.jar;C:\Users\pc\.m2\repository\com\fasterxml\jackson\core\jackson-core\2.14.2\jackson-core-2.14.2.jar;C:\Users\pc\.m2\repository\com\fasterxml\jackson\datatype\jackson-datatype-jdk8\2.14.2\jackson-datatype-jdk8-2.14.2.jar;C:\Users\pc\.m2\repository\com\fasterxml\jackson\datatype\jackson-datatype-jsr310\2.14.2\jackson-datatype-jsr310-2.14.2.jar;C:\Users\pc\.m2\repository\com\fasterxml\jackson\module\jackson-module-parameter-names\2.14.2\jackson-module-parameter-names-2.14.2.jar;C:\Users\pc\.m2\repository\org\springframework\boot\spring-boot-starter-tomcat\3.0.5\spring-boot-starter-tomcat-3.0.5.jar;C:\Users\pc\.m2\repository\org\apache\tomcat\embed\tomcat-embed-core\10.1.7\tomcat-embed-core-10.1.7.jar;C:\Users\pc\.m2\repository\org\apache\tomcat\embed\tomcat-embed-el\10.1.7\tomcat-embed-el-10.1.7.jar;C:\Users\pc\.m2\repository\org\apache\tomcat\embed\tomcat-embed-websocket\10.1.7\tomcat-embed-websocket-10.1.7.jar;C:\Users\pc\.m2\repository\org\springframework\spring-web\6.0.7\spring-web-6.0.7.jar;C:\Users\pc\.m2\repository\io\micrometer\micrometer-observation\1.10.5\micrometer-observation-1.10.5.jar;C:\Users\pc\.m2\repository\io\micrometer\micrometer-commons\1.10.5\micrometer-commons-1.10.5.jar;C:\Users\pc\.m2\repository\org\springframework\spring-webmvc\6.0.7\spring-webmvc-6.0.7.jar;C:\Users\pc\.m2\repository\org\springframework\spring-expression\6.0.7\spring-expression-6.0.7.jar;C:\Users\pc\.m2\repository\jakarta\xml\bind\jakarta.xml.bind-api\4.0.0\jakarta.xml.bind-api-4.0.0.jar;C:\Users\pc\.m2\repository\jakarta\activation\jakarta.activation-api\2.1.1\jakarta.activation-api-2.1.1.jar;C:\Users\pc\.m2\repository\org\springframework\spring-core\6.0.7\spring-core-6.0.7.jar;C:\Users\pc\.m2\repository\org\springframework\spring-jcl\6.0.7\spring-jcl-6.0.7.jar;C:\Users\pc\.m2\repository\com\h2database\h2\2.1.214\h2-2.1.214.jar;C:\Users\pc\.m2\repository\org\springframework\boot\spring-boot-starter-security\3.0.5\spring-boot-starter-security-3.0.5.jar;C:\Users\pc\.m2\repository\org\springframework\spring-aop\6.0.7\spring-aop-6.0.7.jar;C:\Users\pc\.m2\repository\org\springframework\security\spring-security-config\6.0.2\spring-security-config-6.0.2.jar;C:\Users\pc\.m2\repository\org\springframework\security\spring-security-core\6.0.2\spring-security-core-6.0.2.jar;C:\Users\pc\.m2\repository\org\springframework\security\spring-security-crypto\6.0.2\spring-security-crypto-6.0.2.jar;C:\Users\pc\.m2\repository\org\springframework\security\spring-security-web\6.0.2\spring-security-web-6.0.2.jar
Launcher Type: SUN_STANDARD

[Global flags]
     intx CICompilerCount                          = 3                                         {product} {ergonomic}
     uint ConcGCThreads                            = 2                                         {product} {ergonomic}
     uint G1ConcRefinementThreads                  = 6                                         {product} {ergonomic}
   size_t G1HeapRegionSize                         = 2097152                                   {product} {ergonomic}
    uintx GCDrainStackTargetSize                   = 64                                        {product} {ergonomic}
   size_t InitialHeapSize                          = 268435456                                 {product} {ergonomic}
   size_t MarkStackSize                            = 4194304                                   {product} {ergonomic}
   size_t MaxHeapSize                              = 4282384384                                {product} {ergonomic}
   size_t MaxNewSize                               = 2569011200                                {product} {ergonomic}
   size_t MinHeapDeltaBytes                        = 2097152                                   {product} {ergonomic}
   size_t MinHeapSize                              = 8388608                                   {product} {ergonomic}
    uintx NonNMethodCodeHeapSize                   = 5832780                                {pd product} {ergonomic}
    uintx NonProfiledCodeHeapSize                  = 122912730                              {pd product} {ergonomic}
    uintx ProfiledCodeHeapSize                     = 122912730                              {pd product} {ergonomic}
    uintx ReservedCodeCacheSize                    = 251658240                              {pd product} {ergonomic}
     bool SegmentedCodeCache                       = true                                      {product} {ergonomic}
     bool ShowCodeDetailsInExceptionMessages       = true                                   {manageable} {command line}
   size_t SoftMaxHeapSize                          = 4282384384                             {manageable} {ergonomic}
     bool UseCompressedClassPointers               = true                           {product lp64_product} {ergonomic}
     bool UseCompressedOops                        = true                           {product lp64_product} {ergonomic}
     bool UseG1GC                                  = true                                      {product} {ergonomic}
     bool UseLargePagesIndividualAllocation        = false                                  {pd product} {ergonomic}

Logging:
Log output configuration:
 #0: stdout all=warning uptime,level,tags foldmultilines=false
 #1: stderr all=off uptime,level,tags foldmultilines=false

Environment Variables:
JAVA_HOME=C:\Program Files\Java\jdk-19
PATH=C:/Program Files/Java/jdk-19/bin/server;C:/Program Files/Java/jdk-19/bin;C:\Program Files\Java\jdk-19\bin;C:\Program Files\Common Files\Oracle\Java\javapath;C:\WINDOWS\system32;C:\WINDOWS;C:\WINDOWS\System32\Wbem;C:\WINDOWS\System32\WindowsPowerShell\v1.0\;C:\WINDOWS\System32\OpenSSH\;C:\Program Files\AutoFirma\AutoFirma;C:\Program Files\jdk-16.0.2\bin;C:\Program Files (x86)\dotnet\;C:\Program Files\Common Files\Autodesk Shared\;C:\Program Files\Microsoft SQL Server\120\Tools\Binn\;C:\Program Files (x86)\NVIDIA Corporation\PhysX\Common;C:\Program Files\NVIDIA Corporation\NVIDIA NvDLISR;C:\Program Files (x86)\GtkSharp\2.12\bin;C:\apache-maven-3.8.7\bin;C:\Program Files\nodejs\;C:\Program Files\PowerShell\7-preview\preview;C:\Program Files\PowerShell\7\;C:\Users\pc\AppData\Local\Microsoft\WindowsApps;C:\Program Files (x86)\Brackets\;C:\Users\pc\AppData\Local\Programs\Microsoft VS Code\bin;C:\Users\pc\AppData\Roaming\npm;C:\Users\pc\eclipse\java-2022-122\eclipse;
USERNAME=pc
OS=Windows_NT
PROCESSOR_IDENTIFIER=Intel64 Family 6 Model 158 Stepping 10, GenuineIntel
TMP=C:\Users\pc\AppData\Local\Temp
TEMP=C:\Users\pc\AppData\Local\Temp



---------------  S Y S T E M  ---------------

OS:
 Windows 10 , 64 bit Build 19041 (10.0.19041.2788)
OS uptime: 0 days 2:12 hours

CPU: total 6 (initial active 6) (6 cores per cpu, 1 threads per core) family 6 model 158 stepping 10 microcode 0xb4, cx8, cmov, fxsr, mmx, 3dnowpref, sse, sse2, sse3, ssse3, sse4.1, sse4.2, popcnt, lzcnt, tsc, tscinvbit, avx, avx2, aes, erms, clmul, bmi1, bmi2, adx, fma, vzeroupper, clflush, clflushopt, rdtscp

Memory: 4k page, system-wide physical 16328M (3331M free)
TotalPageFile size 16328M (AvailPageFile size 3M)
current process WorkingSet (physical memory assigned to process): 48M, peak: 48M
current process commit charge ("private bytes"): 346M, peak: 347M

vm_info: Java HotSpot(TM) 64-Bit Server VM (19.0.2+7-44) for windows-amd64 JRE (19.0.2+7-44), built on 2022-11-30T18:02:09Z by "mach5one" with MS VC++ 17.1 (VS2022)

END.
